<html>
<head>
<title>TestNG:  TC_Services_Netflow</title>
<link href="../testng.css" rel="stylesheet" type="text/css" />
<link href="../my-testng.css" rel="stylesheet" type="text/css" />

<style type="text/css">
.log { display: none;} 
.stack-trace { display: none;} 
</style>
<script type="text/javascript">
<!--
function flip(e) {
  current = e.style.display;
  if (current == 'block') {
    e.style.display = 'none';
    return 0;
  }
  else {
    e.style.display = 'block';
    return 1;
  }
}

function toggleBox(szDivId, elem, msg1, msg2)
{
  var res = -1;  if (document.getElementById) {
    res = flip(document.getElementById(szDivId));
  }
  else if (document.all) {
    // this is the way old msie versions work
    res = flip(document.all[szDivId]);
  }
  if(elem) {
    if(res == 0) elem.innerHTML = msg1; else elem.innerHTML = msg2;
  }

}

function toggleAllBoxes() {
  if (document.getElementsByTagName) {
    d = document.getElementsByTagName('div');
    for (i = 0; i < d.length; i++) {
      if (d[i].className == 'log') {
        flip(d[i]);
      }
    }
  }
}

// -->
</script>

</head>
<body>
<h2 align='center'>TC_Services_Netflow</h2><table border='1' align="center">
<tr>
<td>Tests passed/Failed/Skipped:</td><td>7/4/0</td>
</tr><tr>
<td>Started on:</td><td>Wed Mar 25 09:44:58 PDT 2015</td>
</tr>
<tr><td>Total time:</td><td>692 seconds (692903 ms)</td>
</tr><tr>
<td>Included groups:</td><td></td>
</tr><tr>
<td>Excluded groups:</td><td></td>
</tr>
</table><p/>
<small><i>(Hover the method name to see the test class name)</i></small><p/>
<table width='100%' border='1' class='invocation-failed'>
<tr><td colspan='4' align='center'><b>FAILED TESTS</b></td></tr>
<tr><td><b>Test method</b></td>
<td width="30%"><b>Exception</b></td>
<td width="10%"><b>Time (seconds)</b></td>
<td><b>Instance</b></td>
</tr>
<tr>
<td title='com.xirrus.xms.TS_Array_Services.TC_Services_Netflow.testCase_verifyNetflowCollectorHostFieldValidation()'><b>testCase_verifyNetflowCollectorHostFieldValidation</b><br>Test class: com.xirrus.xms.TS_Array_Services.TC_Services_Netflow</td>
<td><div><pre>java.lang.AssertionError: FAIL- Verification Failed!!!NetflowHostInvalidNameWarning-TC_Services_Netflow-testCase_verifyNetflowCollectorHostFieldValidation
	at com.xirrus.xms.locallib.LocalLib.verifyStringequals(LocalLib.java:128)
	at com.xirrus.xms.TS_Array_Services.TC_Services_Netflow.testCase_verifyNetflowCollectorHostFieldValidation(TC_Services_Netflow.java:650)
... Removed 26 stack frames</pre></div><a href='#' onClick='toggleBox("stack-trace360881405", this, "Click to show all stack frames", "Click to hide stack frames")'>Click to show all stack frames</a>
<div class='stack-trace' id='stack-trace360881405'><pre>java.lang.AssertionError: FAIL- Verification Failed!!!NetflowHostInvalidNameWarning-TC_Services_Netflow-testCase_verifyNetflowCollectorHostFieldValidation
	at org.testng.Assert.fail(Assert.java:89)
	at com.xirrus.xms.locallib.LocalLib.verifyStringequals(LocalLib.java:128)
	at com.xirrus.xms.TS_Array_Services.TC_Services_Netflow.testCase_verifyNetflowCollectorHostFieldValidation(TC_Services_Netflow.java:650)
	at sun.reflect.NativeMethodAccessorImpl.invoke0(Native Method)
	at sun.reflect.NativeMethodAccessorImpl.invoke(NativeMethodAccessorImpl.java:57)
	at sun.reflect.DelegatingMethodAccessorImpl.invoke(DelegatingMethodAccessorImpl.java:43)
	at java.lang.reflect.Method.invoke(Method.java:606)
	at org.testng.internal.MethodInvocationHelper.invokeMethod(MethodInvocationHelper.java:74)
	at org.testng.internal.Invoker.invokeMethod(Invoker.java:673)
	at org.testng.internal.Invoker.invokeTestMethod(Invoker.java:846)
	at org.testng.internal.Invoker.invokeTestMethods(Invoker.java:1170)
	at org.testng.internal.TestMethodWorker.invokeTestMethods(TestMethodWorker.java:125)
	at org.testng.internal.TestMethodWorker.run(TestMethodWorker.java:109)
	at org.testng.TestRunner.runWorkers(TestRunner.java:1125)
	at org.testng.TestRunner.privateRun(TestRunner.java:749)
	at org.testng.TestRunner.run(TestRunner.java:600)
	at org.testng.SuiteRunner.runTest(SuiteRunner.java:317)
	at org.testng.SuiteRunner.runSequentially(SuiteRunner.java:312)
	at org.testng.SuiteRunner.privateRun(SuiteRunner.java:274)
	at org.testng.SuiteRunner.run(SuiteRunner.java:223)
	at org.testng.SuiteRunnerWorker.runSuite(SuiteRunnerWorker.java:52)
	at org.testng.SuiteRunnerWorker.run(SuiteRunnerWorker.java:86)
	at org.testng.TestNG.runSuitesSequentially(TestNG.java:965)
	at org.testng.TestNG.runSuitesSequentially(TestNG.java:961)
	at org.testng.TestNG.runSuitesLocally(TestNG.java:890)
	at org.testng.TestNG.run(TestNG.java:824)
	at org.testng.TestNG.privateMain(TestNG.java:1128)
	at org.testng.TestNG.main(TestNG.java:1092)
</pre></div></td>
<td>122</td>
<td>com.xirrus.xms.TS_Array_Services.TC_Services_Netflow@37fcdbc5</td></tr>
<tr>
<td title='com.xirrus.xms.TS_Array_Services.TC_Services_Netflow.testCase_verifyNetflowCollectorPortFieldValidation()'><b>testCase_verifyNetflowCollectorPortFieldValidation</b><br>Test class: com.xirrus.xms.TS_Array_Services.TC_Services_Netflow</td>
<td><div><pre>java.lang.AssertionError: FAIL- Verification Failed!!!NetflowPortEmptyWarning-TC_Services_Netflow-testCase_verifyNetflowCollectorPortFieldValidation
	at com.xirrus.xms.locallib.LocalLib.verifyStringequals(LocalLib.java:128)
	at com.xirrus.xms.TS_Array_Services.TC_Services_Netflow.testCase_verifyNetflowCollectorPortFieldValidation(TC_Services_Netflow.java:731)
... Removed 26 stack frames</pre></div><a href='#' onClick='toggleBox("stack-trace1658082991", this, "Click to show all stack frames", "Click to hide stack frames")'>Click to show all stack frames</a>
<div class='stack-trace' id='stack-trace1658082991'><pre>java.lang.AssertionError: FAIL- Verification Failed!!!NetflowPortEmptyWarning-TC_Services_Netflow-testCase_verifyNetflowCollectorPortFieldValidation
	at org.testng.Assert.fail(Assert.java:89)
	at com.xirrus.xms.locallib.LocalLib.verifyStringequals(LocalLib.java:128)
	at com.xirrus.xms.TS_Array_Services.TC_Services_Netflow.testCase_verifyNetflowCollectorPortFieldValidation(TC_Services_Netflow.java:731)
	at sun.reflect.NativeMethodAccessorImpl.invoke0(Native Method)
	at sun.reflect.NativeMethodAccessorImpl.invoke(NativeMethodAccessorImpl.java:57)
	at sun.reflect.DelegatingMethodAccessorImpl.invoke(DelegatingMethodAccessorImpl.java:43)
	at java.lang.reflect.Method.invoke(Method.java:606)
	at org.testng.internal.MethodInvocationHelper.invokeMethod(MethodInvocationHelper.java:74)
	at org.testng.internal.Invoker.invokeMethod(Invoker.java:673)
	at org.testng.internal.Invoker.invokeTestMethod(Invoker.java:846)
	at org.testng.internal.Invoker.invokeTestMethods(Invoker.java:1170)
	at org.testng.internal.TestMethodWorker.invokeTestMethods(TestMethodWorker.java:125)
	at org.testng.internal.TestMethodWorker.run(TestMethodWorker.java:109)
	at org.testng.TestRunner.runWorkers(TestRunner.java:1125)
	at org.testng.TestRunner.privateRun(TestRunner.java:749)
	at org.testng.TestRunner.run(TestRunner.java:600)
	at org.testng.SuiteRunner.runTest(SuiteRunner.java:317)
	at org.testng.SuiteRunner.runSequentially(SuiteRunner.java:312)
	at org.testng.SuiteRunner.privateRun(SuiteRunner.java:274)
	at org.testng.SuiteRunner.run(SuiteRunner.java:223)
	at org.testng.SuiteRunnerWorker.runSuite(SuiteRunnerWorker.java:52)
	at org.testng.SuiteRunnerWorker.run(SuiteRunnerWorker.java:86)
	at org.testng.TestNG.runSuitesSequentially(TestNG.java:965)
	at org.testng.TestNG.runSuitesSequentially(TestNG.java:961)
	at org.testng.TestNG.runSuitesLocally(TestNG.java:890)
	at org.testng.TestNG.run(TestNG.java:824)
	at org.testng.TestNG.privateMain(TestNG.java:1128)
	at org.testng.TestNG.main(TestNG.java:1092)
</pre></div></td>
<td>108</td>
<td>com.xirrus.xms.TS_Array_Services.TC_Services_Netflow@37fcdbc5</td></tr>
<tr>
<td title='com.xirrus.xms.TS_Array_Services.TC_Services_Netflow.testCase_verifyNetflowDefaultVersion()'><b>testCase_verifyNetflowDefaultVersion</b><br>Test class: com.xirrus.xms.TS_Array_Services.TC_Services_Netflow</td>
<td><div><pre>java.lang.AssertionError: FAIL- Verification Failed!!!NetflowState-TC_Services_Netflow-testCase_verifyNetflowDefaultVersion
	at com.xirrus.xms.locallib.LocalLib.verifyStringequals(LocalLib.java:128)
	at com.xirrus.xms.TS_Array_Services.TC_Services_Netflow.testCase_verifyNetflowDefaultVersion(TC_Services_Netflow.java:99)
... Removed 26 stack frames</pre></div><a href='#' onClick='toggleBox("stack-trace1497002259", this, "Click to show all stack frames", "Click to hide stack frames")'>Click to show all stack frames</a>
<div class='stack-trace' id='stack-trace1497002259'><pre>java.lang.AssertionError: FAIL- Verification Failed!!!NetflowState-TC_Services_Netflow-testCase_verifyNetflowDefaultVersion
	at org.testng.Assert.fail(Assert.java:89)
	at com.xirrus.xms.locallib.LocalLib.verifyStringequals(LocalLib.java:128)
	at com.xirrus.xms.TS_Array_Services.TC_Services_Netflow.testCase_verifyNetflowDefaultVersion(TC_Services_Netflow.java:99)
	at sun.reflect.NativeMethodAccessorImpl.invoke0(Native Method)
	at sun.reflect.NativeMethodAccessorImpl.invoke(NativeMethodAccessorImpl.java:57)
	at sun.reflect.DelegatingMethodAccessorImpl.invoke(DelegatingMethodAccessorImpl.java:43)
	at java.lang.reflect.Method.invoke(Method.java:606)
	at org.testng.internal.MethodInvocationHelper.invokeMethod(MethodInvocationHelper.java:74)
	at org.testng.internal.Invoker.invokeMethod(Invoker.java:673)
	at org.testng.internal.Invoker.invokeTestMethod(Invoker.java:846)
	at org.testng.internal.Invoker.invokeTestMethods(Invoker.java:1170)
	at org.testng.internal.TestMethodWorker.invokeTestMethods(TestMethodWorker.java:125)
	at org.testng.internal.TestMethodWorker.run(TestMethodWorker.java:109)
	at org.testng.TestRunner.runWorkers(TestRunner.java:1125)
	at org.testng.TestRunner.privateRun(TestRunner.java:749)
	at org.testng.TestRunner.run(TestRunner.java:600)
	at org.testng.SuiteRunner.runTest(SuiteRunner.java:317)
	at org.testng.SuiteRunner.runSequentially(SuiteRunner.java:312)
	at org.testng.SuiteRunner.privateRun(SuiteRunner.java:274)
	at org.testng.SuiteRunner.run(SuiteRunner.java:223)
	at org.testng.SuiteRunnerWorker.runSuite(SuiteRunnerWorker.java:52)
	at org.testng.SuiteRunnerWorker.run(SuiteRunnerWorker.java:86)
	at org.testng.TestNG.runSuitesSequentially(TestNG.java:965)
	at org.testng.TestNG.runSuitesSequentially(TestNG.java:961)
	at org.testng.TestNG.runSuitesLocally(TestNG.java:890)
	at org.testng.TestNG.run(TestNG.java:824)
	at org.testng.TestNG.privateMain(TestNG.java:1128)
	at org.testng.TestNG.main(TestNG.java:1092)
</pre></div></td>
<td>39</td>
<td>com.xirrus.xms.TS_Array_Services.TC_Services_Netflow@37fcdbc5</td></tr>
<tr>
<td title='com.xirrus.xms.TS_Array_Services.TC_Services_Netflow.testCase_verifyNetflowDisable()'><b>testCase_verifyNetflowDisable</b><br>Test class: com.xirrus.xms.TS_Array_Services.TC_Services_Netflow</td>
<td><div><pre>java.lang.AssertionError: FAIL- Verification Failed!!!NetflowState-TC_Services_Netflow-testCase_verifyNetflowDisable
	at com.xirrus.xms.locallib.LocalLib.verifyStringequals(LocalLib.java:128)
	at com.xirrus.xms.TS_Array_Services.TC_Services_Netflow.testCase_verifyNetflowDisable(TC_Services_Netflow.java:867)
... Removed 26 stack frames</pre></div><a href='#' onClick='toggleBox("stack-trace435912073", this, "Click to show all stack frames", "Click to hide stack frames")'>Click to show all stack frames</a>
<div class='stack-trace' id='stack-trace435912073'><pre>java.lang.AssertionError: FAIL- Verification Failed!!!NetflowState-TC_Services_Netflow-testCase_verifyNetflowDisable
	at org.testng.Assert.fail(Assert.java:89)
	at com.xirrus.xms.locallib.LocalLib.verifyStringequals(LocalLib.java:128)
	at com.xirrus.xms.TS_Array_Services.TC_Services_Netflow.testCase_verifyNetflowDisable(TC_Services_Netflow.java:867)
	at sun.reflect.NativeMethodAccessorImpl.invoke0(Native Method)
	at sun.reflect.NativeMethodAccessorImpl.invoke(NativeMethodAccessorImpl.java:57)
	at sun.reflect.DelegatingMethodAccessorImpl.invoke(DelegatingMethodAccessorImpl.java:43)
	at java.lang.reflect.Method.invoke(Method.java:606)
	at org.testng.internal.MethodInvocationHelper.invokeMethod(MethodInvocationHelper.java:74)
	at org.testng.internal.Invoker.invokeMethod(Invoker.java:673)
	at org.testng.internal.Invoker.invokeTestMethod(Invoker.java:846)
	at org.testng.internal.Invoker.invokeTestMethods(Invoker.java:1170)
	at org.testng.internal.TestMethodWorker.invokeTestMethods(TestMethodWorker.java:125)
	at org.testng.internal.TestMethodWorker.run(TestMethodWorker.java:109)
	at org.testng.TestRunner.runWorkers(TestRunner.java:1125)
	at org.testng.TestRunner.privateRun(TestRunner.java:749)
	at org.testng.TestRunner.run(TestRunner.java:600)
	at org.testng.SuiteRunner.runTest(SuiteRunner.java:317)
	at org.testng.SuiteRunner.runSequentially(SuiteRunner.java:312)
	at org.testng.SuiteRunner.privateRun(SuiteRunner.java:274)
	at org.testng.SuiteRunner.run(SuiteRunner.java:223)
	at org.testng.SuiteRunnerWorker.runSuite(SuiteRunnerWorker.java:52)
	at org.testng.SuiteRunnerWorker.run(SuiteRunnerWorker.java:86)
	at org.testng.TestNG.runSuitesSequentially(TestNG.java:965)
	at org.testng.TestNG.runSuitesSequentially(TestNG.java:961)
	at org.testng.TestNG.runSuitesLocally(TestNG.java:890)
	at org.testng.TestNG.run(TestNG.java:824)
	at org.testng.TestNG.privateMain(TestNG.java:1128)
	at org.testng.TestNG.main(TestNG.java:1092)
</pre></div></td>
<td>159</td>
<td>com.xirrus.xms.TS_Array_Services.TC_Services_Netflow@37fcdbc5</td></tr>
</table><p>
<table width='100%' border='1' class='invocation-passed'>
<tr><td colspan='4' align='center'><b>PASSED TESTS</b></td></tr>
<tr><td><b>Test method</b></td>
<td width="30%"><b>Exception</b></td>
<td width="10%"><b>Time (seconds)</b></td>
<td><b>Instance</b></td>
</tr>
<tr>
<td title='com.xirrus.xms.TS_Array_Services.TC_Services_Netflow.testCase_verifyNetflowCollectorHostEdit()'><b>testCase_verifyNetflowCollectorHostEdit</b><br>Test class: com.xirrus.xms.TS_Array_Services.TC_Services_Netflow</td>
<td></td>
<td>10</td>
<td>com.xirrus.xms.TS_Array_Services.TC_Services_Netflow@37fcdbc5</td></tr>
<tr>
<td title='com.xirrus.xms.TS_Array_Services.TC_Services_Netflow.testCase_verifyNetflowCollectorPortEdit()'><b>testCase_verifyNetflowCollectorPortEdit</b><br>Test class: com.xirrus.xms.TS_Array_Services.TC_Services_Netflow</td>
<td></td>
<td>9</td>
<td>com.xirrus.xms.TS_Array_Services.TC_Services_Netflow@37fcdbc5</td></tr>
<tr>
<td title='com.xirrus.xms.TS_Array_Services.TC_Services_Netflow.testCase_verifyNetflowDefaultCollectorHost()'><b>testCase_verifyNetflowDefaultCollectorHost</b><br>Test class: com.xirrus.xms.TS_Array_Services.TC_Services_Netflow</td>
<td></td>
<td>83</td>
<td>com.xirrus.xms.TS_Array_Services.TC_Services_Netflow@37fcdbc5</td></tr>
<tr>
<td title='com.xirrus.xms.TS_Array_Services.TC_Services_Netflow.testCase_verifyNetflowDefaultCollectorPort()'><b>testCase_verifyNetflowDefaultCollectorPort</b><br>Test class: com.xirrus.xms.TS_Array_Services.TC_Services_Netflow</td>
<td></td>
<td>28</td>
<td>com.xirrus.xms.TS_Array_Services.TC_Services_Netflow@37fcdbc5</td></tr>
<tr>
<td title='com.xirrus.xms.TS_Array_Services.TC_Services_Netflow.testCase_verifyNetflowVersionIPFIX()'><b>testCase_verifyNetflowVersionIPFIX</b><br>Test class: com.xirrus.xms.TS_Array_Services.TC_Services_Netflow</td>
<td></td>
<td>44</td>
<td>com.xirrus.xms.TS_Array_Services.TC_Services_Netflow@37fcdbc5</td></tr>
<tr>
<td title='com.xirrus.xms.TS_Array_Services.TC_Services_Netflow.testCase_verifyNetflowVersionV5()'><b>testCase_verifyNetflowVersionV5</b><br>Test class: com.xirrus.xms.TS_Array_Services.TC_Services_Netflow</td>
<td></td>
<td>45</td>
<td>com.xirrus.xms.TS_Array_Services.TC_Services_Netflow@37fcdbc5</td></tr>
<tr>
<td title='com.xirrus.xms.TS_Array_Services.TC_Services_Netflow.testCase_verifyNetflowVersionV6()'><b>testCase_verifyNetflowVersionV6</b><br>Test class: com.xirrus.xms.TS_Array_Services.TC_Services_Netflow</td>
<td></td>
<td>41</td>
<td>com.xirrus.xms.TS_Array_Services.TC_Services_Netflow@37fcdbc5</td></tr>
</table><p>
</body>
</html>