<html>
<head>
<title>TestNG:  TC_Services_WiFiTag</title>
<link href="../testng.css" rel="stylesheet" type="text/css" />
<link href="../my-testng.css" rel="stylesheet" type="text/css" />

<style type="text/css">
.log { display: none;} 
.stack-trace { display: none;} 
</style>
<script type="text/javascript">
<!--
function flip(e) {
  current = e.style.display;
  if (current == 'block') {
    e.style.display = 'none';
    return 0;
  }
  else {
    e.style.display = 'block';
    return 1;
  }
}

function toggleBox(szDivId, elem, msg1, msg2)
{
  var res = -1;  if (document.getElementById) {
    res = flip(document.getElementById(szDivId));
  }
  else if (document.all) {
    // this is the way old msie versions work
    res = flip(document.all[szDivId]);
  }
  if(elem) {
    if(res == 0) elem.innerHTML = msg1; else elem.innerHTML = msg2;
  }

}

function toggleAllBoxes() {
  if (document.getElementsByTagName) {
    d = document.getElementsByTagName('div');
    for (i = 0; i < d.length; i++) {
      if (d[i].className == 'log') {
        flip(d[i]);
      }
    }
  }
}

// -->
</script>

</head>
<body>
<h2 align='center'>TC_Services_WiFiTag</h2><table border='1' align="center">
<tr>
<td>Tests passed/Failed/Skipped:</td><td>9/2/0</td>
</tr><tr>
<td>Started on:</td><td>Wed Mar 25 09:56:31 PDT 2015</td>
</tr>
<tr><td>Total time:</td><td>363 seconds (363756 ms)</td>
</tr><tr>
<td>Included groups:</td><td></td>
</tr><tr>
<td>Excluded groups:</td><td></td>
</tr>
</table><p/>
<small><i>(Hover the method name to see the test class name)</i></small><p/>
<table width='100%' border='1' class='invocation-failed'>
<tr><td colspan='4' align='center'><b>FAILED TESTS</b></td></tr>
<tr><td><b>Test method</b></td>
<td width="30%"><b>Exception</b></td>
<td width="10%"><b>Time (seconds)</b></td>
<td><b>Instance</b></td>
</tr>
<tr>
<td title='com.xirrus.xms.TS_Array_Services.TC_Services_WiFiTag.testCase_verifyWiFiTagChannelValueEdit()'><b>testCase_verifyWiFiTagChannelValueEdit</b><br>Test class: com.xirrus.xms.TS_Array_Services.TC_Services_WiFiTag</td>
<td><div><pre>org.openqa.selenium.StaleElementReferenceException: stale element reference: element is not attached to the page document
  (Session info: chrome=41.0.2272.101)
  (Driver info: chromedriver=2.13.307647 (5a7d0541ebc58e69994a6fb2ed930f45261f3c29),platform=Windows NT 6.1 SP1 x86_64) (WARNING: The server did not provide any stacktrace information)
Command duration or timeout: 11 milliseconds
For documentation on this error, please visit: http://seleniumhq.org/exceptions/stale_element_reference.html
Build info: version: &apos;2.40.0&apos;, revision: &apos;fbe29a9&apos;, time: &apos;2014-02-19 20:55:11&apos;
System info: host: &apos;ANasser-8470p&apos;, ip: &apos;10.100.23.51&apos;, os.name: &apos;Windows 7&apos;, os.arch: &apos;amd64&apos;, os.version: &apos;6.1&apos;, java.version: &apos;1.7.0_60&apos;
Session ID: 0678b768a48f09a57f764d706ad886d1
Driver info: org.openqa.selenium.chrome.ChromeDriver
Capabilities [{platform=XP, acceptSslCerts=true, javascriptEnabled=true, browserName=chrome, chrome={userDataDir=C:\Users\KARTIK~1.AIY\AppData\Local\Temp\scoped_dir71884_29411}, rotatable=false, locationContextEnabled=true, mobileEmulationEnabled=false, version=41.0.2272.101, takesHeapSnapshot=true, cssSelectorsEnabled=true, databaseEnabled=false, handlesAlerts=true, browserConnectionEnabled=false, nativeEvents=true, webStorageEnabled=true, applicationCacheEnabled=false, takesScreenshot=true}]
	at org.openqa.selenium.remote.ErrorHandler.createThrowable(ErrorHandler.java:193)
	at org.openqa.selenium.remote.ErrorHandler.throwIfResponseFailed(ErrorHandler.java:145)
	at org.openqa.selenium.remote.RemoteWebDriver.execute(RemoteWebDriver.java:573)
	at org.openqa.selenium.remote.RemoteWebElement.execute(RemoteWebElement.java:268)
	at org.openqa.selenium.remote.RemoteWebElement.getAttribute(RemoteWebElement.java:123)
	at org.openqa.selenium.support.ui.Select.&lt;init&gt;(Select.java:51)
	at com.xirrus.xms.locallib.LocalLib.selectDropDown(LocalLib.java:273)
	at com.xirrus.xms.TS_Array_Services.TC_Services_WiFiTag.testCase_verifyWiFiTagChannelValueEdit(TC_Services_WiFiTag.java:470)
... Removed 28 stack frames</pre></div><a href='#' onClick='toggleBox("stack-trace38548380", this, "Click to show all stack frames", "Click to hide stack frames")'>Click to show all stack frames</a>
<div class='stack-trace' id='stack-trace38548380'><pre>org.openqa.selenium.StaleElementReferenceException: stale element reference: element is not attached to the page document
  (Session info: chrome=41.0.2272.101)
  (Driver info: chromedriver=2.13.307647 (5a7d0541ebc58e69994a6fb2ed930f45261f3c29),platform=Windows NT 6.1 SP1 x86_64) (WARNING: The server did not provide any stacktrace information)
Command duration or timeout: 11 milliseconds
For documentation on this error, please visit: http://seleniumhq.org/exceptions/stale_element_reference.html
Build info: version: '2.40.0', revision: 'fbe29a9', time: '2014-02-19 20:55:11'
System info: host: 'ANasser-8470p', ip: '10.100.23.51', os.name: 'Windows 7', os.arch: 'amd64', os.version: '6.1', java.version: '1.7.0_60'
Session ID: 0678b768a48f09a57f764d706ad886d1
Driver info: org.openqa.selenium.chrome.ChromeDriver
Capabilities [{platform=XP, acceptSslCerts=true, javascriptEnabled=true, browserName=chrome, chrome={userDataDir=C:\Users\KARTIK~1.AIY\AppData\Local\Temp\scoped_dir71884_29411}, rotatable=false, locationContextEnabled=true, mobileEmulationEnabled=false, version=41.0.2272.101, takesHeapSnapshot=true, cssSelectorsEnabled=true, databaseEnabled=false, handlesAlerts=true, browserConnectionEnabled=false, nativeEvents=true, webStorageEnabled=true, applicationCacheEnabled=false, takesScreenshot=true}]
	at sun.reflect.GeneratedConstructorAccessor57.newInstance(Unknown Source)
	at sun.reflect.DelegatingConstructorAccessorImpl.newInstance(DelegatingConstructorAccessorImpl.java:45)
	at java.lang.reflect.Constructor.newInstance(Constructor.java:526)
	at org.openqa.selenium.remote.ErrorHandler.createThrowable(ErrorHandler.java:193)
	at org.openqa.selenium.remote.ErrorHandler.throwIfResponseFailed(ErrorHandler.java:145)
	at org.openqa.selenium.remote.RemoteWebDriver.execute(RemoteWebDriver.java:573)
	at org.openqa.selenium.remote.RemoteWebElement.execute(RemoteWebElement.java:268)
	at org.openqa.selenium.remote.RemoteWebElement.getAttribute(RemoteWebElement.java:123)
	at org.openqa.selenium.support.ui.Select.&lt;init&gt;(Select.java:51)
	at com.xirrus.xms.locallib.LocalLib.selectDropDown(LocalLib.java:273)
	at com.xirrus.xms.TS_Array_Services.TC_Services_WiFiTag.testCase_verifyWiFiTagChannelValueEdit(TC_Services_WiFiTag.java:470)
	at sun.reflect.NativeMethodAccessorImpl.invoke0(Native Method)
	at sun.reflect.NativeMethodAccessorImpl.invoke(NativeMethodAccessorImpl.java:57)
	at sun.reflect.DelegatingMethodAccessorImpl.invoke(DelegatingMethodAccessorImpl.java:43)
	at java.lang.reflect.Method.invoke(Method.java:606)
	at org.testng.internal.MethodInvocationHelper.invokeMethod(MethodInvocationHelper.java:74)
	at org.testng.internal.Invoker.invokeMethod(Invoker.java:673)
	at org.testng.internal.Invoker.invokeTestMethod(Invoker.java:846)
	at org.testng.internal.Invoker.invokeTestMethods(Invoker.java:1170)
	at org.testng.internal.TestMethodWorker.invokeTestMethods(TestMethodWorker.java:125)
	at org.testng.internal.TestMethodWorker.run(TestMethodWorker.java:109)
	at org.testng.TestRunner.runWorkers(TestRunner.java:1125)
	at org.testng.TestRunner.privateRun(TestRunner.java:749)
	at org.testng.TestRunner.run(TestRunner.java:600)
	at org.testng.SuiteRunner.runTest(SuiteRunner.java:317)
	at org.testng.SuiteRunner.runSequentially(SuiteRunner.java:312)
	at org.testng.SuiteRunner.privateRun(SuiteRunner.java:274)
	at org.testng.SuiteRunner.run(SuiteRunner.java:223)
	at org.testng.SuiteRunnerWorker.runSuite(SuiteRunnerWorker.java:52)
	at org.testng.SuiteRunnerWorker.run(SuiteRunnerWorker.java:86)
	at org.testng.TestNG.runSuitesSequentially(TestNG.java:965)
	at org.testng.TestNG.runSuitesSequentially(TestNG.java:961)
	at org.testng.TestNG.runSuitesLocally(TestNG.java:890)
	at org.testng.TestNG.run(TestNG.java:824)
	at org.testng.TestNG.privateMain(TestNG.java:1128)
	at org.testng.TestNG.main(TestNG.java:1092)
</pre></div></td>
<td>3</td>
<td>com.xirrus.xms.TS_Array_Services.TC_Services_WiFiTag@7d1fa1ed</td></tr>
<tr>
<td title='com.xirrus.xms.TS_Array_Services.TC_Services_WiFiTag.testCase_verifyWiFiTagEkahauSrvrFieldValidation()'><b>testCase_verifyWiFiTagEkahauSrvrFieldValidation</b><br>Test class: com.xirrus.xms.TS_Array_Services.TC_Services_WiFiTag</td>
<td><div><pre>java.lang.AssertionError: FAIL- Verification Failed!!!EkahauSrvrInvalidHostNamewarning-TC_Services_WiFiTag-testCase_verifyWiFiTagEkahauSrvrFieldValidation
	at com.xirrus.xms.locallib.LocalLib.verifyStringequals(LocalLib.java:128)
	at com.xirrus.xms.TS_Array_Services.TC_Services_WiFiTag.testCase_verifyWiFiTagEkahauSrvrFieldValidation(TC_Services_WiFiTag.java:771)
... Removed 26 stack frames</pre></div><a href='#' onClick='toggleBox("stack-trace99439199", this, "Click to show all stack frames", "Click to hide stack frames")'>Click to show all stack frames</a>
<div class='stack-trace' id='stack-trace99439199'><pre>java.lang.AssertionError: FAIL- Verification Failed!!!EkahauSrvrInvalidHostNamewarning-TC_Services_WiFiTag-testCase_verifyWiFiTagEkahauSrvrFieldValidation
	at org.testng.Assert.fail(Assert.java:89)
	at com.xirrus.xms.locallib.LocalLib.verifyStringequals(LocalLib.java:128)
	at com.xirrus.xms.TS_Array_Services.TC_Services_WiFiTag.testCase_verifyWiFiTagEkahauSrvrFieldValidation(TC_Services_WiFiTag.java:771)
	at sun.reflect.NativeMethodAccessorImpl.invoke0(Native Method)
	at sun.reflect.NativeMethodAccessorImpl.invoke(NativeMethodAccessorImpl.java:57)
	at sun.reflect.DelegatingMethodAccessorImpl.invoke(DelegatingMethodAccessorImpl.java:43)
	at java.lang.reflect.Method.invoke(Method.java:606)
	at org.testng.internal.MethodInvocationHelper.invokeMethod(MethodInvocationHelper.java:74)
	at org.testng.internal.Invoker.invokeMethod(Invoker.java:673)
	at org.testng.internal.Invoker.invokeTestMethod(Invoker.java:846)
	at org.testng.internal.Invoker.invokeTestMethods(Invoker.java:1170)
	at org.testng.internal.TestMethodWorker.invokeTestMethods(TestMethodWorker.java:125)
	at org.testng.internal.TestMethodWorker.run(TestMethodWorker.java:109)
	at org.testng.TestRunner.runWorkers(TestRunner.java:1125)
	at org.testng.TestRunner.privateRun(TestRunner.java:749)
	at org.testng.TestRunner.run(TestRunner.java:600)
	at org.testng.SuiteRunner.runTest(SuiteRunner.java:317)
	at org.testng.SuiteRunner.runSequentially(SuiteRunner.java:312)
	at org.testng.SuiteRunner.privateRun(SuiteRunner.java:274)
	at org.testng.SuiteRunner.run(SuiteRunner.java:223)
	at org.testng.SuiteRunnerWorker.runSuite(SuiteRunnerWorker.java:52)
	at org.testng.SuiteRunnerWorker.run(SuiteRunnerWorker.java:86)
	at org.testng.TestNG.runSuitesSequentially(TestNG.java:965)
	at org.testng.TestNG.runSuitesSequentially(TestNG.java:961)
	at org.testng.TestNG.runSuitesLocally(TestNG.java:890)
	at org.testng.TestNG.run(TestNG.java:824)
	at org.testng.TestNG.privateMain(TestNG.java:1128)
	at org.testng.TestNG.main(TestNG.java:1092)
</pre></div></td>
<td>120</td>
<td>com.xirrus.xms.TS_Array_Services.TC_Services_WiFiTag@7d1fa1ed</td></tr>
</table><p>
<table width='100%' border='1' class='invocation-passed'>
<tr><td colspan='4' align='center'><b>PASSED TESTS</b></td></tr>
<tr><td><b>Test method</b></td>
<td width="30%"><b>Exception</b></td>
<td width="10%"><b>Time (seconds)</b></td>
<td><b>Instance</b></td>
</tr>
<tr>
<td title='com.xirrus.xms.TS_Array_Services.TC_Services_WiFiTag.testCase_verifyWiFiTagChannelDefaultValue()'><b>testCase_verifyWiFiTagChannelDefaultValue</b><br>Test class: com.xirrus.xms.TS_Array_Services.TC_Services_WiFiTag</td>
<td></td>
<td>6</td>
<td>com.xirrus.xms.TS_Array_Services.TC_Services_WiFiTag@7d1fa1ed</td></tr>
<tr>
<td title='com.xirrus.xms.TS_Array_Services.TC_Services_WiFiTag.testCase_verifyWiFiTagDefaultState()'><b>testCase_verifyWiFiTagDefaultState</b><br>Test class: com.xirrus.xms.TS_Array_Services.TC_Services_WiFiTag</td>
<td></td>
<td>7</td>
<td>com.xirrus.xms.TS_Array_Services.TC_Services_WiFiTag@7d1fa1ed</td></tr>
<tr>
<td title='com.xirrus.xms.TS_Array_Services.TC_Services_WiFiTag.testCase_verifyWiFiTagDefaultUDPPortValue()'><b>testCase_verifyWiFiTagDefaultUDPPortValue</b><br>Test class: com.xirrus.xms.TS_Array_Services.TC_Services_WiFiTag</td>
<td></td>
<td>6</td>
<td>com.xirrus.xms.TS_Array_Services.TC_Services_WiFiTag@7d1fa1ed</td></tr>
<tr>
<td title='com.xirrus.xms.TS_Array_Services.TC_Services_WiFiTag.testCase_verifyWiFiTagEkahauSrvrDefaultValue()'><b>testCase_verifyWiFiTagEkahauSrvrDefaultValue</b><br>Test class: com.xirrus.xms.TS_Array_Services.TC_Services_WiFiTag</td>
<td></td>
<td>6</td>
<td>com.xirrus.xms.TS_Array_Services.TC_Services_WiFiTag@7d1fa1ed</td></tr>
<tr>
<td title='com.xirrus.xms.TS_Array_Services.TC_Services_WiFiTag.testCase_verifyWiFiTagEkahauSrvrEdit()'><b>testCase_verifyWiFiTagEkahauSrvrEdit</b><br>Test class: com.xirrus.xms.TS_Array_Services.TC_Services_WiFiTag</td>
<td></td>
<td>38</td>
<td>com.xirrus.xms.TS_Array_Services.TC_Services_WiFiTag@7d1fa1ed</td></tr>
<tr>
<td title='com.xirrus.xms.TS_Array_Services.TC_Services_WiFiTag.testCase_verifyWiFiTagEnableState()'><b>testCase_verifyWiFiTagEnableState</b><br>Test class: com.xirrus.xms.TS_Array_Services.TC_Services_WiFiTag</td>
<td></td>
<td>38</td>
<td>com.xirrus.xms.TS_Array_Services.TC_Services_WiFiTag@7d1fa1ed</td></tr>
<tr>
<td title='com.xirrus.xms.TS_Array_Services.TC_Services_WiFiTag.testCase_verifyWiFiTagSupportDisable()'><b>testCase_verifyWiFiTagSupportDisable</b><br>Test class: com.xirrus.xms.TS_Array_Services.TC_Services_WiFiTag</td>
<td></td>
<td>37</td>
<td>com.xirrus.xms.TS_Array_Services.TC_Services_WiFiTag@7d1fa1ed</td></tr>
<tr>
<td title='com.xirrus.xms.TS_Array_Services.TC_Services_WiFiTag.testCase_verifyWiFiTagUDPPortFieldValidation()'><b>testCase_verifyWiFiTagUDPPortFieldValidation</b><br>Test class: com.xirrus.xms.TS_Array_Services.TC_Services_WiFiTag</td>
<td></td>
<td>58</td>
<td>com.xirrus.xms.TS_Array_Services.TC_Services_WiFiTag@7d1fa1ed</td></tr>
<tr>
<td title='com.xirrus.xms.TS_Array_Services.TC_Services_WiFiTag.testCase_verifyWiFiTagUDPPortValueEdit()'><b>testCase_verifyWiFiTagUDPPortValueEdit</b><br>Test class: com.xirrus.xms.TS_Array_Services.TC_Services_WiFiTag</td>
<td></td>
<td>38</td>
<td>com.xirrus.xms.TS_Array_Services.TC_Services_WiFiTag@7d1fa1ed</td></tr>
</table><p>
</body>
</html>