<?xml version="1.0" encoding="UTF-8"?>
<testsuite hostname="ANasser-8470p" name="com.xirrus.xms.TS_Array_Services.TC_Services_WiFiTag" tests="11" failures="2" timestamp="25 Mar 2015 17:02:35 GMT" time="363.756" errors="0">
  <testcase name="testCase_verifyWiFiTagDefaultState" time="7.096" classname="com.xirrus.xms.TS_Array_Services.TC_Services_WiFiTag"/>
  <testcase name="testCase_verifyWiFiTagDefaultUDPPortValue" time="6.86" classname="com.xirrus.xms.TS_Array_Services.TC_Services_WiFiTag"/>
  <testcase name="testCase_verifyWiFiTagChannelDefaultValue" time="6.899" classname="com.xirrus.xms.TS_Array_Services.TC_Services_WiFiTag"/>
  <testcase name="testCase_verifyWiFiTagEkahauSrvrDefaultValue" time="6.876" classname="com.xirrus.xms.TS_Array_Services.TC_Services_WiFiTag"/>
  <testcase name="testCase_verifyWiFiTagEnableState" time="38.935" classname="com.xirrus.xms.TS_Array_Services.TC_Services_WiFiTag"/>
  <testcase name="testCase_verifyWiFiTagUDPPortValueEdit" time="38.583" classname="com.xirrus.xms.TS_Array_Services.TC_Services_WiFiTag"/>
  <testcase name="testCase_verifyWiFiTagChannelValueEdit" time="3.786" classname="com.xirrus.xms.TS_Array_Services.TC_Services_WiFiTag">
    <failure type="org.openqa.selenium.StaleElementReferenceException" message="stale element reference: element is not attached to the page document
  (Session info: chrome=41.0.2272.101)
  (Driver info: chromedriver=2.13.307647 (5a7d0541ebc58e69994a6fb2ed930f45261f3c29),platform=Windows NT 6.1 SP1 x86_64) (WARNING: The server did not provide any stacktrace information)
Command duration or timeout: 11 milliseconds
For documentation on this error, please visit: http://seleniumhq.org/exceptions/stale_element_reference.html
Build info: version: &amp;apos;2.40.0&amp;apos;, revision: &amp;apos;fbe29a9&amp;apos;, time: &amp;apos;2014-02-19 20:55:11&amp;apos;
System info: host: &amp;apos;ANasser-8470p&amp;apos;, ip: &amp;apos;10.100.23.51&amp;apos;, os.name: &amp;apos;Windows 7&amp;apos;, os.arch: &amp;apos;amd64&amp;apos;, os.version: &amp;apos;6.1&amp;apos;, java.version: &amp;apos;1.7.0_60&amp;apos;
Session ID: 0678b768a48f09a57f764d706ad886d1
Driver info: org.openqa.selenium.chrome.ChromeDriver
Capabilities [{platform=XP, acceptSslCerts=true, javascriptEnabled=true, browserName=chrome, chrome={userDataDir=C:\Users\KARTIK~1.AIY\AppData\Local\Temp\scoped_dir71884_29411}, rotatable=false, locationContextEnabled=true, mobileEmulationEnabled=false, version=41.0.2272.101, takesHeapSnapshot=true, cssSelectorsEnabled=true, databaseEnabled=false, handlesAlerts=true, browserConnectionEnabled=false, nativeEvents=true, webStorageEnabled=true, applicationCacheEnabled=false, takesScreenshot=true}]">
      <![CDATA[org.openqa.selenium.StaleElementReferenceException: stale element reference: element is not attached to the page document
  (Session info: chrome=41.0.2272.101)
  (Driver info: chromedriver=2.13.307647 (5a7d0541ebc58e69994a6fb2ed930f45261f3c29),platform=Windows NT 6.1 SP1 x86_64) (WARNING: The server did not provide any stacktrace information)
Command duration or timeout: 11 milliseconds
For documentation on this error, please visit: http://seleniumhq.org/exceptions/stale_element_reference.html
Build info: version: '2.40.0', revision: 'fbe29a9', time: '2014-02-19 20:55:11'
System info: host: 'ANasser-8470p', ip: '10.100.23.51', os.name: 'Windows 7', os.arch: 'amd64', os.version: '6.1', java.version: '1.7.0_60'
Session ID: 0678b768a48f09a57f764d706ad886d1
Driver info: org.openqa.selenium.chrome.ChromeDriver
Capabilities [{platform=XP, acceptSslCerts=true, javascriptEnabled=true, browserName=chrome, chrome={userDataDir=C:\Users\KARTIK~1.AIY\AppData\Local\Temp\scoped_dir71884_29411}, rotatable=false, locationContextEnabled=true, mobileEmulationEnabled=false, version=41.0.2272.101, takesHeapSnapshot=true, cssSelectorsEnabled=true, databaseEnabled=false, handlesAlerts=true, browserConnectionEnabled=false, nativeEvents=true, webStorageEnabled=true, applicationCacheEnabled=false, takesScreenshot=true}]
	at org.openqa.selenium.remote.ErrorHandler.createThrowable(ErrorHandler.java:193)
	at org.openqa.selenium.remote.ErrorHandler.throwIfResponseFailed(ErrorHandler.java:145)
	at org.openqa.selenium.remote.RemoteWebDriver.execute(RemoteWebDriver.java:573)
	at org.openqa.selenium.remote.RemoteWebElement.execute(RemoteWebElement.java:268)
	at org.openqa.selenium.remote.RemoteWebElement.getAttribute(RemoteWebElement.java:123)
	at org.openqa.selenium.support.ui.Select.<init>(Select.java:51)
	at com.xirrus.xms.locallib.LocalLib.selectDropDown(LocalLib.java:273)
	at com.xirrus.xms.TS_Array_Services.TC_Services_WiFiTag.testCase_verifyWiFiTagChannelValueEdit(TC_Services_WiFiTag.java:470)
... Removed 28 stack frames]]>
    </failure>
  </testcase>
  <testcase name="testCase_verifyWiFiTagEkahauSrvrEdit" time="38.648" classname="com.xirrus.xms.TS_Array_Services.TC_Services_WiFiTag"/>
  <testcase name="testCase_verifyWiFiTagUDPPortFieldValidation" time="58.082" classname="com.xirrus.xms.TS_Array_Services.TC_Services_WiFiTag"/>
  <testcase name="testCase_verifyWiFiTagEkahauSrvrFieldValidation" time="120.11" classname="com.xirrus.xms.TS_Array_Services.TC_Services_WiFiTag">
    <failure type="java.lang.AssertionError" message="FAIL- Verification Failed!!!EkahauSrvrInvalidHostNamewarning-TC_Services_WiFiTag-testCase_verifyWiFiTagEkahauSrvrFieldValidation">
      <![CDATA[java.lang.AssertionError: FAIL- Verification Failed!!!EkahauSrvrInvalidHostNamewarning-TC_Services_WiFiTag-testCase_verifyWiFiTagEkahauSrvrFieldValidation
	at com.xirrus.xms.locallib.LocalLib.verifyStringequals(LocalLib.java:128)
	at com.xirrus.xms.TS_Array_Services.TC_Services_WiFiTag.testCase_verifyWiFiTagEkahauSrvrFieldValidation(TC_Services_WiFiTag.java:771)
... Removed 26 stack frames]]>
    </failure>
  </testcase>
  <testcase name="testCase_verifyWiFiTagSupportDisable" time="37.851" classname="com.xirrus.xms.TS_Array_Services.TC_Services_WiFiTag"/>
</testsuite>
