<html>
<head>
<title>TestNG:  TC_Security_AirWatch</title>
<link href="../testng.css" rel="stylesheet" type="text/css" />
<link href="../my-testng.css" rel="stylesheet" type="text/css" />

<style type="text/css">
.log { display: none;} 
.stack-trace { display: none;} 
</style>
<script type="text/javascript">
<!--
function flip(e) {
  current = e.style.display;
  if (current == 'block') {
    e.style.display = 'none';
    return 0;
  }
  else {
    e.style.display = 'block';
    return 1;
  }
}

function toggleBox(szDivId, elem, msg1, msg2)
{
  var res = -1;  if (document.getElementById) {
    res = flip(document.getElementById(szDivId));
  }
  else if (document.all) {
    // this is the way old msie versions work
    res = flip(document.all[szDivId]);
  }
  if(elem) {
    if(res == 0) elem.innerHTML = msg1; else elem.innerHTML = msg2;
  }

}

function toggleAllBoxes() {
  if (document.getElementsByTagName) {
    d = document.getElementsByTagName('div');
    for (i = 0; i < d.length; i++) {
      if (d[i].className == 'log') {
        flip(d[i]);
      }
    }
  }
}

// -->
</script>

</head>
<body>
<h2 align='center'>TC_Security_AirWatch</h2><table border='1' align="center">
<tr>
<td>Tests passed/Failed/Skipped:</td><td>19/4/0</td>
</tr><tr>
<td>Started on:</td><td>Wed Mar 25 10:20:54 PDT 2015</td>
</tr>
<tr><td>Total time:</td><td>898 seconds (898889 ms)</td>
</tr><tr>
<td>Included groups:</td><td></td>
</tr><tr>
<td>Excluded groups:</td><td></td>
</tr>
</table><p/>
<small><i>(Hover the method name to see the test class name)</i></small><p/>
<table width='100%' border='1' class='invocation-failed'>
<tr><td colspan='4' align='center'><b>FAILED TESTS</b></td></tr>
<tr><td><b>Test method</b></td>
<td width="30%"><b>Exception</b></td>
<td width="10%"><b>Time (seconds)</b></td>
<td><b>Instance</b></td>
</tr>
<tr>
<td title='com.xirrus.xms.TS_Array_Security.TC_Security_AirWatch.testCase_verifyAirWatchAPIHostnameFieldValidation()'><b>testCase_verifyAirWatchAPIHostnameFieldValidation</b><br>Test class: com.xirrus.xms.TS_Array_Security.TC_Security_AirWatch</td>
<td><div><pre>java.lang.AssertionError: FAIL- Verification Failed!!!AirWatchAPIURLHostnameInvalidIPWarning-TC_Security_AirWatch-testCase_verifyAirWatchAPIHostnameFieldValidation
	at com.xirrus.xms.locallib.LocalLib.verifyStringequals(LocalLib.java:128)
	at com.xirrus.xms.TS_Array_Security.TC_Security_AirWatch.testCase_verifyAirWatchAPIHostnameFieldValidation(TC_Security_AirWatch.java:1098)
... Removed 26 stack frames</pre></div><a href='#' onClick='toggleBox("stack-trace1606542269", this, "Click to show all stack frames", "Click to hide stack frames")'>Click to show all stack frames</a>
<div class='stack-trace' id='stack-trace1606542269'><pre>java.lang.AssertionError: FAIL- Verification Failed!!!AirWatchAPIURLHostnameInvalidIPWarning-TC_Security_AirWatch-testCase_verifyAirWatchAPIHostnameFieldValidation
	at org.testng.Assert.fail(Assert.java:89)
	at com.xirrus.xms.locallib.LocalLib.verifyStringequals(LocalLib.java:128)
	at com.xirrus.xms.TS_Array_Security.TC_Security_AirWatch.testCase_verifyAirWatchAPIHostnameFieldValidation(TC_Security_AirWatch.java:1098)
	at sun.reflect.NativeMethodAccessorImpl.invoke0(Native Method)
	at sun.reflect.NativeMethodAccessorImpl.invoke(NativeMethodAccessorImpl.java:57)
	at sun.reflect.DelegatingMethodAccessorImpl.invoke(DelegatingMethodAccessorImpl.java:43)
	at java.lang.reflect.Method.invoke(Method.java:606)
	at org.testng.internal.MethodInvocationHelper.invokeMethod(MethodInvocationHelper.java:74)
	at org.testng.internal.Invoker.invokeMethod(Invoker.java:673)
	at org.testng.internal.Invoker.invokeTestMethod(Invoker.java:846)
	at org.testng.internal.Invoker.invokeTestMethods(Invoker.java:1170)
	at org.testng.internal.TestMethodWorker.invokeTestMethods(TestMethodWorker.java:125)
	at org.testng.internal.TestMethodWorker.run(TestMethodWorker.java:109)
	at org.testng.TestRunner.runWorkers(TestRunner.java:1125)
	at org.testng.TestRunner.privateRun(TestRunner.java:749)
	at org.testng.TestRunner.run(TestRunner.java:600)
	at org.testng.SuiteRunner.runTest(SuiteRunner.java:317)
	at org.testng.SuiteRunner.runSequentially(SuiteRunner.java:312)
	at org.testng.SuiteRunner.privateRun(SuiteRunner.java:274)
	at org.testng.SuiteRunner.run(SuiteRunner.java:223)
	at org.testng.SuiteRunnerWorker.runSuite(SuiteRunnerWorker.java:52)
	at org.testng.SuiteRunnerWorker.run(SuiteRunnerWorker.java:86)
	at org.testng.TestNG.runSuitesSequentially(TestNG.java:965)
	at org.testng.TestNG.runSuitesSequentially(TestNG.java:961)
	at org.testng.TestNG.runSuitesLocally(TestNG.java:890)
	at org.testng.TestNG.run(TestNG.java:824)
	at org.testng.TestNG.privateMain(TestNG.java:1128)
	at org.testng.TestNG.main(TestNG.java:1092)
</pre></div></td>
<td>136</td>
<td>com.xirrus.xms.TS_Array_Security.TC_Security_AirWatch@a80e05</td></tr>
<tr>
<td title='com.xirrus.xms.TS_Array_Security.TC_Security_AirWatch.testCase_verifyAirWatchAPIKeyFieldValidation()'><b>testCase_verifyAirWatchAPIKeyFieldValidation</b><br>Test class: com.xirrus.xms.TS_Array_Security.TC_Security_AirWatch</td>
<td><div><pre>java.lang.AssertionError: FAIL- Verification Failed!!!AirWatchAPIKeyInvalidWarning-TC_Security_AirWatch-testCase_verifyAirWatchAPIKeyFieldValidation
	at com.xirrus.xms.locallib.LocalLib.verifyStringequals(LocalLib.java:128)
	at com.xirrus.xms.TS_Array_Security.TC_Security_AirWatch.testCase_verifyAirWatchAPIKeyFieldValidation(TC_Security_AirWatch.java:1468)
... Removed 26 stack frames</pre></div><a href='#' onClick='toggleBox("stack-trace1688188914", this, "Click to show all stack frames", "Click to hide stack frames")'>Click to show all stack frames</a>
<div class='stack-trace' id='stack-trace1688188914'><pre>java.lang.AssertionError: FAIL- Verification Failed!!!AirWatchAPIKeyInvalidWarning-TC_Security_AirWatch-testCase_verifyAirWatchAPIKeyFieldValidation
	at org.testng.Assert.fail(Assert.java:89)
	at com.xirrus.xms.locallib.LocalLib.verifyStringequals(LocalLib.java:128)
	at com.xirrus.xms.TS_Array_Security.TC_Security_AirWatch.testCase_verifyAirWatchAPIKeyFieldValidation(TC_Security_AirWatch.java:1468)
	at sun.reflect.NativeMethodAccessorImpl.invoke0(Native Method)
	at sun.reflect.NativeMethodAccessorImpl.invoke(NativeMethodAccessorImpl.java:57)
	at sun.reflect.DelegatingMethodAccessorImpl.invoke(DelegatingMethodAccessorImpl.java:43)
	at java.lang.reflect.Method.invoke(Method.java:606)
	at org.testng.internal.MethodInvocationHelper.invokeMethod(MethodInvocationHelper.java:74)
	at org.testng.internal.Invoker.invokeMethod(Invoker.java:673)
	at org.testng.internal.Invoker.invokeTestMethod(Invoker.java:846)
	at org.testng.internal.Invoker.invokeTestMethods(Invoker.java:1170)
	at org.testng.internal.TestMethodWorker.invokeTestMethods(TestMethodWorker.java:125)
	at org.testng.internal.TestMethodWorker.run(TestMethodWorker.java:109)
	at org.testng.TestRunner.runWorkers(TestRunner.java:1125)
	at org.testng.TestRunner.privateRun(TestRunner.java:749)
	at org.testng.TestRunner.run(TestRunner.java:600)
	at org.testng.SuiteRunner.runTest(SuiteRunner.java:317)
	at org.testng.SuiteRunner.runSequentially(SuiteRunner.java:312)
	at org.testng.SuiteRunner.privateRun(SuiteRunner.java:274)
	at org.testng.SuiteRunner.run(SuiteRunner.java:223)
	at org.testng.SuiteRunnerWorker.runSuite(SuiteRunnerWorker.java:52)
	at org.testng.SuiteRunnerWorker.run(SuiteRunnerWorker.java:86)
	at org.testng.TestNG.runSuitesSequentially(TestNG.java:965)
	at org.testng.TestNG.runSuitesSequentially(TestNG.java:961)
	at org.testng.TestNG.runSuitesLocally(TestNG.java:890)
	at org.testng.TestNG.run(TestNG.java:824)
	at org.testng.TestNG.privateMain(TestNG.java:1128)
	at org.testng.TestNG.main(TestNG.java:1092)
</pre></div></td>
<td>138</td>
<td>com.xirrus.xms.TS_Array_Security.TC_Security_AirWatch@a80e05</td></tr>
<tr>
<td title='com.xirrus.xms.TS_Array_Security.TC_Security_AirWatch.testCase_verifyAirWatchAPIPasswordFieldValidation()'><b>testCase_verifyAirWatchAPIPasswordFieldValidation</b><br>Test class: com.xirrus.xms.TS_Array_Security.TC_Security_AirWatch</td>
<td><div><pre>java.lang.AssertionError: FAIL- Verification Failed!!!AirWatchAPIPasswdlimitWarning-TC_Security_AirWatch-testCase_verifyAirWatchAPIPasswordFieldValidation
	at com.xirrus.xms.locallib.LocalLib.verifyStringequals(LocalLib.java:128)
	at com.xirrus.xms.TS_Array_Security.TC_Security_AirWatch.testCase_verifyAirWatchAPIPasswordFieldValidation(TC_Security_AirWatch.java:1349)
... Removed 26 stack frames</pre></div><a href='#' onClick='toggleBox("stack-trace918625295", this, "Click to show all stack frames", "Click to hide stack frames")'>Click to show all stack frames</a>
<div class='stack-trace' id='stack-trace918625295'><pre>java.lang.AssertionError: FAIL- Verification Failed!!!AirWatchAPIPasswdlimitWarning-TC_Security_AirWatch-testCase_verifyAirWatchAPIPasswordFieldValidation
	at org.testng.Assert.fail(Assert.java:89)
	at com.xirrus.xms.locallib.LocalLib.verifyStringequals(LocalLib.java:128)
	at com.xirrus.xms.TS_Array_Security.TC_Security_AirWatch.testCase_verifyAirWatchAPIPasswordFieldValidation(TC_Security_AirWatch.java:1349)
	at sun.reflect.NativeMethodAccessorImpl.invoke0(Native Method)
	at sun.reflect.NativeMethodAccessorImpl.invoke(NativeMethodAccessorImpl.java:57)
	at sun.reflect.DelegatingMethodAccessorImpl.invoke(DelegatingMethodAccessorImpl.java:43)
	at java.lang.reflect.Method.invoke(Method.java:606)
	at org.testng.internal.MethodInvocationHelper.invokeMethod(MethodInvocationHelper.java:74)
	at org.testng.internal.Invoker.invokeMethod(Invoker.java:673)
	at org.testng.internal.Invoker.invokeTestMethod(Invoker.java:846)
	at org.testng.internal.Invoker.invokeTestMethods(Invoker.java:1170)
	at org.testng.internal.TestMethodWorker.invokeTestMethods(TestMethodWorker.java:125)
	at org.testng.internal.TestMethodWorker.run(TestMethodWorker.java:109)
	at org.testng.TestRunner.runWorkers(TestRunner.java:1125)
	at org.testng.TestRunner.privateRun(TestRunner.java:749)
	at org.testng.TestRunner.run(TestRunner.java:600)
	at org.testng.SuiteRunner.runTest(SuiteRunner.java:317)
	at org.testng.SuiteRunner.runSequentially(SuiteRunner.java:312)
	at org.testng.SuiteRunner.privateRun(SuiteRunner.java:274)
	at org.testng.SuiteRunner.run(SuiteRunner.java:223)
	at org.testng.SuiteRunnerWorker.runSuite(SuiteRunnerWorker.java:52)
	at org.testng.SuiteRunnerWorker.run(SuiteRunnerWorker.java:86)
	at org.testng.TestNG.runSuitesSequentially(TestNG.java:965)
	at org.testng.TestNG.runSuitesSequentially(TestNG.java:961)
	at org.testng.TestNG.runSuitesLocally(TestNG.java:890)
	at org.testng.TestNG.run(TestNG.java:824)
	at org.testng.TestNG.privateMain(TestNG.java:1128)
	at org.testng.TestNG.main(TestNG.java:1092)
</pre></div></td>
<td>175</td>
<td>com.xirrus.xms.TS_Array_Security.TC_Security_AirWatch@a80e05</td></tr>
<tr>
<td title='com.xirrus.xms.TS_Array_Security.TC_Security_AirWatch.testCase_verifyAirWatchAPIUsernameFieldValidation()'><b>testCase_verifyAirWatchAPIUsernameFieldValidation</b><br>Test class: com.xirrus.xms.TS_Array_Security.TC_Security_AirWatch</td>
<td><div><pre>java.lang.AssertionError: FAIL- Verification Failed!!!AirWatchAPIURLusernameInvalidWarning-TC_Security_AirWatch-testCase_verifyAirWatchAPIUsernameFieldValidation
	at com.xirrus.xms.locallib.LocalLib.verifyStringequals(LocalLib.java:128)
	at com.xirrus.xms.TS_Array_Security.TC_Security_AirWatch.testCase_verifyAirWatchAPIUsernameFieldValidation(TC_Security_AirWatch.java:1208)
... Removed 26 stack frames</pre></div><a href='#' onClick='toggleBox("stack-trace1735994433", this, "Click to show all stack frames", "Click to hide stack frames")'>Click to show all stack frames</a>
<div class='stack-trace' id='stack-trace1735994433'><pre>java.lang.AssertionError: FAIL- Verification Failed!!!AirWatchAPIURLusernameInvalidWarning-TC_Security_AirWatch-testCase_verifyAirWatchAPIUsernameFieldValidation
	at org.testng.Assert.fail(Assert.java:89)
	at com.xirrus.xms.locallib.LocalLib.verifyStringequals(LocalLib.java:128)
	at com.xirrus.xms.TS_Array_Security.TC_Security_AirWatch.testCase_verifyAirWatchAPIUsernameFieldValidation(TC_Security_AirWatch.java:1208)
	at sun.reflect.NativeMethodAccessorImpl.invoke0(Native Method)
	at sun.reflect.NativeMethodAccessorImpl.invoke(NativeMethodAccessorImpl.java:57)
	at sun.reflect.DelegatingMethodAccessorImpl.invoke(DelegatingMethodAccessorImpl.java:43)
	at java.lang.reflect.Method.invoke(Method.java:606)
	at org.testng.internal.MethodInvocationHelper.invokeMethod(MethodInvocationHelper.java:74)
	at org.testng.internal.Invoker.invokeMethod(Invoker.java:673)
	at org.testng.internal.Invoker.invokeTestMethod(Invoker.java:846)
	at org.testng.internal.Invoker.invokeTestMethods(Invoker.java:1170)
	at org.testng.internal.TestMethodWorker.invokeTestMethods(TestMethodWorker.java:125)
	at org.testng.internal.TestMethodWorker.run(TestMethodWorker.java:109)
	at org.testng.TestRunner.runWorkers(TestRunner.java:1125)
	at org.testng.TestRunner.privateRun(TestRunner.java:749)
	at org.testng.TestRunner.run(TestRunner.java:600)
	at org.testng.SuiteRunner.runTest(SuiteRunner.java:317)
	at org.testng.SuiteRunner.runSequentially(SuiteRunner.java:312)
	at org.testng.SuiteRunner.privateRun(SuiteRunner.java:274)
	at org.testng.SuiteRunner.run(SuiteRunner.java:223)
	at org.testng.SuiteRunnerWorker.runSuite(SuiteRunnerWorker.java:52)
	at org.testng.SuiteRunnerWorker.run(SuiteRunnerWorker.java:86)
	at org.testng.TestNG.runSuitesSequentially(TestNG.java:965)
	at org.testng.TestNG.runSuitesSequentially(TestNG.java:961)
	at org.testng.TestNG.runSuitesLocally(TestNG.java:890)
	at org.testng.TestNG.run(TestNG.java:824)
	at org.testng.TestNG.privateMain(TestNG.java:1128)
	at org.testng.TestNG.main(TestNG.java:1092)
</pre></div></td>
<td>136</td>
<td>com.xirrus.xms.TS_Array_Security.TC_Security_AirWatch@a80e05</td></tr>
</table><p>
<table width='100%' border='1' class='invocation-passed'>
<tr><td colspan='4' align='center'><b>PASSED TESTS</b></td></tr>
<tr><td><b>Test method</b></td>
<td width="30%"><b>Exception</b></td>
<td width="10%"><b>Time (seconds)</b></td>
<td><b>Instance</b></td>
</tr>
<tr>
<td title='com.xirrus.xms.TS_Array_Security.TC_Security_AirWatch.testCase_verifyAirWatchAPIAccessErrorDefaultValue()'><b>testCase_verifyAirWatchAPIAccessErrorDefaultValue</b><br>Test class: com.xirrus.xms.TS_Array_Security.TC_Security_AirWatch</td>
<td></td>
<td>3</td>
<td>com.xirrus.xms.TS_Array_Security.TC_Security_AirWatch@a80e05</td></tr>
<tr>
<td title='com.xirrus.xms.TS_Array_Security.TC_Security_AirWatch.testCase_verifyAirWatchAPIAccessErrorUpdatedValue()'><b>testCase_verifyAirWatchAPIAccessErrorUpdatedValue</b><br>Test class: com.xirrus.xms.TS_Array_Security.TC_Security_AirWatch</td>
<td></td>
<td>3</td>
<td>com.xirrus.xms.TS_Array_Security.TC_Security_AirWatch@a80e05</td></tr>
<tr>
<td title='com.xirrus.xms.TS_Array_Security.TC_Security_AirWatch.testCase_verifyAirWatchAPIHostnameDefaultValue()'><b>testCase_verifyAirWatchAPIHostnameDefaultValue</b><br>Test class: com.xirrus.xms.TS_Array_Security.TC_Security_AirWatch</td>
<td></td>
<td>68</td>
<td>com.xirrus.xms.TS_Array_Security.TC_Security_AirWatch@a80e05</td></tr>
<tr>
<td title='com.xirrus.xms.TS_Array_Security.TC_Security_AirWatch.testCase_verifyAirWatchAPIHostnameUpdatedValue()'><b>testCase_verifyAirWatchAPIHostnameUpdatedValue</b><br>Test class: com.xirrus.xms.TS_Array_Security.TC_Security_AirWatch</td>
<td></td>
<td>41</td>
<td>com.xirrus.xms.TS_Array_Security.TC_Security_AirWatch@a80e05</td></tr>
<tr>
<td title='com.xirrus.xms.TS_Array_Security.TC_Security_AirWatch.testCase_verifyAirWatchAPIKeyDefaultValue()'><b>testCase_verifyAirWatchAPIKeyDefaultValue</b><br>Test class: com.xirrus.xms.TS_Array_Security.TC_Security_AirWatch</td>
<td></td>
<td>3</td>
<td>com.xirrus.xms.TS_Array_Security.TC_Security_AirWatch@a80e05</td></tr>
<tr>
<td title='com.xirrus.xms.TS_Array_Security.TC_Security_AirWatch.testCase_verifyAirWatchAPIKeyUpdatedValue()'><b>testCase_verifyAirWatchAPIKeyUpdatedValue</b><br>Test class: com.xirrus.xms.TS_Array_Security.TC_Security_AirWatch</td>
<td></td>
<td>3</td>
<td>com.xirrus.xms.TS_Array_Security.TC_Security_AirWatch@a80e05</td></tr>
<tr>
<td title='com.xirrus.xms.TS_Array_Security.TC_Security_AirWatch.testCase_verifyAirWatchAPIPasswordDefaultValue()'><b>testCase_verifyAirWatchAPIPasswordDefaultValue</b><br>Test class: com.xirrus.xms.TS_Array_Security.TC_Security_AirWatch</td>
<td></td>
<td>3</td>
<td>com.xirrus.xms.TS_Array_Security.TC_Security_AirWatch@a80e05</td></tr>
<tr>
<td title='com.xirrus.xms.TS_Array_Security.TC_Security_AirWatch.testCase_verifyAirWatchAPIPasswordUpdatedValue()'><b>testCase_verifyAirWatchAPIPasswordUpdatedValue</b><br>Test class: com.xirrus.xms.TS_Array_Security.TC_Security_AirWatch</td>
<td></td>
<td>3</td>
<td>com.xirrus.xms.TS_Array_Security.TC_Security_AirWatch@a80e05</td></tr>
<tr>
<td title='com.xirrus.xms.TS_Array_Security.TC_Security_AirWatch.testCase_verifyAirWatchAPIPollPeriodDefaultValue()'><b>testCase_verifyAirWatchAPIPollPeriodDefaultValue</b><br>Test class: com.xirrus.xms.TS_Array_Security.TC_Security_AirWatch</td>
<td></td>
<td>3</td>
<td>com.xirrus.xms.TS_Array_Security.TC_Security_AirWatch@a80e05</td></tr>
<tr>
<td title='com.xirrus.xms.TS_Array_Security.TC_Security_AirWatch.testCase_verifyAirWatchAPIPollPeriodFieldValidation()'><b>testCase_verifyAirWatchAPIPollPeriodFieldValidation</b><br>Test class: com.xirrus.xms.TS_Array_Security.TC_Security_AirWatch</td>
<td></td>
<td>50</td>
<td>com.xirrus.xms.TS_Array_Security.TC_Security_AirWatch@a80e05</td></tr>
<tr>
<td title='com.xirrus.xms.TS_Array_Security.TC_Security_AirWatch.testCase_verifyAirWatchAPIPollPeriodUpdatedValue()'><b>testCase_verifyAirWatchAPIPollPeriodUpdatedValue</b><br>Test class: com.xirrus.xms.TS_Array_Security.TC_Security_AirWatch</td>
<td></td>
<td>3</td>
<td>com.xirrus.xms.TS_Array_Security.TC_Security_AirWatch@a80e05</td></tr>
<tr>
<td title='com.xirrus.xms.TS_Array_Security.TC_Security_AirWatch.testCase_verifyAirWatchAPITimeoutDefaultValue()'><b>testCase_verifyAirWatchAPITimeoutDefaultValue</b><br>Test class: com.xirrus.xms.TS_Array_Security.TC_Security_AirWatch</td>
<td></td>
<td>4</td>
<td>com.xirrus.xms.TS_Array_Security.TC_Security_AirWatch@a80e05</td></tr>
<tr>
<td title='com.xirrus.xms.TS_Array_Security.TC_Security_AirWatch.testCase_verifyAirWatchAPITimeoutFieldValidation()'><b>testCase_verifyAirWatchAPITimeoutFieldValidation</b><br>Test class: com.xirrus.xms.TS_Array_Security.TC_Security_AirWatch</td>
<td></td>
<td>50</td>
<td>com.xirrus.xms.TS_Array_Security.TC_Security_AirWatch@a80e05</td></tr>
<tr>
<td title='com.xirrus.xms.TS_Array_Security.TC_Security_AirWatch.testCase_verifyAirWatchAPITimeoutUpdatedValue()'><b>testCase_verifyAirWatchAPITimeoutUpdatedValue</b><br>Test class: com.xirrus.xms.TS_Array_Security.TC_Security_AirWatch</td>
<td></td>
<td>3</td>
<td>com.xirrus.xms.TS_Array_Security.TC_Security_AirWatch@a80e05</td></tr>
<tr>
<td title='com.xirrus.xms.TS_Array_Security.TC_Security_AirWatch.testCase_verifyAirWatchAPIUsernameDefaultValue()'><b>testCase_verifyAirWatchAPIUsernameDefaultValue</b><br>Test class: com.xirrus.xms.TS_Array_Security.TC_Security_AirWatch</td>
<td></td>
<td>4</td>
<td>com.xirrus.xms.TS_Array_Security.TC_Security_AirWatch@a80e05</td></tr>
<tr>
<td title='com.xirrus.xms.TS_Array_Security.TC_Security_AirWatch.testCase_verifyAirWatchAPIUsernameUpdatedValue()'><b>testCase_verifyAirWatchAPIUsernameUpdatedValue</b><br>Test class: com.xirrus.xms.TS_Array_Security.TC_Security_AirWatch</td>
<td></td>
<td>3</td>
<td>com.xirrus.xms.TS_Array_Security.TC_Security_AirWatch@a80e05</td></tr>
<tr>
<td title='com.xirrus.xms.TS_Array_Security.TC_Security_AirWatch.testCase_verifyAirWatchRedirectURLDefaultValue()'><b>testCase_verifyAirWatchRedirectURLDefaultValue</b><br>Test class: com.xirrus.xms.TS_Array_Security.TC_Security_AirWatch</td>
<td></td>
<td>3</td>
<td>com.xirrus.xms.TS_Array_Security.TC_Security_AirWatch@a80e05</td></tr>
<tr>
<td title='com.xirrus.xms.TS_Array_Security.TC_Security_AirWatch.testCase_verifyAirWatchRedirectURLFieldValidation()'><b>testCase_verifyAirWatchRedirectURLFieldValidation</b><br>Test class: com.xirrus.xms.TS_Array_Security.TC_Security_AirWatch</td>
<td></td>
<td>52</td>
<td>com.xirrus.xms.TS_Array_Security.TC_Security_AirWatch@a80e05</td></tr>
<tr>
<td title='com.xirrus.xms.TS_Array_Security.TC_Security_AirWatch.testCase_verifyAirWatchRedirectURLUpdatedValue()'><b>testCase_verifyAirWatchRedirectURLUpdatedValue</b><br>Test class: com.xirrus.xms.TS_Array_Security.TC_Security_AirWatch</td>
<td></td>
<td>3</td>
<td>com.xirrus.xms.TS_Array_Security.TC_Security_AirWatch@a80e05</td></tr>
</table><p>
</body>
</html>