<?xml version="1.0" encoding="UTF-8"?>
<!-- Generated by org.testng.reporters.JUnitReportReporter -->
<testsuite hostname="ANasser-8470p" name="com.xirrus.xms.TS_Array_IAPs.TC_IAPs_RoamingAssist" tests="16" failures="3" timestamp="25 Mar 2015 18:14:26 GMT" time="596.623" errors="0">
  <testcase name="testCase_VerifyEnableRoamingAssistDisable" time="38.878" classname="com.xirrus.xms.TS_Array_IAPs.TC_IAPs_RoamingAssist"/>
  <testcase name="testCase_VerifyEnableRoamingAssistEnable" time="39.908" classname="com.xirrus.xms.TS_Array_IAPs.TC_IAPs_RoamingAssist"/>
  <testcase name="testCase_VerifyRoamingThresholdSetValue" time="2.929" classname="com.xirrus.xms.TS_Array_IAPs.TC_IAPs_RoamingAssist"/>
  <testcase name="testCase_VerifyMinimumDataRateFieldValidation" time="137.170" classname="com.xirrus.xms.TS_Array_IAPs.TC_IAPs_RoamingAssist">
    <failure type="java.lang.AssertionError" message="FAIL- Verification Failed!!!RoamingDataRateInvalid-TC_IAPs_RoamingAssist-testCase_VerifyMinimumDataRateFieldValidation">
      <![CDATA[java.lang.AssertionError: FAIL- Verification Failed!!!RoamingDataRateInvalid-TC_IAPs_RoamingAssist-testCase_VerifyMinimumDataRateFieldValidation
	at org.testng.Assert.fail(Assert.java:89)
	at com.xirrus.xms.locallib.LocalLib.verifyStringequals(LocalLib.java:128)
	at com.xirrus.xms.TS_Array_IAPs.TC_IAPs_RoamingAssist.testCase_VerifyMinimumDataRateFieldValidation(TC_IAPs_RoamingAssist.java:1013)
	at sun.reflect.NativeMethodAccessorImpl.invoke0(Native Method)
	at sun.reflect.NativeMethodAccessorImpl.invoke(NativeMethodAccessorImpl.java:57)
	at sun.reflect.DelegatingMethodAccessorImpl.invoke(DelegatingMethodAccessorImpl.java:43)
	at java.lang.reflect.Method.invoke(Method.java:606)
	at org.testng.internal.MethodInvocationHelper.invokeMethod(MethodInvocationHelper.java:74)
	at org.testng.internal.Invoker.invokeMethod(Invoker.java:673)
	at org.testng.internal.Invoker.invokeTestMethod(Invoker.java:846)
	at org.testng.internal.Invoker.invokeTestMethods(Invoker.java:1170)
	at org.testng.internal.TestMethodWorker.invokeTestMethods(TestMethodWorker.java:125)
	at org.testng.internal.TestMethodWorker.run(TestMethodWorker.java:109)
	at org.testng.TestRunner.runWorkers(TestRunner.java:1125)
	at org.testng.TestRunner.privateRun(TestRunner.java:749)
	at org.testng.TestRunner.run(TestRunner.java:600)
	at org.testng.SuiteRunner.runTest(SuiteRunner.java:317)
	at org.testng.SuiteRunner.runSequentially(SuiteRunner.java:312)
	at org.testng.SuiteRunner.privateRun(SuiteRunner.java:274)
	at org.testng.SuiteRunner.run(SuiteRunner.java:223)
	at org.testng.SuiteRunnerWorker.runSuite(SuiteRunnerWorker.java:52)
	at org.testng.SuiteRunnerWorker.run(SuiteRunnerWorker.java:86)
	at org.testng.TestNG.runSuitesSequentially(TestNG.java:965)
	at org.testng.TestNG.runSuitesSequentially(TestNG.java:961)
	at org.testng.TestNG.runSuitesLocally(TestNG.java:890)
	at org.testng.TestNG.run(TestNG.java:824)
	at org.testng.TestNG.privateMain(TestNG.java:1128)
	at org.testng.TestNG.main(TestNG.java:1092)
]]>
    </failure>
  </testcase>
  <testcase name="testCase_VerifyRoamingThresholdFieldValidation" time="135.867" classname="com.xirrus.xms.TS_Array_IAPs.TC_IAPs_RoamingAssist">
    <failure type="java.lang.AssertionError" message="FAIL- Verification Failed!!!RoamingThresholdInvalid-TC_IAPs_RoamingAssist-testCase_VerifyRoamingThresholdFieldValidation">
      <![CDATA[java.lang.AssertionError: FAIL- Verification Failed!!!RoamingThresholdInvalid-TC_IAPs_RoamingAssist-testCase_VerifyRoamingThresholdFieldValidation
	at org.testng.Assert.fail(Assert.java:89)
	at com.xirrus.xms.locallib.LocalLib.verifyStringequals(LocalLib.java:128)
	at com.xirrus.xms.TS_Array_IAPs.TC_IAPs_RoamingAssist.testCase_VerifyRoamingThresholdFieldValidation(TC_IAPs_RoamingAssist.java:882)
	at sun.reflect.NativeMethodAccessorImpl.invoke0(Native Method)
	at sun.reflect.NativeMethodAccessorImpl.invoke(NativeMethodAccessorImpl.java:57)
	at sun.reflect.DelegatingMethodAccessorImpl.invoke(DelegatingMethodAccessorImpl.java:43)
	at java.lang.reflect.Method.invoke(Method.java:606)
	at org.testng.internal.MethodInvocationHelper.invokeMethod(MethodInvocationHelper.java:74)
	at org.testng.internal.Invoker.invokeMethod(Invoker.java:673)
	at org.testng.internal.Invoker.invokeTestMethod(Invoker.java:846)
	at org.testng.internal.Invoker.invokeTestMethods(Invoker.java:1170)
	at org.testng.internal.TestMethodWorker.invokeTestMethods(TestMethodWorker.java:125)
	at org.testng.internal.TestMethodWorker.run(TestMethodWorker.java:109)
	at org.testng.TestRunner.runWorkers(TestRunner.java:1125)
	at org.testng.TestRunner.privateRun(TestRunner.java:749)
	at org.testng.TestRunner.run(TestRunner.java:600)
	at org.testng.SuiteRunner.runTest(SuiteRunner.java:317)
	at org.testng.SuiteRunner.runSequentially(SuiteRunner.java:312)
	at org.testng.SuiteRunner.privateRun(SuiteRunner.java:274)
	at org.testng.SuiteRunner.run(SuiteRunner.java:223)
	at org.testng.SuiteRunnerWorker.runSuite(SuiteRunnerWorker.java:52)
	at org.testng.SuiteRunnerWorker.run(SuiteRunnerWorker.java:86)
	at org.testng.TestNG.runSuitesSequentially(TestNG.java:965)
	at org.testng.TestNG.runSuitesSequentially(TestNG.java:961)
	at org.testng.TestNG.runSuitesLocally(TestNG.java:890)
	at org.testng.TestNG.run(TestNG.java:824)
	at org.testng.TestNG.privateMain(TestNG.java:1128)
	at org.testng.TestNG.main(TestNG.java:1092)
]]>
    </failure>
  </testcase>
  <testcase name="testCase_VerifyDevicesDefaultValue" time="3.150" classname="com.xirrus.xms.TS_Array_IAPs.TC_IAPs_RoamingAssist"/>
  <testcase name="testCase_VerifyDevicesUnselectAll" time="36.908" classname="com.xirrus.xms.TS_Array_IAPs.TC_IAPs_RoamingAssist"/>
  <testcase name="testCase_VerifyBackoffPeriodDefaultValue" time="2.942" classname="com.xirrus.xms.TS_Array_IAPs.TC_IAPs_RoamingAssist"/>
  <testcase name="testCase_VerifyMinimumDataRateDefaultValue" time="2.954" classname="com.xirrus.xms.TS_Array_IAPs.TC_IAPs_RoamingAssist"/>
  <testcase name="testCase_VerifyBackoffPeriodSetValue" time="2.916" classname="com.xirrus.xms.TS_Array_IAPs.TC_IAPs_RoamingAssist"/>
  <testcase name="testCase_VerifyRoamingThresholdDefaultValue" time="2.955" classname="com.xirrus.xms.TS_Array_IAPs.TC_IAPs_RoamingAssist"/>
  <testcase name="testCase_VerifyBackoffPeriodFieldValidation" time="136.684" classname="com.xirrus.xms.TS_Array_IAPs.TC_IAPs_RoamingAssist">
    <failure type="java.lang.AssertionError" message="FAIL- Verification Failed!!!RoamingAssistBackoffPeriodInvalid-TC_IAPs_RoamingAssist-testCase_VerifyBackoffPeriodFieldValidation">
      <![CDATA[java.lang.AssertionError: FAIL- Verification Failed!!!RoamingAssistBackoffPeriodInvalid-TC_IAPs_RoamingAssist-testCase_VerifyBackoffPeriodFieldValidation
	at org.testng.Assert.fail(Assert.java:89)
	at com.xirrus.xms.locallib.LocalLib.verifyStringequals(LocalLib.java:128)
	at com.xirrus.xms.TS_Array_IAPs.TC_IAPs_RoamingAssist.testCase_VerifyBackoffPeriodFieldValidation(TC_IAPs_RoamingAssist.java:751)
	at sun.reflect.NativeMethodAccessorImpl.invoke0(Native Method)
	at sun.reflect.NativeMethodAccessorImpl.invoke(NativeMethodAccessorImpl.java:57)
	at sun.reflect.DelegatingMethodAccessorImpl.invoke(DelegatingMethodAccessorImpl.java:43)
	at java.lang.reflect.Method.invoke(Method.java:606)
	at org.testng.internal.MethodInvocationHelper.invokeMethod(MethodInvocationHelper.java:74)
	at org.testng.internal.Invoker.invokeMethod(Invoker.java:673)
	at org.testng.internal.Invoker.invokeTestMethod(Invoker.java:846)
	at org.testng.internal.Invoker.invokeTestMethods(Invoker.java:1170)
	at org.testng.internal.TestMethodWorker.invokeTestMethods(TestMethodWorker.java:125)
	at org.testng.internal.TestMethodWorker.run(TestMethodWorker.java:109)
	at org.testng.TestRunner.runWorkers(TestRunner.java:1125)
	at org.testng.TestRunner.privateRun(TestRunner.java:749)
	at org.testng.TestRunner.run(TestRunner.java:600)
	at org.testng.SuiteRunner.runTest(SuiteRunner.java:317)
	at org.testng.SuiteRunner.runSequentially(SuiteRunner.java:312)
	at org.testng.SuiteRunner.privateRun(SuiteRunner.java:274)
	at org.testng.SuiteRunner.run(SuiteRunner.java:223)
	at org.testng.SuiteRunnerWorker.runSuite(SuiteRunnerWorker.java:52)
	at org.testng.SuiteRunnerWorker.run(SuiteRunnerWorker.java:86)
	at org.testng.TestNG.runSuitesSequentially(TestNG.java:965)
	at org.testng.TestNG.runSuitesSequentially(TestNG.java:961)
	at org.testng.TestNG.runSuitesLocally(TestNG.java:890)
	at org.testng.TestNG.run(TestNG.java:824)
	at org.testng.TestNG.privateMain(TestNG.java:1128)
	at org.testng.TestNG.main(TestNG.java:1092)
]]>
    </failure>
  </testcase>
  <testcase name="testCase_VerifyMinimumDataRateSetValue" time="2.904" classname="com.xirrus.xms.TS_Array_IAPs.TC_IAPs_RoamingAssist"/>
  <testcase name="testCase_VerifyDevicesSelectAll" time="39.507" classname="com.xirrus.xms.TS_Array_IAPs.TC_IAPs_RoamingAssist"/>
  <testcase name="testCase_VerifyEnableRoamingAssistDefaultValue" time="7.842" classname="com.xirrus.xms.TS_Array_IAPs.TC_IAPs_RoamingAssist"/>
  <testcase name="testCase_VerifyDevicesSetValue" time="3.109" classname="com.xirrus.xms.TS_Array_IAPs.TC_IAPs_RoamingAssist"/>
</testsuite>
