<?xml version="1.0" encoding="UTF-8"?>
<!-- Generated by org.testng.reporters.JUnitReportReporter -->
<testsuite hostname="ANasser-8470p" name="com.xirrus.xms.TS_Array_Services.TC_Services_Location" tests="12" failures="2" timestamp="25 Mar 2015 18:14:26 GMT" time="381.086" errors="0">
  <testcase name="testCase_verifyLocationKeyFieldValidation" time="104.911" classname="com.xirrus.xms.TS_Array_Services.TC_Services_Location">
    <failure type="java.lang.AssertionError" message="FAIL- Verification Failed!!!LocationKeyLengthWarning-TC_Services_Location-testCase_verifyLocationKeyFieldValidation">
      <![CDATA[java.lang.AssertionError: FAIL- Verification Failed!!!LocationKeyLengthWarning-TC_Services_Location-testCase_verifyLocationKeyFieldValidation
	at org.testng.Assert.fail(Assert.java:89)
	at com.xirrus.xms.locallib.LocalLib.verifyStringequals(LocalLib.java:128)
	at com.xirrus.xms.TS_Array_Services.TC_Services_Location.testCase_verifyLocationKeyFieldValidation(TC_Services_Location.java:709)
	at sun.reflect.NativeMethodAccessorImpl.invoke0(Native Method)
	at sun.reflect.NativeMethodAccessorImpl.invoke(NativeMethodAccessorImpl.java:57)
	at sun.reflect.DelegatingMethodAccessorImpl.invoke(DelegatingMethodAccessorImpl.java:43)
	at java.lang.reflect.Method.invoke(Method.java:606)
	at org.testng.internal.MethodInvocationHelper.invokeMethod(MethodInvocationHelper.java:74)
	at org.testng.internal.Invoker.invokeMethod(Invoker.java:673)
	at org.testng.internal.Invoker.invokeTestMethod(Invoker.java:846)
	at org.testng.internal.Invoker.invokeTestMethods(Invoker.java:1170)
	at org.testng.internal.TestMethodWorker.invokeTestMethods(TestMethodWorker.java:125)
	at org.testng.internal.TestMethodWorker.run(TestMethodWorker.java:109)
	at org.testng.TestRunner.runWorkers(TestRunner.java:1125)
	at org.testng.TestRunner.privateRun(TestRunner.java:749)
	at org.testng.TestRunner.run(TestRunner.java:600)
	at org.testng.SuiteRunner.runTest(SuiteRunner.java:317)
	at org.testng.SuiteRunner.runSequentially(SuiteRunner.java:312)
	at org.testng.SuiteRunner.privateRun(SuiteRunner.java:274)
	at org.testng.SuiteRunner.run(SuiteRunner.java:223)
	at org.testng.SuiteRunnerWorker.runSuite(SuiteRunnerWorker.java:52)
	at org.testng.SuiteRunnerWorker.run(SuiteRunnerWorker.java:86)
	at org.testng.TestNG.runSuitesSequentially(TestNG.java:965)
	at org.testng.TestNG.runSuitesSequentially(TestNG.java:961)
	at org.testng.TestNG.runSuitesLocally(TestNG.java:890)
	at org.testng.TestNG.run(TestNG.java:824)
	at org.testng.TestNG.privateMain(TestNG.java:1128)
	at org.testng.TestNG.main(TestNG.java:1092)
]]>
    </failure>
  </testcase>
  <testcase name="testCase_verifyLocationKeyEditValue" time="6.982" classname="com.xirrus.xms.TS_Array_Services.TC_Services_Location"/>
  <testcase name="testCase_verifyLocationSupportEnable" time="38.960" classname="com.xirrus.xms.TS_Array_Services.TC_Services_Location"/>
  <testcase name="testCase_verifyLocationPeriodFieldValidation" time="104.880" classname="com.xirrus.xms.TS_Array_Services.TC_Services_Location">
    <failure type="java.lang.AssertionError" message="FAIL- Verification Failed!!!LocationPeriodLimitWarning-TC_Services_Location-testCase_verifyLocationPeriodFieldValidation">
      <![CDATA[java.lang.AssertionError: FAIL- Verification Failed!!!LocationPeriodLimitWarning-TC_Services_Location-testCase_verifyLocationPeriodFieldValidation
	at org.testng.Assert.fail(Assert.java:89)
	at com.xirrus.xms.locallib.LocalLib.verifyStringequals(LocalLib.java:128)
	at com.xirrus.xms.TS_Array_Services.TC_Services_Location.testCase_verifyLocationPeriodFieldValidation(TC_Services_Location.java:767)
	at sun.reflect.NativeMethodAccessorImpl.invoke0(Native Method)
	at sun.reflect.NativeMethodAccessorImpl.invoke(NativeMethodAccessorImpl.java:57)
	at sun.reflect.DelegatingMethodAccessorImpl.invoke(DelegatingMethodAccessorImpl.java:43)
	at java.lang.reflect.Method.invoke(Method.java:606)
	at org.testng.internal.MethodInvocationHelper.invokeMethod(MethodInvocationHelper.java:74)
	at org.testng.internal.Invoker.invokeMethod(Invoker.java:673)
	at org.testng.internal.Invoker.invokeTestMethod(Invoker.java:846)
	at org.testng.internal.Invoker.invokeTestMethods(Invoker.java:1170)
	at org.testng.internal.TestMethodWorker.invokeTestMethods(TestMethodWorker.java:125)
	at org.testng.internal.TestMethodWorker.run(TestMethodWorker.java:109)
	at org.testng.TestRunner.runWorkers(TestRunner.java:1125)
	at org.testng.TestRunner.privateRun(TestRunner.java:749)
	at org.testng.TestRunner.run(TestRunner.java:600)
	at org.testng.SuiteRunner.runTest(SuiteRunner.java:317)
	at org.testng.SuiteRunner.runSequentially(SuiteRunner.java:312)
	at org.testng.SuiteRunner.privateRun(SuiteRunner.java:274)
	at org.testng.SuiteRunner.run(SuiteRunner.java:223)
	at org.testng.SuiteRunnerWorker.runSuite(SuiteRunnerWorker.java:52)
	at org.testng.SuiteRunnerWorker.run(SuiteRunnerWorker.java:86)
	at org.testng.TestNG.runSuitesSequentially(TestNG.java:965)
	at org.testng.TestNG.runSuitesSequentially(TestNG.java:961)
	at org.testng.TestNG.runSuitesLocally(TestNG.java:890)
	at org.testng.TestNG.run(TestNG.java:824)
	at org.testng.TestNG.privateMain(TestNG.java:1128)
	at org.testng.TestNG.main(TestNG.java:1092)
]]>
    </failure>
  </testcase>
  <testcase name="testCase_verifyLocationURLFieldValidation" time="45.756" classname="com.xirrus.xms.TS_Array_Services.TC_Services_Location"/>
  <testcase name="testCase_verifyLocationURLDefaultValue" time="6.971" classname="com.xirrus.xms.TS_Array_Services.TC_Services_Location"/>
  <testcase name="testCase_verifyLocationURLEditValue" time="6.858" classname="com.xirrus.xms.TS_Array_Services.TC_Services_Location"/>
  <testcase name="testCase_verifyLocationPeriodEditValue" time="6.865" classname="com.xirrus.xms.TS_Array_Services.TC_Services_Location"/>
  <testcase name="testCase_verifyLocationPeriodDefaultValue" time="6.990" classname="com.xirrus.xms.TS_Array_Services.TC_Services_Location"/>
  <testcase name="testCase_verifyLocationSupportDisable" time="37.981" classname="com.xirrus.xms.TS_Array_Services.TC_Services_Location"/>
  <testcase name="testCase_verifyNetflowDefaultVersion" time="6.821" classname="com.xirrus.xms.TS_Array_Services.TC_Services_Location"/>
  <testcase name="testCase_verifyLocationKeyDefaultValue" time="7.111" classname="com.xirrus.xms.TS_Array_Services.TC_Services_Location"/>
</testsuite>
