<?xml version="1.0" encoding="UTF-8"?>
<!-- Generated by org.testng.reporters.JUnitReportReporter -->
<testsuite hostname="ANasser-8470p" name="com.xirrus.xms.TS_Array_Security.TC_Security_AirWatch" tests="23" failures="4" timestamp="25 Mar 2015 18:14:26 GMT" time="898.847" errors="0">
  <testcase name="testCase_verifyAirWatchAPIAccessErrorUpdatedValue" time="3.240" classname="com.xirrus.xms.TS_Array_Security.TC_Security_AirWatch"/>
  <testcase name="testCase_verifyAirWatchAPITimeoutUpdatedValue" time="3.169" classname="com.xirrus.xms.TS_Array_Security.TC_Security_AirWatch"/>
  <testcase name="testCase_verifyAirWatchAPIPasswordFieldValidation" time="175.974" classname="com.xirrus.xms.TS_Array_Security.TC_Security_AirWatch">
    <failure type="java.lang.AssertionError" message="FAIL- Verification Failed!!!AirWatchAPIPasswdlimitWarning-TC_Security_AirWatch-testCase_verifyAirWatchAPIPasswordFieldValidation">
      <![CDATA[java.lang.AssertionError: FAIL- Verification Failed!!!AirWatchAPIPasswdlimitWarning-TC_Security_AirWatch-testCase_verifyAirWatchAPIPasswordFieldValidation
	at org.testng.Assert.fail(Assert.java:89)
	at com.xirrus.xms.locallib.LocalLib.verifyStringequals(LocalLib.java:128)
	at com.xirrus.xms.TS_Array_Security.TC_Security_AirWatch.testCase_verifyAirWatchAPIPasswordFieldValidation(TC_Security_AirWatch.java:1349)
	at sun.reflect.NativeMethodAccessorImpl.invoke0(Native Method)
	at sun.reflect.NativeMethodAccessorImpl.invoke(NativeMethodAccessorImpl.java:57)
	at sun.reflect.DelegatingMethodAccessorImpl.invoke(DelegatingMethodAccessorImpl.java:43)
	at java.lang.reflect.Method.invoke(Method.java:606)
	at org.testng.internal.MethodInvocationHelper.invokeMethod(MethodInvocationHelper.java:74)
	at org.testng.internal.Invoker.invokeMethod(Invoker.java:673)
	at org.testng.internal.Invoker.invokeTestMethod(Invoker.java:846)
	at org.testng.internal.Invoker.invokeTestMethods(Invoker.java:1170)
	at org.testng.internal.TestMethodWorker.invokeTestMethods(TestMethodWorker.java:125)
	at org.testng.internal.TestMethodWorker.run(TestMethodWorker.java:109)
	at org.testng.TestRunner.runWorkers(TestRunner.java:1125)
	at org.testng.TestRunner.privateRun(TestRunner.java:749)
	at org.testng.TestRunner.run(TestRunner.java:600)
	at org.testng.SuiteRunner.runTest(SuiteRunner.java:317)
	at org.testng.SuiteRunner.runSequentially(SuiteRunner.java:312)
	at org.testng.SuiteRunner.privateRun(SuiteRunner.java:274)
	at org.testng.SuiteRunner.run(SuiteRunner.java:223)
	at org.testng.SuiteRunnerWorker.runSuite(SuiteRunnerWorker.java:52)
	at org.testng.SuiteRunnerWorker.run(SuiteRunnerWorker.java:86)
	at org.testng.TestNG.runSuitesSequentially(TestNG.java:965)
	at org.testng.TestNG.runSuitesSequentially(TestNG.java:961)
	at org.testng.TestNG.runSuitesLocally(TestNG.java:890)
	at org.testng.TestNG.run(TestNG.java:824)
	at org.testng.TestNG.privateMain(TestNG.java:1128)
	at org.testng.TestNG.main(TestNG.java:1092)
]]>
    </failure>
  </testcase>
  <testcase name="testCase_verifyAirWatchRedirectURLUpdatedValue" time="3.170" classname="com.xirrus.xms.TS_Array_Security.TC_Security_AirWatch"/>
  <testcase name="testCase_verifyAirWatchAPIUsernameUpdatedValue" time="3.157" classname="com.xirrus.xms.TS_Array_Security.TC_Security_AirWatch"/>
  <testcase name="testCase_verifyAirWatchAPIUsernameFieldValidation" time="136.848" classname="com.xirrus.xms.TS_Array_Security.TC_Security_AirWatch">
    <failure type="java.lang.AssertionError" message="FAIL- Verification Failed!!!AirWatchAPIURLusernameInvalidWarning-TC_Security_AirWatch-testCase_verifyAirWatchAPIUsernameFieldValidation">
      <![CDATA[java.lang.AssertionError: FAIL- Verification Failed!!!AirWatchAPIURLusernameInvalidWarning-TC_Security_AirWatch-testCase_verifyAirWatchAPIUsernameFieldValidation
	at org.testng.Assert.fail(Assert.java:89)
	at com.xirrus.xms.locallib.LocalLib.verifyStringequals(LocalLib.java:128)
	at com.xirrus.xms.TS_Array_Security.TC_Security_AirWatch.testCase_verifyAirWatchAPIUsernameFieldValidation(TC_Security_AirWatch.java:1208)
	at sun.reflect.NativeMethodAccessorImpl.invoke0(Native Method)
	at sun.reflect.NativeMethodAccessorImpl.invoke(NativeMethodAccessorImpl.java:57)
	at sun.reflect.DelegatingMethodAccessorImpl.invoke(DelegatingMethodAccessorImpl.java:43)
	at java.lang.reflect.Method.invoke(Method.java:606)
	at org.testng.internal.MethodInvocationHelper.invokeMethod(MethodInvocationHelper.java:74)
	at org.testng.internal.Invoker.invokeMethod(Invoker.java:673)
	at org.testng.internal.Invoker.invokeTestMethod(Invoker.java:846)
	at org.testng.internal.Invoker.invokeTestMethods(Invoker.java:1170)
	at org.testng.internal.TestMethodWorker.invokeTestMethods(TestMethodWorker.java:125)
	at org.testng.internal.TestMethodWorker.run(TestMethodWorker.java:109)
	at org.testng.TestRunner.runWorkers(TestRunner.java:1125)
	at org.testng.TestRunner.privateRun(TestRunner.java:749)
	at org.testng.TestRunner.run(TestRunner.java:600)
	at org.testng.SuiteRunner.runTest(SuiteRunner.java:317)
	at org.testng.SuiteRunner.runSequentially(SuiteRunner.java:312)
	at org.testng.SuiteRunner.privateRun(SuiteRunner.java:274)
	at org.testng.SuiteRunner.run(SuiteRunner.java:223)
	at org.testng.SuiteRunnerWorker.runSuite(SuiteRunnerWorker.java:52)
	at org.testng.SuiteRunnerWorker.run(SuiteRunnerWorker.java:86)
	at org.testng.TestNG.runSuitesSequentially(TestNG.java:965)
	at org.testng.TestNG.runSuitesSequentially(TestNG.java:961)
	at org.testng.TestNG.runSuitesLocally(TestNG.java:890)
	at org.testng.TestNG.run(TestNG.java:824)
	at org.testng.TestNG.privateMain(TestNG.java:1128)
	at org.testng.TestNG.main(TestNG.java:1092)
]]>
    </failure>
  </testcase>
  <testcase name="testCase_verifyAirWatchRedirectURLFieldValidation" time="52.934" classname="com.xirrus.xms.TS_Array_Security.TC_Security_AirWatch"/>
  <testcase name="testCase_verifyAirWatchAPITimeoutFieldValidation" time="50.374" classname="com.xirrus.xms.TS_Array_Security.TC_Security_AirWatch"/>
  <testcase name="testCase_verifyAirWatchAPIPollPeriodDefaultValue" time="3.189" classname="com.xirrus.xms.TS_Array_Security.TC_Security_AirWatch"/>
  <testcase name="testCase_verifyAirWatchAPIHostnameFieldValidation" time="136.921" classname="com.xirrus.xms.TS_Array_Security.TC_Security_AirWatch">
    <failure type="java.lang.AssertionError" message="FAIL- Verification Failed!!!AirWatchAPIURLHostnameInvalidIPWarning-TC_Security_AirWatch-testCase_verifyAirWatchAPIHostnameFieldValidation">
      <![CDATA[java.lang.AssertionError: FAIL- Verification Failed!!!AirWatchAPIURLHostnameInvalidIPWarning-TC_Security_AirWatch-testCase_verifyAirWatchAPIHostnameFieldValidation
	at org.testng.Assert.fail(Assert.java:89)
	at com.xirrus.xms.locallib.LocalLib.verifyStringequals(LocalLib.java:128)
	at com.xirrus.xms.TS_Array_Security.TC_Security_AirWatch.testCase_verifyAirWatchAPIHostnameFieldValidation(TC_Security_AirWatch.java:1098)
	at sun.reflect.NativeMethodAccessorImpl.invoke0(Native Method)
	at sun.reflect.NativeMethodAccessorImpl.invoke(NativeMethodAccessorImpl.java:57)
	at sun.reflect.DelegatingMethodAccessorImpl.invoke(DelegatingMethodAccessorImpl.java:43)
	at java.lang.reflect.Method.invoke(Method.java:606)
	at org.testng.internal.MethodInvocationHelper.invokeMethod(MethodInvocationHelper.java:74)
	at org.testng.internal.Invoker.invokeMethod(Invoker.java:673)
	at org.testng.internal.Invoker.invokeTestMethod(Invoker.java:846)
	at org.testng.internal.Invoker.invokeTestMethods(Invoker.java:1170)
	at org.testng.internal.TestMethodWorker.invokeTestMethods(TestMethodWorker.java:125)
	at org.testng.internal.TestMethodWorker.run(TestMethodWorker.java:109)
	at org.testng.TestRunner.runWorkers(TestRunner.java:1125)
	at org.testng.TestRunner.privateRun(TestRunner.java:749)
	at org.testng.TestRunner.run(TestRunner.java:600)
	at org.testng.SuiteRunner.runTest(SuiteRunner.java:317)
	at org.testng.SuiteRunner.runSequentially(SuiteRunner.java:312)
	at org.testng.SuiteRunner.privateRun(SuiteRunner.java:274)
	at org.testng.SuiteRunner.run(SuiteRunner.java:223)
	at org.testng.SuiteRunnerWorker.runSuite(SuiteRunnerWorker.java:52)
	at org.testng.SuiteRunnerWorker.run(SuiteRunnerWorker.java:86)
	at org.testng.TestNG.runSuitesSequentially(TestNG.java:965)
	at org.testng.TestNG.runSuitesSequentially(TestNG.java:961)
	at org.testng.TestNG.runSuitesLocally(TestNG.java:890)
	at org.testng.TestNG.run(TestNG.java:824)
	at org.testng.TestNG.privateMain(TestNG.java:1128)
	at org.testng.TestNG.main(TestNG.java:1092)
]]>
    </failure>
  </testcase>
  <testcase name="testCase_verifyAirWatchAPIPollPeriodUpdatedValue" time="3.160" classname="com.xirrus.xms.TS_Array_Security.TC_Security_AirWatch"/>
  <testcase name="testCase_verifyAirWatchAPIAccessErrorDefaultValue" time="3.250" classname="com.xirrus.xms.TS_Array_Security.TC_Security_AirWatch"/>
  <testcase name="testCase_verifyAirWatchAPIPasswordDefaultValue" time="3.186" classname="com.xirrus.xms.TS_Array_Security.TC_Security_AirWatch"/>
  <testcase name="testCase_verifyAirWatchAPIKeyFieldValidation" time="138.271" classname="com.xirrus.xms.TS_Array_Security.TC_Security_AirWatch">
    <failure type="java.lang.AssertionError" message="FAIL- Verification Failed!!!AirWatchAPIKeyInvalidWarning-TC_Security_AirWatch-testCase_verifyAirWatchAPIKeyFieldValidation">
      <![CDATA[java.lang.AssertionError: FAIL- Verification Failed!!!AirWatchAPIKeyInvalidWarning-TC_Security_AirWatch-testCase_verifyAirWatchAPIKeyFieldValidation
	at org.testng.Assert.fail(Assert.java:89)
	at com.xirrus.xms.locallib.LocalLib.verifyStringequals(LocalLib.java:128)
	at com.xirrus.xms.TS_Array_Security.TC_Security_AirWatch.testCase_verifyAirWatchAPIKeyFieldValidation(TC_Security_AirWatch.java:1468)
	at sun.reflect.NativeMethodAccessorImpl.invoke0(Native Method)
	at sun.reflect.NativeMethodAccessorImpl.invoke(NativeMethodAccessorImpl.java:57)
	at sun.reflect.DelegatingMethodAccessorImpl.invoke(DelegatingMethodAccessorImpl.java:43)
	at java.lang.reflect.Method.invoke(Method.java:606)
	at org.testng.internal.MethodInvocationHelper.invokeMethod(MethodInvocationHelper.java:74)
	at org.testng.internal.Invoker.invokeMethod(Invoker.java:673)
	at org.testng.internal.Invoker.invokeTestMethod(Invoker.java:846)
	at org.testng.internal.Invoker.invokeTestMethods(Invoker.java:1170)
	at org.testng.internal.TestMethodWorker.invokeTestMethods(TestMethodWorker.java:125)
	at org.testng.internal.TestMethodWorker.run(TestMethodWorker.java:109)
	at org.testng.TestRunner.runWorkers(TestRunner.java:1125)
	at org.testng.TestRunner.privateRun(TestRunner.java:749)
	at org.testng.TestRunner.run(TestRunner.java:600)
	at org.testng.SuiteRunner.runTest(SuiteRunner.java:317)
	at org.testng.SuiteRunner.runSequentially(SuiteRunner.java:312)
	at org.testng.SuiteRunner.privateRun(SuiteRunner.java:274)
	at org.testng.SuiteRunner.run(SuiteRunner.java:223)
	at org.testng.SuiteRunnerWorker.runSuite(SuiteRunnerWorker.java:52)
	at org.testng.SuiteRunnerWorker.run(SuiteRunnerWorker.java:86)
	at org.testng.TestNG.runSuitesSequentially(TestNG.java:965)
	at org.testng.TestNG.runSuitesSequentially(TestNG.java:961)
	at org.testng.TestNG.runSuitesLocally(TestNG.java:890)
	at org.testng.TestNG.run(TestNG.java:824)
	at org.testng.TestNG.privateMain(TestNG.java:1128)
	at org.testng.TestNG.main(TestNG.java:1092)
]]>
    </failure>
  </testcase>
  <testcase name="testCase_verifyAirWatchAPIKeyUpdatedValue" time="3.171" classname="com.xirrus.xms.TS_Array_Security.TC_Security_AirWatch"/>
  <testcase name="testCase_verifyAirWatchAPITimeoutDefaultValue" time="4.211" classname="com.xirrus.xms.TS_Array_Security.TC_Security_AirWatch"/>
  <testcase name="testCase_verifyAirWatchRedirectURLDefaultValue" time="3.155" classname="com.xirrus.xms.TS_Array_Security.TC_Security_AirWatch"/>
  <testcase name="testCase_verifyAirWatchAPIPollPeriodFieldValidation" time="50.271" classname="com.xirrus.xms.TS_Array_Security.TC_Security_AirWatch"/>
  <testcase name="testCase_verifyAirWatchAPIHostnameDefaultValue" time="68.720" classname="com.xirrus.xms.TS_Array_Security.TC_Security_AirWatch"/>
  <testcase name="testCase_verifyAirWatchAPIHostnameUpdatedValue" time="41.955" classname="com.xirrus.xms.TS_Array_Security.TC_Security_AirWatch"/>
  <testcase name="testCase_verifyAirWatchAPIKeyDefaultValue" time="3.185" classname="com.xirrus.xms.TS_Array_Security.TC_Security_AirWatch"/>
  <testcase name="testCase_verifyAirWatchAPIUsernameDefaultValue" time="4.213" classname="com.xirrus.xms.TS_Array_Security.TC_Security_AirWatch"/>
  <testcase name="testCase_verifyAirWatchAPIPasswordUpdatedValue" time="3.123" classname="com.xirrus.xms.TS_Array_Security.TC_Security_AirWatch"/>
</testsuite>
