<?xml version="1.0" encoding="UTF-8"?>
<testsuite hostname="ANasser-8470p" name="com.xirrus.xms.TS_Array_SSIDs.TC_SSIDs_Mgmt_GeneralSettings" tests="7" failures="4" timestamp="25 Mar 2015 18:03:58 GMT" time="1528.681" errors="0">
  <testcase name="testCase_VerifyDefaultSSIDGeneralSettings" time="436.121" classname="com.xirrus.xms.TS_Array_SSIDs.TC_SSIDs_Mgmt_GeneralSettings"/>
  <testcase name="testCase_VerifyAddSSIDwithDefaultGeneralSettings" time="515.809" classname="com.xirrus.xms.TS_Array_SSIDs.TC_SSIDs_Mgmt_GeneralSettings"/>
  <testcase name="testCase_VerifyAddSSIDwithcustomGeneralSettings" time="36.609" classname="com.xirrus.xms.TS_Array_SSIDs.TC_SSIDs_Mgmt_GeneralSettings">
    <failure type="org.openqa.selenium.NoSuchElementException" message="Cannot locate element with text: SSIDVLAN
For documentation on this error, please visit: http://seleniumhq.org/exceptions/no_such_element.html
Build info: version: &amp;apos;2.40.0&amp;apos;, revision: &amp;apos;fbe29a9&amp;apos;, time: &amp;apos;2014-02-19 20:55:11&amp;apos;
System info: host: &amp;apos;ANasser-8470p&amp;apos;, ip: &amp;apos;10.100.23.51&amp;apos;, os.name: &amp;apos;Windows 7&amp;apos;, os.arch: &amp;apos;amd64&amp;apos;, os.version: &amp;apos;6.1&amp;apos;, java.version: &amp;apos;1.7.0_60&amp;apos;
Driver info: driver.version: unknown">
      <![CDATA[org.openqa.selenium.NoSuchElementException: Cannot locate element with text: SSIDVLAN
For documentation on this error, please visit: http://seleniumhq.org/exceptions/no_such_element.html
Build info: version: '2.40.0', revision: 'fbe29a9', time: '2014-02-19 20:55:11'
System info: host: 'ANasser-8470p', ip: '10.100.23.51', os.name: 'Windows 7', os.arch: 'amd64', os.version: '6.1', java.version: '1.7.0_60'
Driver info: driver.version: unknown
	at org.openqa.selenium.support.ui.Select.selectByVisibleText(Select.java:147)
	at com.xirrus.xms.locallib.LocalLib.selectDropDown(LocalLib.java:274)
	at com.xirrus.xms.TS_Array_SSIDs.TC_SSIDs_Mgmt_GeneralSettings.testCase_VerifyAddSSIDwithcustomGeneralSettings(TC_SSIDs_Mgmt_GeneralSettings.java:613)
... Removed 25 stack frames]]>
    </failure>
  </testcase>
  <testcase name="testCase_VerifyEditSSIDGeneralSettings" time="14.582" classname="com.xirrus.xms.TS_Array_SSIDs.TC_SSIDs_Mgmt_GeneralSettings">
    <failure type="org.openqa.selenium.NoSuchElementException" message="Cannot locate element with text: custom
For documentation on this error, please visit: http://seleniumhq.org/exceptions/no_such_element.html
Build info: version: &amp;apos;2.40.0&amp;apos;, revision: &amp;apos;fbe29a9&amp;apos;, time: &amp;apos;2014-02-19 20:55:11&amp;apos;
System info: host: &amp;apos;ANasser-8470p&amp;apos;, ip: &amp;apos;10.100.23.51&amp;apos;, os.name: &amp;apos;Windows 7&amp;apos;, os.arch: &amp;apos;amd64&amp;apos;, os.version: &amp;apos;6.1&amp;apos;, java.version: &amp;apos;1.7.0_60&amp;apos;
Driver info: driver.version: unknown">
      <![CDATA[org.openqa.selenium.NoSuchElementException: Cannot locate element with text: custom
For documentation on this error, please visit: http://seleniumhq.org/exceptions/no_such_element.html
Build info: version: '2.40.0', revision: 'fbe29a9', time: '2014-02-19 20:55:11'
System info: host: 'ANasser-8470p', ip: '10.100.23.51', os.name: 'Windows 7', os.arch: 'amd64', os.version: '6.1', java.version: '1.7.0_60'
Driver info: driver.version: unknown
	at org.openqa.selenium.support.ui.Select.selectByVisibleText(Select.java:147)
	at com.xirrus.xms.locallib.LocalLib.selectDropDown(LocalLib.java:274)
	at com.xirrus.xms.TS_Array_SSIDs.TC_SSIDs_Mgmt_GeneralSettings.testCase_VerifyEditSSIDGeneralSettings(TC_SSIDs_Mgmt_GeneralSettings.java:849)
... Removed 25 stack frames]]>
    </failure>
  </testcase>
  <testcase name="testCase_VerifyDeleteSSID" time="14.576" classname="com.xirrus.xms.TS_Array_SSIDs.TC_SSIDs_Mgmt_GeneralSettings">
    <failure type="org.openqa.selenium.NoSuchElementException" message="Cannot locate element with text: custom
For documentation on this error, please visit: http://seleniumhq.org/exceptions/no_such_element.html
Build info: version: &amp;apos;2.40.0&amp;apos;, revision: &amp;apos;fbe29a9&amp;apos;, time: &amp;apos;2014-02-19 20:55:11&amp;apos;
System info: host: &amp;apos;ANasser-8470p&amp;apos;, ip: &amp;apos;10.100.23.51&amp;apos;, os.name: &amp;apos;Windows 7&amp;apos;, os.arch: &amp;apos;amd64&amp;apos;, os.version: &amp;apos;6.1&amp;apos;, java.version: &amp;apos;1.7.0_60&amp;apos;
Driver info: driver.version: unknown">
      <![CDATA[org.openqa.selenium.NoSuchElementException: Cannot locate element with text: custom
For documentation on this error, please visit: http://seleniumhq.org/exceptions/no_such_element.html
Build info: version: '2.40.0', revision: 'fbe29a9', time: '2014-02-19 20:55:11'
System info: host: 'ANasser-8470p', ip: '10.100.23.51', os.name: 'Windows 7', os.arch: 'amd64', os.version: '6.1', java.version: '1.7.0_60'
Driver info: driver.version: unknown
	at org.openqa.selenium.support.ui.Select.selectByVisibleText(Select.java:147)
	at com.xirrus.xms.locallib.LocalLib.selectDropDown(LocalLib.java:274)
	at com.xirrus.xms.TS_Array_SSIDs.TC_SSIDs_Mgmt_GeneralSettings.testCase_VerifyDeleteSSID(TC_SSIDs_Mgmt_GeneralSettings.java:1088)
... Removed 25 stack frames]]>
    </failure>
  </testcase>
  <testcase name="testCase_VerifyRenameSSID" time="482.487" classname="com.xirrus.xms.TS_Array_SSIDs.TC_SSIDs_Mgmt_GeneralSettings"/>
  <testcase name="testCase_VerifySSIDNameFieldValidation" time="28.463" classname="com.xirrus.xms.TS_Array_SSIDs.TC_SSIDs_Mgmt_GeneralSettings">
    <failure type="java.lang.AssertionError" message="FAIL- Verification Failed!!!ExistingSSIDWarning-TC_SSIDs_Mgmt_GeneralSettings-testCase_VerifySSIDNameFieldValidation">
      <![CDATA[java.lang.AssertionError: FAIL- Verification Failed!!!ExistingSSIDWarning-TC_SSIDs_Mgmt_GeneralSettings-testCase_VerifySSIDNameFieldValidation
	at com.xirrus.xms.locallib.LocalLib.verifyStringequals(LocalLib.java:128)
	at com.xirrus.xms.TS_Array_SSIDs.TC_SSIDs_Mgmt_GeneralSettings.testCase_VerifySSIDNameFieldValidation(TC_SSIDs_Mgmt_GeneralSettings.java:1440)
... Removed 26 stack frames]]>
    </failure>
  </testcase>
</testsuite>
