<html>
<head>
<title>TestNG:  TC_SSIDs_Mgmt_GeneralSettings</title>
<link href="../testng.css" rel="stylesheet" type="text/css" />
<link href="../my-testng.css" rel="stylesheet" type="text/css" />

<style type="text/css">
.log { display: none;} 
.stack-trace { display: none;} 
</style>
<script type="text/javascript">
<!--
function flip(e) {
  current = e.style.display;
  if (current == 'block') {
    e.style.display = 'none';
    return 0;
  }
  else {
    e.style.display = 'block';
    return 1;
  }
}

function toggleBox(szDivId, elem, msg1, msg2)
{
  var res = -1;  if (document.getElementById) {
    res = flip(document.getElementById(szDivId));
  }
  else if (document.all) {
    // this is the way old msie versions work
    res = flip(document.all[szDivId]);
  }
  if(elem) {
    if(res == 0) elem.innerHTML = msg1; else elem.innerHTML = msg2;
  }

}

function toggleAllBoxes() {
  if (document.getElementsByTagName) {
    d = document.getElementsByTagName('div');
    for (i = 0; i < d.length; i++) {
      if (d[i].className == 'log') {
        flip(d[i]);
      }
    }
  }
}

// -->
</script>

</head>
<body>
<h2 align='center'>TC_SSIDs_Mgmt_GeneralSettings</h2><table border='1' align="center">
<tr>
<td>Tests passed/Failed/Skipped:</td><td>3/4/0</td>
</tr><tr>
<td>Started on:</td><td>Wed Mar 25 10:38:29 PDT 2015</td>
</tr>
<tr><td>Total time:</td><td>1528 seconds (1528681 ms)</td>
</tr><tr>
<td>Included groups:</td><td></td>
</tr><tr>
<td>Excluded groups:</td><td></td>
</tr>
</table><p/>
<small><i>(Hover the method name to see the test class name)</i></small><p/>
<table width='100%' border='1' class='invocation-failed'>
<tr><td colspan='4' align='center'><b>FAILED TESTS</b></td></tr>
<tr><td><b>Test method</b></td>
<td width="30%"><b>Exception</b></td>
<td width="10%"><b>Time (seconds)</b></td>
<td><b>Instance</b></td>
</tr>
<tr>
<td title='com.xirrus.xms.TS_Array_SSIDs.TC_SSIDs_Mgmt_GeneralSettings.testCase_VerifyAddSSIDwithcustomGeneralSettings()'><b>testCase_VerifyAddSSIDwithcustomGeneralSettings</b><br>Test class: com.xirrus.xms.TS_Array_SSIDs.TC_SSIDs_Mgmt_GeneralSettings</td>
<td><div><pre>org.openqa.selenium.NoSuchElementException: Cannot locate element with text: SSIDVLAN
For documentation on this error, please visit: http://seleniumhq.org/exceptions/no_such_element.html
Build info: version: &apos;2.40.0&apos;, revision: &apos;fbe29a9&apos;, time: &apos;2014-02-19 20:55:11&apos;
System info: host: &apos;ANasser-8470p&apos;, ip: &apos;10.100.23.51&apos;, os.name: &apos;Windows 7&apos;, os.arch: &apos;amd64&apos;, os.version: &apos;6.1&apos;, java.version: &apos;1.7.0_60&apos;
Driver info: driver.version: unknown
	at org.openqa.selenium.support.ui.Select.selectByVisibleText(Select.java:147)
	at com.xirrus.xms.locallib.LocalLib.selectDropDown(LocalLib.java:274)
	at com.xirrus.xms.TS_Array_SSIDs.TC_SSIDs_Mgmt_GeneralSettings.testCase_VerifyAddSSIDwithcustomGeneralSettings(TC_SSIDs_Mgmt_GeneralSettings.java:613)
... Removed 25 stack frames</pre></div><a href='#' onClick='toggleBox("stack-trace344701855", this, "Click to show all stack frames", "Click to hide stack frames")'>Click to show all stack frames</a>
<div class='stack-trace' id='stack-trace344701855'><pre>org.openqa.selenium.NoSuchElementException: Cannot locate element with text: SSIDVLAN
For documentation on this error, please visit: http://seleniumhq.org/exceptions/no_such_element.html
Build info: version: '2.40.0', revision: 'fbe29a9', time: '2014-02-19 20:55:11'
System info: host: 'ANasser-8470p', ip: '10.100.23.51', os.name: 'Windows 7', os.arch: 'amd64', os.version: '6.1', java.version: '1.7.0_60'
Driver info: driver.version: unknown
	at org.openqa.selenium.support.ui.Select.selectByVisibleText(Select.java:147)
	at com.xirrus.xms.locallib.LocalLib.selectDropDown(LocalLib.java:274)
	at com.xirrus.xms.TS_Array_SSIDs.TC_SSIDs_Mgmt_GeneralSettings.testCase_VerifyAddSSIDwithcustomGeneralSettings(TC_SSIDs_Mgmt_GeneralSettings.java:613)
	at sun.reflect.NativeMethodAccessorImpl.invoke0(Native Method)
	at sun.reflect.NativeMethodAccessorImpl.invoke(NativeMethodAccessorImpl.java:57)
	at sun.reflect.DelegatingMethodAccessorImpl.invoke(DelegatingMethodAccessorImpl.java:43)
	at java.lang.reflect.Method.invoke(Method.java:606)
	at org.testng.internal.MethodInvocationHelper.invokeMethod(MethodInvocationHelper.java:74)
	at org.testng.internal.Invoker.invokeMethod(Invoker.java:673)
	at org.testng.internal.Invoker.invokeTestMethod(Invoker.java:846)
	at org.testng.internal.Invoker.invokeTestMethods(Invoker.java:1170)
	at org.testng.internal.TestMethodWorker.invokeTestMethods(TestMethodWorker.java:125)
	at org.testng.internal.TestMethodWorker.run(TestMethodWorker.java:109)
	at org.testng.TestRunner.runWorkers(TestRunner.java:1125)
	at org.testng.TestRunner.privateRun(TestRunner.java:749)
	at org.testng.TestRunner.run(TestRunner.java:600)
	at org.testng.SuiteRunner.runTest(SuiteRunner.java:317)
	at org.testng.SuiteRunner.runSequentially(SuiteRunner.java:312)
	at org.testng.SuiteRunner.privateRun(SuiteRunner.java:274)
	at org.testng.SuiteRunner.run(SuiteRunner.java:223)
	at org.testng.SuiteRunnerWorker.runSuite(SuiteRunnerWorker.java:52)
	at org.testng.SuiteRunnerWorker.run(SuiteRunnerWorker.java:86)
	at org.testng.TestNG.runSuitesSequentially(TestNG.java:965)
	at org.testng.TestNG.runSuitesSequentially(TestNG.java:961)
	at org.testng.TestNG.runSuitesLocally(TestNG.java:890)
	at org.testng.TestNG.run(TestNG.java:824)
	at org.testng.TestNG.privateMain(TestNG.java:1128)
	at org.testng.TestNG.main(TestNG.java:1092)
</pre></div></td>
<td>36</td>
<td>com.xirrus.xms.TS_Array_SSIDs.TC_SSIDs_Mgmt_GeneralSettings@7c9aff86</td></tr>
<tr>
<td title='com.xirrus.xms.TS_Array_SSIDs.TC_SSIDs_Mgmt_GeneralSettings.testCase_VerifyDeleteSSID()'><b>testCase_VerifyDeleteSSID</b><br>Test class: com.xirrus.xms.TS_Array_SSIDs.TC_SSIDs_Mgmt_GeneralSettings</td>
<td><div><pre>org.openqa.selenium.NoSuchElementException: Cannot locate element with text: custom
For documentation on this error, please visit: http://seleniumhq.org/exceptions/no_such_element.html
Build info: version: &apos;2.40.0&apos;, revision: &apos;fbe29a9&apos;, time: &apos;2014-02-19 20:55:11&apos;
System info: host: &apos;ANasser-8470p&apos;, ip: &apos;10.100.23.51&apos;, os.name: &apos;Windows 7&apos;, os.arch: &apos;amd64&apos;, os.version: &apos;6.1&apos;, java.version: &apos;1.7.0_60&apos;
Driver info: driver.version: unknown
	at org.openqa.selenium.support.ui.Select.selectByVisibleText(Select.java:147)
	at com.xirrus.xms.locallib.LocalLib.selectDropDown(LocalLib.java:274)
	at com.xirrus.xms.TS_Array_SSIDs.TC_SSIDs_Mgmt_GeneralSettings.testCase_VerifyDeleteSSID(TC_SSIDs_Mgmt_GeneralSettings.java:1088)
... Removed 25 stack frames</pre></div><a href='#' onClick='toggleBox("stack-trace1834108970", this, "Click to show all stack frames", "Click to hide stack frames")'>Click to show all stack frames</a>
<div class='stack-trace' id='stack-trace1834108970'><pre>org.openqa.selenium.NoSuchElementException: Cannot locate element with text: custom
For documentation on this error, please visit: http://seleniumhq.org/exceptions/no_such_element.html
Build info: version: '2.40.0', revision: 'fbe29a9', time: '2014-02-19 20:55:11'
System info: host: 'ANasser-8470p', ip: '10.100.23.51', os.name: 'Windows 7', os.arch: 'amd64', os.version: '6.1', java.version: '1.7.0_60'
Driver info: driver.version: unknown
	at org.openqa.selenium.support.ui.Select.selectByVisibleText(Select.java:147)
	at com.xirrus.xms.locallib.LocalLib.selectDropDown(LocalLib.java:274)
	at com.xirrus.xms.TS_Array_SSIDs.TC_SSIDs_Mgmt_GeneralSettings.testCase_VerifyDeleteSSID(TC_SSIDs_Mgmt_GeneralSettings.java:1088)
	at sun.reflect.NativeMethodAccessorImpl.invoke0(Native Method)
	at sun.reflect.NativeMethodAccessorImpl.invoke(NativeMethodAccessorImpl.java:57)
	at sun.reflect.DelegatingMethodAccessorImpl.invoke(DelegatingMethodAccessorImpl.java:43)
	at java.lang.reflect.Method.invoke(Method.java:606)
	at org.testng.internal.MethodInvocationHelper.invokeMethod(MethodInvocationHelper.java:74)
	at org.testng.internal.Invoker.invokeMethod(Invoker.java:673)
	at org.testng.internal.Invoker.invokeTestMethod(Invoker.java:846)
	at org.testng.internal.Invoker.invokeTestMethods(Invoker.java:1170)
	at org.testng.internal.TestMethodWorker.invokeTestMethods(TestMethodWorker.java:125)
	at org.testng.internal.TestMethodWorker.run(TestMethodWorker.java:109)
	at org.testng.TestRunner.runWorkers(TestRunner.java:1125)
	at org.testng.TestRunner.privateRun(TestRunner.java:749)
	at org.testng.TestRunner.run(TestRunner.java:600)
	at org.testng.SuiteRunner.runTest(SuiteRunner.java:317)
	at org.testng.SuiteRunner.runSequentially(SuiteRunner.java:312)
	at org.testng.SuiteRunner.privateRun(SuiteRunner.java:274)
	at org.testng.SuiteRunner.run(SuiteRunner.java:223)
	at org.testng.SuiteRunnerWorker.runSuite(SuiteRunnerWorker.java:52)
	at org.testng.SuiteRunnerWorker.run(SuiteRunnerWorker.java:86)
	at org.testng.TestNG.runSuitesSequentially(TestNG.java:965)
	at org.testng.TestNG.runSuitesSequentially(TestNG.java:961)
	at org.testng.TestNG.runSuitesLocally(TestNG.java:890)
	at org.testng.TestNG.run(TestNG.java:824)
	at org.testng.TestNG.privateMain(TestNG.java:1128)
	at org.testng.TestNG.main(TestNG.java:1092)
</pre></div></td>
<td>14</td>
<td>com.xirrus.xms.TS_Array_SSIDs.TC_SSIDs_Mgmt_GeneralSettings@7c9aff86</td></tr>
<tr>
<td title='com.xirrus.xms.TS_Array_SSIDs.TC_SSIDs_Mgmt_GeneralSettings.testCase_VerifyEditSSIDGeneralSettings()'><b>testCase_VerifyEditSSIDGeneralSettings</b><br>Test class: com.xirrus.xms.TS_Array_SSIDs.TC_SSIDs_Mgmt_GeneralSettings</td>
<td><div><pre>org.openqa.selenium.NoSuchElementException: Cannot locate element with text: custom
For documentation on this error, please visit: http://seleniumhq.org/exceptions/no_such_element.html
Build info: version: &apos;2.40.0&apos;, revision: &apos;fbe29a9&apos;, time: &apos;2014-02-19 20:55:11&apos;
System info: host: &apos;ANasser-8470p&apos;, ip: &apos;10.100.23.51&apos;, os.name: &apos;Windows 7&apos;, os.arch: &apos;amd64&apos;, os.version: &apos;6.1&apos;, java.version: &apos;1.7.0_60&apos;
Driver info: driver.version: unknown
	at org.openqa.selenium.support.ui.Select.selectByVisibleText(Select.java:147)
	at com.xirrus.xms.locallib.LocalLib.selectDropDown(LocalLib.java:274)
	at com.xirrus.xms.TS_Array_SSIDs.TC_SSIDs_Mgmt_GeneralSettings.testCase_VerifyEditSSIDGeneralSettings(TC_SSIDs_Mgmt_GeneralSettings.java:849)
... Removed 25 stack frames</pre></div><a href='#' onClick='toggleBox("stack-trace695978577", this, "Click to show all stack frames", "Click to hide stack frames")'>Click to show all stack frames</a>
<div class='stack-trace' id='stack-trace695978577'><pre>org.openqa.selenium.NoSuchElementException: Cannot locate element with text: custom
For documentation on this error, please visit: http://seleniumhq.org/exceptions/no_such_element.html
Build info: version: '2.40.0', revision: 'fbe29a9', time: '2014-02-19 20:55:11'
System info: host: 'ANasser-8470p', ip: '10.100.23.51', os.name: 'Windows 7', os.arch: 'amd64', os.version: '6.1', java.version: '1.7.0_60'
Driver info: driver.version: unknown
	at org.openqa.selenium.support.ui.Select.selectByVisibleText(Select.java:147)
	at com.xirrus.xms.locallib.LocalLib.selectDropDown(LocalLib.java:274)
	at com.xirrus.xms.TS_Array_SSIDs.TC_SSIDs_Mgmt_GeneralSettings.testCase_VerifyEditSSIDGeneralSettings(TC_SSIDs_Mgmt_GeneralSettings.java:849)
	at sun.reflect.NativeMethodAccessorImpl.invoke0(Native Method)
	at sun.reflect.NativeMethodAccessorImpl.invoke(NativeMethodAccessorImpl.java:57)
	at sun.reflect.DelegatingMethodAccessorImpl.invoke(DelegatingMethodAccessorImpl.java:43)
	at java.lang.reflect.Method.invoke(Method.java:606)
	at org.testng.internal.MethodInvocationHelper.invokeMethod(MethodInvocationHelper.java:74)
	at org.testng.internal.Invoker.invokeMethod(Invoker.java:673)
	at org.testng.internal.Invoker.invokeTestMethod(Invoker.java:846)
	at org.testng.internal.Invoker.invokeTestMethods(Invoker.java:1170)
	at org.testng.internal.TestMethodWorker.invokeTestMethods(TestMethodWorker.java:125)
	at org.testng.internal.TestMethodWorker.run(TestMethodWorker.java:109)
	at org.testng.TestRunner.runWorkers(TestRunner.java:1125)
	at org.testng.TestRunner.privateRun(TestRunner.java:749)
	at org.testng.TestRunner.run(TestRunner.java:600)
	at org.testng.SuiteRunner.runTest(SuiteRunner.java:317)
	at org.testng.SuiteRunner.runSequentially(SuiteRunner.java:312)
	at org.testng.SuiteRunner.privateRun(SuiteRunner.java:274)
	at org.testng.SuiteRunner.run(SuiteRunner.java:223)
	at org.testng.SuiteRunnerWorker.runSuite(SuiteRunnerWorker.java:52)
	at org.testng.SuiteRunnerWorker.run(SuiteRunnerWorker.java:86)
	at org.testng.TestNG.runSuitesSequentially(TestNG.java:965)
	at org.testng.TestNG.runSuitesSequentially(TestNG.java:961)
	at org.testng.TestNG.runSuitesLocally(TestNG.java:890)
	at org.testng.TestNG.run(TestNG.java:824)
	at org.testng.TestNG.privateMain(TestNG.java:1128)
	at org.testng.TestNG.main(TestNG.java:1092)
</pre></div></td>
<td>14</td>
<td>com.xirrus.xms.TS_Array_SSIDs.TC_SSIDs_Mgmt_GeneralSettings@7c9aff86</td></tr>
<tr>
<td title='com.xirrus.xms.TS_Array_SSIDs.TC_SSIDs_Mgmt_GeneralSettings.testCase_VerifySSIDNameFieldValidation()'><b>testCase_VerifySSIDNameFieldValidation</b><br>Test class: com.xirrus.xms.TS_Array_SSIDs.TC_SSIDs_Mgmt_GeneralSettings</td>
<td><div><pre>java.lang.AssertionError: FAIL- Verification Failed!!!ExistingSSIDWarning-TC_SSIDs_Mgmt_GeneralSettings-testCase_VerifySSIDNameFieldValidation
	at com.xirrus.xms.locallib.LocalLib.verifyStringequals(LocalLib.java:128)
	at com.xirrus.xms.TS_Array_SSIDs.TC_SSIDs_Mgmt_GeneralSettings.testCase_VerifySSIDNameFieldValidation(TC_SSIDs_Mgmt_GeneralSettings.java:1440)
... Removed 26 stack frames</pre></div><a href='#' onClick='toggleBox("stack-trace1283853971", this, "Click to show all stack frames", "Click to hide stack frames")'>Click to show all stack frames</a>
<div class='stack-trace' id='stack-trace1283853971'><pre>java.lang.AssertionError: FAIL- Verification Failed!!!ExistingSSIDWarning-TC_SSIDs_Mgmt_GeneralSettings-testCase_VerifySSIDNameFieldValidation
	at org.testng.Assert.fail(Assert.java:89)
	at com.xirrus.xms.locallib.LocalLib.verifyStringequals(LocalLib.java:128)
	at com.xirrus.xms.TS_Array_SSIDs.TC_SSIDs_Mgmt_GeneralSettings.testCase_VerifySSIDNameFieldValidation(TC_SSIDs_Mgmt_GeneralSettings.java:1440)
	at sun.reflect.NativeMethodAccessorImpl.invoke0(Native Method)
	at sun.reflect.NativeMethodAccessorImpl.invoke(NativeMethodAccessorImpl.java:57)
	at sun.reflect.DelegatingMethodAccessorImpl.invoke(DelegatingMethodAccessorImpl.java:43)
	at java.lang.reflect.Method.invoke(Method.java:606)
	at org.testng.internal.MethodInvocationHelper.invokeMethod(MethodInvocationHelper.java:74)
	at org.testng.internal.Invoker.invokeMethod(Invoker.java:673)
	at org.testng.internal.Invoker.invokeTestMethod(Invoker.java:846)
	at org.testng.internal.Invoker.invokeTestMethods(Invoker.java:1170)
	at org.testng.internal.TestMethodWorker.invokeTestMethods(TestMethodWorker.java:125)
	at org.testng.internal.TestMethodWorker.run(TestMethodWorker.java:109)
	at org.testng.TestRunner.runWorkers(TestRunner.java:1125)
	at org.testng.TestRunner.privateRun(TestRunner.java:749)
	at org.testng.TestRunner.run(TestRunner.java:600)
	at org.testng.SuiteRunner.runTest(SuiteRunner.java:317)
	at org.testng.SuiteRunner.runSequentially(SuiteRunner.java:312)
	at org.testng.SuiteRunner.privateRun(SuiteRunner.java:274)
	at org.testng.SuiteRunner.run(SuiteRunner.java:223)
	at org.testng.SuiteRunnerWorker.runSuite(SuiteRunnerWorker.java:52)
	at org.testng.SuiteRunnerWorker.run(SuiteRunnerWorker.java:86)
	at org.testng.TestNG.runSuitesSequentially(TestNG.java:965)
	at org.testng.TestNG.runSuitesSequentially(TestNG.java:961)
	at org.testng.TestNG.runSuitesLocally(TestNG.java:890)
	at org.testng.TestNG.run(TestNG.java:824)
	at org.testng.TestNG.privateMain(TestNG.java:1128)
	at org.testng.TestNG.main(TestNG.java:1092)
</pre></div></td>
<td>28</td>
<td>com.xirrus.xms.TS_Array_SSIDs.TC_SSIDs_Mgmt_GeneralSettings@7c9aff86</td></tr>
</table><p>
<table width='100%' border='1' class='invocation-passed'>
<tr><td colspan='4' align='center'><b>PASSED TESTS</b></td></tr>
<tr><td><b>Test method</b></td>
<td width="30%"><b>Exception</b></td>
<td width="10%"><b>Time (seconds)</b></td>
<td><b>Instance</b></td>
</tr>
<tr>
<td title='com.xirrus.xms.TS_Array_SSIDs.TC_SSIDs_Mgmt_GeneralSettings.testCase_VerifyAddSSIDwithDefaultGeneralSettings()'><b>testCase_VerifyAddSSIDwithDefaultGeneralSettings</b><br>Test class: com.xirrus.xms.TS_Array_SSIDs.TC_SSIDs_Mgmt_GeneralSettings</td>
<td></td>
<td>515</td>
<td>com.xirrus.xms.TS_Array_SSIDs.TC_SSIDs_Mgmt_GeneralSettings@7c9aff86</td></tr>
<tr>
<td title='com.xirrus.xms.TS_Array_SSIDs.TC_SSIDs_Mgmt_GeneralSettings.testCase_VerifyDefaultSSIDGeneralSettings()'><b>testCase_VerifyDefaultSSIDGeneralSettings</b><br>Test class: com.xirrus.xms.TS_Array_SSIDs.TC_SSIDs_Mgmt_GeneralSettings</td>
<td></td>
<td>436</td>
<td>com.xirrus.xms.TS_Array_SSIDs.TC_SSIDs_Mgmt_GeneralSettings@7c9aff86</td></tr>
<tr>
<td title='com.xirrus.xms.TS_Array_SSIDs.TC_SSIDs_Mgmt_GeneralSettings.testCase_VerifyRenameSSID()'><b>testCase_VerifyRenameSSID</b><br>Test class: com.xirrus.xms.TS_Array_SSIDs.TC_SSIDs_Mgmt_GeneralSettings</td>
<td></td>
<td>482</td>
<td>com.xirrus.xms.TS_Array_SSIDs.TC_SSIDs_Mgmt_GeneralSettings@7c9aff86</td></tr>
</table><p>
</body>
</html>