<testng-results>
  <reporter-output>
  </reporter-output>
  <suite name="TS_Array_Security" duration-ms="1040587" started-at="2015-03-25T10:20:54Z" finished-at="2015-03-25T10:38:14Z">
    <groups>
    </groups>
    <test name="TC_Security_GlobalSettings_WEP" duration-ms="10" started-at="2015-03-25T10:38:14Z" finished-at="2015-03-25T10:38:14Z">
      <class name="com.xirrus.xms.TS_Array_Security.TC_Security_GlobalSettings_WEP">
        <test-method status="PASS" signature="checkSuiteSkip()" name="checkSuiteSkip" is-config="true" duration-ms="16826" started-at="2015-03-25T10:20:37Z" finished-at="2015-03-25T10:20:54Z">
        </test-method>
        <test-method status="SKIP" signature="checkTestSkip()" name="checkTestSkip" is-config="true" duration-ms="0" started-at="2015-03-25T10:38:14Z" finished-at="2015-03-25T10:38:14Z">
          <exception class="org.testng.SkipException">
            <message>
              <![CDATA[Skipped Test case TC_Security_GlobalSettings_WEP, was set as No]]>
            </message>
            <full-stacktrace>
              <![CDATA[org.testng.SkipException: Skipped Test case TC_Security_GlobalSettings_WEP, was set as No
	at com.xirrus.xms.TS_Array_Security.TC_Security_GlobalSettings_WEP.checkTestSkip(TC_Security_GlobalSettings_WEP.java:52)
	at sun.reflect.NativeMethodAccessorImpl.invoke0(Native Method)
	at sun.reflect.NativeMethodAccessorImpl.invoke(NativeMethodAccessorImpl.java:57)
	at sun.reflect.DelegatingMethodAccessorImpl.invoke(DelegatingMethodAccessorImpl.java:43)
	at java.lang.reflect.Method.invoke(Method.java:606)
	at org.testng.internal.MethodInvocationHelper.invokeMethod(MethodInvocationHelper.java:74)
	at org.testng.internal.Invoker.invokeConfigurationMethod(Invoker.java:525)
	at org.testng.internal.Invoker.invokeConfigurations(Invoker.java:202)
	at org.testng.internal.Invoker.invokeConfigurations(Invoker.java:130)
	at org.testng.TestRunner.beforeRun(TestRunner.java:624)
	at org.testng.TestRunner.run(TestRunner.java:592)
	at org.testng.SuiteRunner.runTest(SuiteRunner.java:317)
	at org.testng.SuiteRunner.runSequentially(SuiteRunner.java:312)
	at org.testng.SuiteRunner.privateRun(SuiteRunner.java:274)
	at org.testng.SuiteRunner.run(SuiteRunner.java:223)
	at org.testng.SuiteRunnerWorker.runSuite(SuiteRunnerWorker.java:52)
	at org.testng.SuiteRunnerWorker.run(SuiteRunnerWorker.java:86)
	at org.testng.TestNG.runSuitesSequentially(TestNG.java:965)
	at org.testng.TestNG.runSuitesSequentially(TestNG.java:961)
	at org.testng.TestNG.runSuitesLocally(TestNG.java:890)
	at org.testng.TestNG.run(TestNG.java:824)
	at org.testng.TestNG.privateMain(TestNG.java:1128)
	at org.testng.TestNG.main(TestNG.java:1092)
]]>
            </full-stacktrace>
          </exception>
        </test-method>
        <test-method status="SKIP" signature="testCase_VerifyWEPEncryptionKey1DefaultValue()" name="testCase_VerifyWEPEncryptionKey1DefaultValue" duration-ms="0" started-at="2015-03-25T10:38:14Z" finished-at="2015-03-25T10:38:14Z">
        </test-method>
        <test-method status="SKIP" signature="testCompleted()" name="testCompleted" is-config="true" duration-ms="0" started-at="2015-03-25T10:38:14Z" finished-at="2015-03-25T10:38:14Z">
        </test-method>
        <test-method status="SKIP" signature="testCase_VerifyWEPEncryptionKey4SetValue()" name="testCase_VerifyWEPEncryptionKey4SetValue" duration-ms="0" started-at="2015-03-25T10:38:14Z" finished-at="2015-03-25T10:38:14Z">
        </test-method>
        <test-method status="SKIP" signature="testCase_VerifyWEPDefaultKeySetValue()" name="testCase_VerifyWEPDefaultKeySetValue" duration-ms="0" started-at="2015-03-25T10:38:14Z" finished-at="2015-03-25T10:38:14Z">
        </test-method>
        <test-method status="SKIP" signature="testCase_VerifyWEPEncryptionKey2DefaultValue()" name="testCase_VerifyWEPEncryptionKey2DefaultValue" duration-ms="0" started-at="2015-03-25T10:38:14Z" finished-at="2015-03-25T10:38:14Z">
        </test-method>
        <test-method status="SKIP" signature="testCase_VerifyWEPEncryptionKey3SetValue()" name="testCase_VerifyWEPEncryptionKey3SetValue" duration-ms="0" started-at="2015-03-25T10:38:14Z" finished-at="2015-03-25T10:38:14Z">
        </test-method>
        <test-method status="SKIP" signature="testCase_VerifyWEPEncryptionKey1SetValue()" name="testCase_VerifyWEPEncryptionKey1SetValue" duration-ms="0" started-at="2015-03-25T10:38:14Z" finished-at="2015-03-25T10:38:14Z">
        </test-method>
        <test-method status="SKIP" signature="testCase_VerifyWEPEncryptionKey3DefaultValue()" name="testCase_VerifyWEPEncryptionKey3DefaultValue" duration-ms="0" started-at="2015-03-25T10:38:14Z" finished-at="2015-03-25T10:38:14Z">
        </test-method>
        <test-method status="SKIP" signature="testCase_VerifyWEPEncryptionKey4DefaultValue()" name="testCase_VerifyWEPEncryptionKey4DefaultValue" duration-ms="0" started-at="2015-03-25T10:38:14Z" finished-at="2015-03-25T10:38:14Z">
        </test-method>
        <test-method status="SKIP" signature="testCase_VerifyWEPEncryptionKey2SetValue()" name="testCase_VerifyWEPEncryptionKey2SetValue" duration-ms="0" started-at="2015-03-25T10:38:14Z" finished-at="2015-03-25T10:38:14Z">
        </test-method>
        <test-method status="SKIP" signature="testCase_VerifyWEPDefaultKeyDefaultValue()" name="testCase_VerifyWEPDefaultKeyDefaultValue" duration-ms="0" started-at="2015-03-25T10:38:14Z" finished-at="2015-03-25T10:38:14Z">
        </test-method>
        <test-method status="PASS" signature="cleanup()" name="cleanup" is-config="true" duration-ms="1333" started-at="2015-03-25T10:38:14Z" finished-at="2015-03-25T10:38:16Z">
        </test-method>
      </class>
    </test>
    <test name="TC_Security_GlobalSettings_WPA" duration-ms="141645" started-at="2015-03-25T10:35:53Z" finished-at="2015-03-25T10:38:14Z">
      <class name="com.xirrus.xms.TS_Array_Security.TC_Security_GlobalSettings_WPA">
        <test-method status="PASS" signature="checkTestSkip()" name="checkTestSkip" is-config="true" duration-ms="10" started-at="2015-03-25T10:35:53Z" finished-at="2015-03-25T10:35:53Z">
        </test-method>
        <test-method status="PASS" signature="testCase_VerifyRADIUSServerModeDefaultValue()" name="testCase_VerifyRADIUSServerModeDefaultValue" duration-ms="8075" started-at="2015-03-25T10:35:53Z" finished-at="2015-03-25T10:36:01Z">
        </test-method>
        <test-method status="PASS" signature="testCase_VerifyWPATKIPEnabledDefaultValue()" name="testCase_VerifyWPATKIPEnabledDefaultValue" duration-ms="3130" started-at="2015-03-25T10:36:01Z" finished-at="2015-03-25T10:36:04Z">
        </test-method>
        <test-method status="PASS" signature="testCase_VerifyWPAAESEnabledDefaultValue()" name="testCase_VerifyWPAAESEnabledDefaultValue" duration-ms="3203" started-at="2015-03-25T10:36:04Z" finished-at="2015-03-25T10:36:07Z">
        </test-method>
        <test-method status="PASS" signature="testCase_VerifyWPAGroupRekeyEnabledDefaultValue()" name="testCase_VerifyWPAGroupRekeyEnabledDefaultValue" duration-ms="3132" started-at="2015-03-25T10:36:07Z" finished-at="2015-03-25T10:36:10Z">
        </test-method>
        <test-method status="PASS" signature="testCase_VerifyWPAEAPDefaultValue()" name="testCase_VerifyWPAEAPDefaultValue" duration-ms="3142" started-at="2015-03-25T10:36:10Z" finished-at="2015-03-25T10:36:13Z">
        </test-method>
        <test-method status="PASS" signature="testCase_VerifyWPAPSKDefaultValue()" name="testCase_VerifyWPAPSKDefaultValue" duration-ms="3936" started-at="2015-03-25T10:36:13Z" finished-at="2015-03-25T10:36:17Z">
        </test-method>
        <test-method status="PASS" signature="testCase_VerifyWPAPresharedKeyDefaultValue()" name="testCase_VerifyWPAPresharedKeyDefaultValue" duration-ms="3107" started-at="2015-03-25T10:36:17Z" finished-at="2015-03-25T10:36:20Z">
        </test-method>
        <test-method status="PASS" signature="testCase_VerifyRADIUSServerModeInternal()" name="testCase_VerifyRADIUSServerModeInternal" duration-ms="40549" started-at="2015-03-25T10:36:20Z" finished-at="2015-03-25T10:37:01Z">
        </test-method>
        <test-method status="PASS" signature="testCase_VerifyWPATKIPEnabledYESValue()" name="testCase_VerifyWPATKIPEnabledYESValue" duration-ms="3149" started-at="2015-03-25T10:37:01Z" finished-at="2015-03-25T10:37:04Z">
        </test-method>
        <test-method status="PASS" signature="testCase_VerifyWPAAESEnabledNOValue()" name="testCase_VerifyWPAAESEnabledNOValue" duration-ms="4274" started-at="2015-03-25T10:37:04Z" finished-at="2015-03-25T10:37:08Z">
        </test-method>
        <test-method status="PASS" signature="testCase_VerifyWPAGroupRekeyEnabledYESValue()" name="testCase_VerifyWPAGroupRekeyEnabledYESValue" duration-ms="60" started-at="2015-03-25T10:37:08Z" finished-at="2015-03-25T10:37:08Z">
        </test-method>
        <test-method status="FAIL" signature="testCase_VerifyWPAGroupRekeyTimeSetValue()" name="testCase_VerifyWPAGroupRekeyTimeSetValue" duration-ms="225" started-at="2015-03-25T10:37:08Z" finished-at="2015-03-25T10:37:09Z">
          <exception class="java.lang.AssertionError">
            <message>
              <![CDATA[FAIL- Verification Failed!!!WPAGroupRekeyEnabled-TC_Security_GlobalSettings_WPA-testCase_VerifyWPAGroupRekeyTimeSetValue]]>
            </message>
            <full-stacktrace>
              <![CDATA[java.lang.AssertionError: FAIL- Verification Failed!!!WPAGroupRekeyEnabled-TC_Security_GlobalSettings_WPA-testCase_VerifyWPAGroupRekeyTimeSetValue
	at org.testng.Assert.fail(Assert.java:89)
	at com.xirrus.xms.locallib.LocalLib.verifyStringequals(LocalLib.java:128)
	at com.xirrus.xms.TS_Array_Security.TC_Security_GlobalSettings_WPA.testCase_VerifyWPAGroupRekeyTimeSetValue(TC_Security_GlobalSettings_WPA.java:713)
	at sun.reflect.NativeMethodAccessorImpl.invoke0(Native Method)
	at sun.reflect.NativeMethodAccessorImpl.invoke(NativeMethodAccessorImpl.java:57)
	at sun.reflect.DelegatingMethodAccessorImpl.invoke(DelegatingMethodAccessorImpl.java:43)
	at java.lang.reflect.Method.invoke(Method.java:606)
	at org.testng.internal.MethodInvocationHelper.invokeMethod(MethodInvocationHelper.java:74)
	at org.testng.internal.Invoker.invokeMethod(Invoker.java:673)
	at org.testng.internal.Invoker.invokeTestMethod(Invoker.java:846)
	at org.testng.internal.Invoker.invokeTestMethods(Invoker.java:1170)
	at org.testng.internal.TestMethodWorker.invokeTestMethods(TestMethodWorker.java:125)
	at org.testng.internal.TestMethodWorker.run(TestMethodWorker.java:109)
	at org.testng.TestRunner.runWorkers(TestRunner.java:1125)
	at org.testng.TestRunner.privateRun(TestRunner.java:749)
	at org.testng.TestRunner.run(TestRunner.java:600)
	at org.testng.SuiteRunner.runTest(SuiteRunner.java:317)
	at org.testng.SuiteRunner.runSequentially(SuiteRunner.java:312)
	at org.testng.SuiteRunner.privateRun(SuiteRunner.java:274)
	at org.testng.SuiteRunner.run(SuiteRunner.java:223)
	at org.testng.SuiteRunnerWorker.runSuite(SuiteRunnerWorker.java:52)
	at org.testng.SuiteRunnerWorker.run(SuiteRunnerWorker.java:86)
	at org.testng.TestNG.runSuitesSequentially(TestNG.java:965)
	at org.testng.TestNG.runSuitesSequentially(TestNG.java:961)
	at org.testng.TestNG.runSuitesLocally(TestNG.java:890)
	at org.testng.TestNG.run(TestNG.java:824)
	at org.testng.TestNG.privateMain(TestNG.java:1128)
	at org.testng.TestNG.main(TestNG.java:1092)
]]>
            </full-stacktrace>
          </exception>
        </test-method>
        <test-method status="PASS" signature="testCase_VerifyWPAAuthenticationEAPValue()" name="testCase_VerifyWPAAuthenticationEAPValue" duration-ms="3119" started-at="2015-03-25T10:37:09Z" finished-at="2015-03-25T10:37:12Z">
        </test-method>
        <test-method status="PASS" signature="testCase_VerifyWPAAuthenticationPSKValue()" name="testCase_VerifyWPAAuthenticationPSKValue" duration-ms="3152" started-at="2015-03-25T10:37:12Z" finished-at="2015-03-25T10:37:15Z">
        </test-method>
        <test-method status="PASS" signature="testCase_VerifyWPAPresharedKeySetValue()" name="testCase_VerifyWPAPresharedKeySetValue" duration-ms="3081" started-at="2015-03-25T10:37:15Z" finished-at="2015-03-25T10:37:18Z">
        </test-method>
        <test-method status="PASS" signature="testCase_VerifyRADIUSServerModeExternal()" name="testCase_VerifyRADIUSServerModeExternal" duration-ms="40516" started-at="2015-03-25T10:37:18Z" finished-at="2015-03-25T10:37:59Z">
        </test-method>
        <test-method status="PASS" signature="testCase_VerifyWPATKIPEnabledValue()" name="testCase_VerifyWPATKIPEnabledValue" duration-ms="3146" started-at="2015-03-25T10:37:59Z" finished-at="2015-03-25T10:38:02Z">
        </test-method>
        <test-method status="PASS" signature="testCase_VerifyWPAAESEnabledValue()" name="testCase_VerifyWPAAESEnabledValue" duration-ms="3157" started-at="2015-03-25T10:38:02Z" finished-at="2015-03-25T10:38:05Z">
        </test-method>
        <test-method status="PASS" signature="testCase_VerifyWPAGroupRekeyTimeEditValue()" name="testCase_VerifyWPAGroupRekeyTimeEditValue" duration-ms="3151" started-at="2015-03-25T10:38:05Z" finished-at="2015-03-25T10:38:08Z">
        </test-method>
        <test-method status="PASS" signature="testCase_VerifyWPAAuthenticationPSKEditValue()" name="testCase_VerifyWPAAuthenticationPSKEditValue" duration-ms="3150" started-at="2015-03-25T10:38:08Z" finished-at="2015-03-25T10:38:11Z">
        </test-method>
        <test-method status="PASS" signature="testCase_VerifyWPAPresharedKeyEditValue()" name="testCase_VerifyWPAPresharedKeyEditValue" duration-ms="3090" started-at="2015-03-25T10:38:11Z" finished-at="2015-03-25T10:38:14Z">
        </test-method>
        <test-method status="PASS" signature="testCompleted()" name="testCompleted" is-config="true" duration-ms="1" started-at="2015-03-25T10:38:14Z" finished-at="2015-03-25T10:38:14Z">
        </test-method>
      </class>
    </test>
    <test name="TC_Security_AirWatch" duration-ms="898889" started-at="2015-03-25T10:20:54Z" finished-at="2015-03-25T10:35:53Z">
      <class name="com.xirrus.xms.TS_Array_Security.TC_Security_AirWatch">
        <test-method status="PASS" signature="checkTestSkip()" name="checkTestSkip" is-config="true" duration-ms="16" started-at="2015-03-25T10:20:54Z" finished-at="2015-03-25T10:20:54Z">
        </test-method>
        <test-method status="PASS" signature="testCase_verifyAirWatchAPIHostnameDefaultValue()" name="testCase_verifyAirWatchAPIHostnameDefaultValue" duration-ms="68720" started-at="2015-03-25T10:20:54Z" finished-at="2015-03-25T10:22:02Z">
        </test-method>
        <test-method status="PASS" signature="testCase_verifyAirWatchAPIUsernameDefaultValue()" name="testCase_verifyAirWatchAPIUsernameDefaultValue" duration-ms="4213" started-at="2015-03-25T10:22:02Z" finished-at="2015-03-25T10:22:07Z">
        </test-method>
        <test-method status="PASS" signature="testCase_verifyAirWatchAPIPasswordDefaultValue()" name="testCase_verifyAirWatchAPIPasswordDefaultValue" duration-ms="3186" started-at="2015-03-25T10:22:07Z" finished-at="2015-03-25T10:22:10Z">
        </test-method>
        <test-method status="PASS" signature="testCase_verifyAirWatchAPIKeyDefaultValue()" name="testCase_verifyAirWatchAPIKeyDefaultValue" duration-ms="3185" started-at="2015-03-25T10:22:10Z" finished-at="2015-03-25T10:22:13Z">
        </test-method>
        <test-method status="PASS" signature="testCase_verifyAirWatchAPITimeoutDefaultValue()" name="testCase_verifyAirWatchAPITimeoutDefaultValue" duration-ms="4211" started-at="2015-03-25T10:22:13Z" finished-at="2015-03-25T10:22:17Z">
        </test-method>
        <test-method status="PASS" signature="testCase_verifyAirWatchAPIPollPeriodDefaultValue()" name="testCase_verifyAirWatchAPIPollPeriodDefaultValue" duration-ms="3189" started-at="2015-03-25T10:22:17Z" finished-at="2015-03-25T10:22:20Z">
        </test-method>
        <test-method status="PASS" signature="testCase_verifyAirWatchAPIAccessErrorDefaultValue()" name="testCase_verifyAirWatchAPIAccessErrorDefaultValue" duration-ms="3250" started-at="2015-03-25T10:22:20Z" finished-at="2015-03-25T10:22:24Z">
        </test-method>
        <test-method status="PASS" signature="testCase_verifyAirWatchRedirectURLDefaultValue()" name="testCase_verifyAirWatchRedirectURLDefaultValue" duration-ms="3155" started-at="2015-03-25T10:22:24Z" finished-at="2015-03-25T10:22:27Z">
        </test-method>
        <test-method status="PASS" signature="testCase_verifyAirWatchAPIHostnameUpdatedValue()" name="testCase_verifyAirWatchAPIHostnameUpdatedValue" duration-ms="41955" started-at="2015-03-25T10:22:27Z" finished-at="2015-03-25T10:23:09Z">
        </test-method>
        <test-method status="PASS" signature="testCase_verifyAirWatchAPIUsernameUpdatedValue()" name="testCase_verifyAirWatchAPIUsernameUpdatedValue" duration-ms="3157" started-at="2015-03-25T10:23:09Z" finished-at="2015-03-25T10:23:12Z">
        </test-method>
        <test-method status="PASS" signature="testCase_verifyAirWatchAPIPasswordUpdatedValue()" name="testCase_verifyAirWatchAPIPasswordUpdatedValue" duration-ms="3123" started-at="2015-03-25T10:23:12Z" finished-at="2015-03-25T10:23:15Z">
        </test-method>
        <test-method status="PASS" signature="testCase_verifyAirWatchAPIKeyUpdatedValue()" name="testCase_verifyAirWatchAPIKeyUpdatedValue" duration-ms="3171" started-at="2015-03-25T10:23:15Z" finished-at="2015-03-25T10:23:18Z">
        </test-method>
        <test-method status="PASS" signature="testCase_verifyAirWatchAPITimeoutUpdatedValue()" name="testCase_verifyAirWatchAPITimeoutUpdatedValue" duration-ms="3169" started-at="2015-03-25T10:23:18Z" finished-at="2015-03-25T10:23:21Z">
        </test-method>
        <test-method status="PASS" signature="testCase_verifyAirWatchAPIPollPeriodUpdatedValue()" name="testCase_verifyAirWatchAPIPollPeriodUpdatedValue" duration-ms="3160" started-at="2015-03-25T10:23:21Z" finished-at="2015-03-25T10:23:25Z">
        </test-method>
        <test-method status="PASS" signature="testCase_verifyAirWatchAPIAccessErrorUpdatedValue()" name="testCase_verifyAirWatchAPIAccessErrorUpdatedValue" duration-ms="3240" started-at="2015-03-25T10:23:25Z" finished-at="2015-03-25T10:23:28Z">
        </test-method>
        <test-method status="PASS" signature="testCase_verifyAirWatchRedirectURLUpdatedValue()" name="testCase_verifyAirWatchRedirectURLUpdatedValue" duration-ms="3170" started-at="2015-03-25T10:23:28Z" finished-at="2015-03-25T10:23:31Z">
        </test-method>
        <test-method status="FAIL" signature="testCase_verifyAirWatchAPIHostnameFieldValidation()" name="testCase_verifyAirWatchAPIHostnameFieldValidation" duration-ms="136921" started-at="2015-03-25T10:23:31Z" finished-at="2015-03-25T10:25:48Z">
          <exception class="java.lang.AssertionError">
            <message>
              <![CDATA[FAIL- Verification Failed!!!AirWatchAPIURLHostnameInvalidIPWarning-TC_Security_AirWatch-testCase_verifyAirWatchAPIHostnameFieldValidation]]>
            </message>
            <full-stacktrace>
              <![CDATA[java.lang.AssertionError: FAIL- Verification Failed!!!AirWatchAPIURLHostnameInvalidIPWarning-TC_Security_AirWatch-testCase_verifyAirWatchAPIHostnameFieldValidation
	at org.testng.Assert.fail(Assert.java:89)
	at com.xirrus.xms.locallib.LocalLib.verifyStringequals(LocalLib.java:128)
	at com.xirrus.xms.TS_Array_Security.TC_Security_AirWatch.testCase_verifyAirWatchAPIHostnameFieldValidation(TC_Security_AirWatch.java:1098)
	at sun.reflect.NativeMethodAccessorImpl.invoke0(Native Method)
	at sun.reflect.NativeMethodAccessorImpl.invoke(NativeMethodAccessorImpl.java:57)
	at sun.reflect.DelegatingMethodAccessorImpl.invoke(DelegatingMethodAccessorImpl.java:43)
	at java.lang.reflect.Method.invoke(Method.java:606)
	at org.testng.internal.MethodInvocationHelper.invokeMethod(MethodInvocationHelper.java:74)
	at org.testng.internal.Invoker.invokeMethod(Invoker.java:673)
	at org.testng.internal.Invoker.invokeTestMethod(Invoker.java:846)
	at org.testng.internal.Invoker.invokeTestMethods(Invoker.java:1170)
	at org.testng.internal.TestMethodWorker.invokeTestMethods(TestMethodWorker.java:125)
	at org.testng.internal.TestMethodWorker.run(TestMethodWorker.java:109)
	at org.testng.TestRunner.runWorkers(TestRunner.java:1125)
	at org.testng.TestRunner.privateRun(TestRunner.java:749)
	at org.testng.TestRunner.run(TestRunner.java:600)
	at org.testng.SuiteRunner.runTest(SuiteRunner.java:317)
	at org.testng.SuiteRunner.runSequentially(SuiteRunner.java:312)
	at org.testng.SuiteRunner.privateRun(SuiteRunner.java:274)
	at org.testng.SuiteRunner.run(SuiteRunner.java:223)
	at org.testng.SuiteRunnerWorker.runSuite(SuiteRunnerWorker.java:52)
	at org.testng.SuiteRunnerWorker.run(SuiteRunnerWorker.java:86)
	at org.testng.TestNG.runSuitesSequentially(TestNG.java:965)
	at org.testng.TestNG.runSuitesSequentially(TestNG.java:961)
	at org.testng.TestNG.runSuitesLocally(TestNG.java:890)
	at org.testng.TestNG.run(TestNG.java:824)
	at org.testng.TestNG.privateMain(TestNG.java:1128)
	at org.testng.TestNG.main(TestNG.java:1092)
]]>
            </full-stacktrace>
          </exception>
        </test-method>
        <test-method status="FAIL" signature="testCase_verifyAirWatchAPIUsernameFieldValidation()" name="testCase_verifyAirWatchAPIUsernameFieldValidation" duration-ms="136848" started-at="2015-03-25T10:25:48Z" finished-at="2015-03-25T10:28:05Z">
          <exception class="java.lang.AssertionError">
            <message>
              <![CDATA[FAIL- Verification Failed!!!AirWatchAPIURLusernameInvalidWarning-TC_Security_AirWatch-testCase_verifyAirWatchAPIUsernameFieldValidation]]>
            </message>
            <full-stacktrace>
              <![CDATA[java.lang.AssertionError: FAIL- Verification Failed!!!AirWatchAPIURLusernameInvalidWarning-TC_Security_AirWatch-testCase_verifyAirWatchAPIUsernameFieldValidation
	at org.testng.Assert.fail(Assert.java:89)
	at com.xirrus.xms.locallib.LocalLib.verifyStringequals(LocalLib.java:128)
	at com.xirrus.xms.TS_Array_Security.TC_Security_AirWatch.testCase_verifyAirWatchAPIUsernameFieldValidation(TC_Security_AirWatch.java:1208)
	at sun.reflect.NativeMethodAccessorImpl.invoke0(Native Method)
	at sun.reflect.NativeMethodAccessorImpl.invoke(NativeMethodAccessorImpl.java:57)
	at sun.reflect.DelegatingMethodAccessorImpl.invoke(DelegatingMethodAccessorImpl.java:43)
	at java.lang.reflect.Method.invoke(Method.java:606)
	at org.testng.internal.MethodInvocationHelper.invokeMethod(MethodInvocationHelper.java:74)
	at org.testng.internal.Invoker.invokeMethod(Invoker.java:673)
	at org.testng.internal.Invoker.invokeTestMethod(Invoker.java:846)
	at org.testng.internal.Invoker.invokeTestMethods(Invoker.java:1170)
	at org.testng.internal.TestMethodWorker.invokeTestMethods(TestMethodWorker.java:125)
	at org.testng.internal.TestMethodWorker.run(TestMethodWorker.java:109)
	at org.testng.TestRunner.runWorkers(TestRunner.java:1125)
	at org.testng.TestRunner.privateRun(TestRunner.java:749)
	at org.testng.TestRunner.run(TestRunner.java:600)
	at org.testng.SuiteRunner.runTest(SuiteRunner.java:317)
	at org.testng.SuiteRunner.runSequentially(SuiteRunner.java:312)
	at org.testng.SuiteRunner.privateRun(SuiteRunner.java:274)
	at org.testng.SuiteRunner.run(SuiteRunner.java:223)
	at org.testng.SuiteRunnerWorker.runSuite(SuiteRunnerWorker.java:52)
	at org.testng.SuiteRunnerWorker.run(SuiteRunnerWorker.java:86)
	at org.testng.TestNG.runSuitesSequentially(TestNG.java:965)
	at org.testng.TestNG.runSuitesSequentially(TestNG.java:961)
	at org.testng.TestNG.runSuitesLocally(TestNG.java:890)
	at org.testng.TestNG.run(TestNG.java:824)
	at org.testng.TestNG.privateMain(TestNG.java:1128)
	at org.testng.TestNG.main(TestNG.java:1092)
]]>
            </full-stacktrace>
          </exception>
        </test-method>
        <test-method status="FAIL" signature="testCase_verifyAirWatchAPIPasswordFieldValidation()" name="testCase_verifyAirWatchAPIPasswordFieldValidation" duration-ms="175974" started-at="2015-03-25T10:28:05Z" finished-at="2015-03-25T10:31:01Z">
          <exception class="java.lang.AssertionError">
            <message>
              <![CDATA[FAIL- Verification Failed!!!AirWatchAPIPasswdlimitWarning-TC_Security_AirWatch-testCase_verifyAirWatchAPIPasswordFieldValidation]]>
            </message>
            <full-stacktrace>
              <![CDATA[java.lang.AssertionError: FAIL- Verification Failed!!!AirWatchAPIPasswdlimitWarning-TC_Security_AirWatch-testCase_verifyAirWatchAPIPasswordFieldValidation
	at org.testng.Assert.fail(Assert.java:89)
	at com.xirrus.xms.locallib.LocalLib.verifyStringequals(LocalLib.java:128)
	at com.xirrus.xms.TS_Array_Security.TC_Security_AirWatch.testCase_verifyAirWatchAPIPasswordFieldValidation(TC_Security_AirWatch.java:1349)
	at sun.reflect.NativeMethodAccessorImpl.invoke0(Native Method)
	at sun.reflect.NativeMethodAccessorImpl.invoke(NativeMethodAccessorImpl.java:57)
	at sun.reflect.DelegatingMethodAccessorImpl.invoke(DelegatingMethodAccessorImpl.java:43)
	at java.lang.reflect.Method.invoke(Method.java:606)
	at org.testng.internal.MethodInvocationHelper.invokeMethod(MethodInvocationHelper.java:74)
	at org.testng.internal.Invoker.invokeMethod(Invoker.java:673)
	at org.testng.internal.Invoker.invokeTestMethod(Invoker.java:846)
	at org.testng.internal.Invoker.invokeTestMethods(Invoker.java:1170)
	at org.testng.internal.TestMethodWorker.invokeTestMethods(TestMethodWorker.java:125)
	at org.testng.internal.TestMethodWorker.run(TestMethodWorker.java:109)
	at org.testng.TestRunner.runWorkers(TestRunner.java:1125)
	at org.testng.TestRunner.privateRun(TestRunner.java:749)
	at org.testng.TestRunner.run(TestRunner.java:600)
	at org.testng.SuiteRunner.runTest(SuiteRunner.java:317)
	at org.testng.SuiteRunner.runSequentially(SuiteRunner.java:312)
	at org.testng.SuiteRunner.privateRun(SuiteRunner.java:274)
	at org.testng.SuiteRunner.run(SuiteRunner.java:223)
	at org.testng.SuiteRunnerWorker.runSuite(SuiteRunnerWorker.java:52)
	at org.testng.SuiteRunnerWorker.run(SuiteRunnerWorker.java:86)
	at org.testng.TestNG.runSuitesSequentially(TestNG.java:965)
	at org.testng.TestNG.runSuitesSequentially(TestNG.java:961)
	at org.testng.TestNG.runSuitesLocally(TestNG.java:890)
	at org.testng.TestNG.run(TestNG.java:824)
	at org.testng.TestNG.privateMain(TestNG.java:1128)
	at org.testng.TestNG.main(TestNG.java:1092)
]]>
            </full-stacktrace>
          </exception>
        </test-method>
        <test-method status="FAIL" signature="testCase_verifyAirWatchAPIKeyFieldValidation()" name="testCase_verifyAirWatchAPIKeyFieldValidation" duration-ms="138271" started-at="2015-03-25T10:31:01Z" finished-at="2015-03-25T10:33:19Z">
          <exception class="java.lang.AssertionError">
            <message>
              <![CDATA[FAIL- Verification Failed!!!AirWatchAPIKeyInvalidWarning-TC_Security_AirWatch-testCase_verifyAirWatchAPIKeyFieldValidation]]>
            </message>
            <full-stacktrace>
              <![CDATA[java.lang.AssertionError: FAIL- Verification Failed!!!AirWatchAPIKeyInvalidWarning-TC_Security_AirWatch-testCase_verifyAirWatchAPIKeyFieldValidation
	at org.testng.Assert.fail(Assert.java:89)
	at com.xirrus.xms.locallib.LocalLib.verifyStringequals(LocalLib.java:128)
	at com.xirrus.xms.TS_Array_Security.TC_Security_AirWatch.testCase_verifyAirWatchAPIKeyFieldValidation(TC_Security_AirWatch.java:1468)
	at sun.reflect.NativeMethodAccessorImpl.invoke0(Native Method)
	at sun.reflect.NativeMethodAccessorImpl.invoke(NativeMethodAccessorImpl.java:57)
	at sun.reflect.DelegatingMethodAccessorImpl.invoke(DelegatingMethodAccessorImpl.java:43)
	at java.lang.reflect.Method.invoke(Method.java:606)
	at org.testng.internal.MethodInvocationHelper.invokeMethod(MethodInvocationHelper.java:74)
	at org.testng.internal.Invoker.invokeMethod(Invoker.java:673)
	at org.testng.internal.Invoker.invokeTestMethod(Invoker.java:846)
	at org.testng.internal.Invoker.invokeTestMethods(Invoker.java:1170)
	at org.testng.internal.TestMethodWorker.invokeTestMethods(TestMethodWorker.java:125)
	at org.testng.internal.TestMethodWorker.run(TestMethodWorker.java:109)
	at org.testng.TestRunner.runWorkers(TestRunner.java:1125)
	at org.testng.TestRunner.privateRun(TestRunner.java:749)
	at org.testng.TestRunner.run(TestRunner.java:600)
	at org.testng.SuiteRunner.runTest(SuiteRunner.java:317)
	at org.testng.SuiteRunner.runSequentially(SuiteRunner.java:312)
	at org.testng.SuiteRunner.privateRun(SuiteRunner.java:274)
	at org.testng.SuiteRunner.run(SuiteRunner.java:223)
	at org.testng.SuiteRunnerWorker.runSuite(SuiteRunnerWorker.java:52)
	at org.testng.SuiteRunnerWorker.run(SuiteRunnerWorker.java:86)
	at org.testng.TestNG.runSuitesSequentially(TestNG.java:965)
	at org.testng.TestNG.runSuitesSequentially(TestNG.java:961)
	at org.testng.TestNG.runSuitesLocally(TestNG.java:890)
	at org.testng.TestNG.run(TestNG.java:824)
	at org.testng.TestNG.privateMain(TestNG.java:1128)
	at org.testng.TestNG.main(TestNG.java:1092)
]]>
            </full-stacktrace>
          </exception>
        </test-method>
        <test-method status="PASS" signature="testCase_verifyAirWatchAPITimeoutFieldValidation()" name="testCase_verifyAirWatchAPITimeoutFieldValidation" duration-ms="50374" started-at="2015-03-25T10:33:19Z" finished-at="2015-03-25T10:34:09Z">
        </test-method>
        <test-method status="PASS" signature="testCase_verifyAirWatchAPIPollPeriodFieldValidation()" name="testCase_verifyAirWatchAPIPollPeriodFieldValidation" duration-ms="50271" started-at="2015-03-25T10:34:09Z" finished-at="2015-03-25T10:35:00Z">
        </test-method>
        <test-method status="PASS" signature="testCase_verifyAirWatchRedirectURLFieldValidation()" name="testCase_verifyAirWatchRedirectURLFieldValidation" duration-ms="52934" started-at="2015-03-25T10:35:00Z" finished-at="2015-03-25T10:35:53Z">
        </test-method>
        <test-method status="PASS" signature="testCompleted()" name="testCompleted" is-config="true" duration-ms="10" started-at="2015-03-25T10:35:53Z" finished-at="2015-03-25T10:35:53Z">
        </test-method>
      </class>
    </test>
  </suite>
  <suite name="TS_Array_Tunnels" duration-ms="0" started-at="2015-03-25T11:14:26Z" finished-at="2015-03-25T11:14:26Z">
    <groups>
    </groups>
  </suite>
  <suite name="TS_Array_IAPs" duration-ms="596641" started-at="2015-03-25T11:04:27Z" finished-at="2015-03-25T11:14:24Z">
    <groups>
    </groups>
    <test name="TC_IAPs_RoamingAssist" duration-ms="596641" started-at="2015-03-25T11:04:27Z" finished-at="2015-03-25T11:14:24Z">
      <class name="com.xirrus.xms.TS_Array_IAPs.TC_IAPs_RoamingAssist">
        <test-method status="PASS" signature="checkSuiteSkip()" name="checkSuiteSkip" is-config="true" duration-ms="27922" started-at="2015-03-25T11:03:59Z" finished-at="2015-03-25T11:04:27Z">
        </test-method>
        <test-method status="PASS" signature="checkTestSkip()" name="checkTestSkip" is-config="true" duration-ms="13" started-at="2015-03-25T11:04:27Z" finished-at="2015-03-25T11:04:27Z">
        </test-method>
        <test-method status="PASS" signature="testCase_VerifyEnableRoamingAssistDefaultValue()" name="testCase_VerifyEnableRoamingAssistDefaultValue" duration-ms="7842" started-at="2015-03-25T11:04:27Z" finished-at="2015-03-25T11:04:35Z">
        </test-method>
        <test-method status="PASS" signature="testCase_VerifyBackoffPeriodDefaultValue()" name="testCase_VerifyBackoffPeriodDefaultValue" duration-ms="2942" started-at="2015-03-25T11:04:35Z" finished-at="2015-03-25T11:04:38Z">
        </test-method>
        <test-method status="PASS" signature="testCase_VerifyRoamingThresholdDefaultValue()" name="testCase_VerifyRoamingThresholdDefaultValue" duration-ms="2955" started-at="2015-03-25T11:04:38Z" finished-at="2015-03-25T11:04:41Z">
        </test-method>
        <test-method status="PASS" signature="testCase_VerifyMinimumDataRateDefaultValue()" name="testCase_VerifyMinimumDataRateDefaultValue" duration-ms="2954" started-at="2015-03-25T11:04:41Z" finished-at="2015-03-25T11:04:44Z">
        </test-method>
        <test-method status="PASS" signature="testCase_VerifyDevicesDefaultValue()" name="testCase_VerifyDevicesDefaultValue" duration-ms="3150" started-at="2015-03-25T11:04:44Z" finished-at="2015-03-25T11:04:47Z">
        </test-method>
        <test-method status="PASS" signature="testCase_VerifyEnableRoamingAssistEnable()" name="testCase_VerifyEnableRoamingAssistEnable" duration-ms="39908" started-at="2015-03-25T11:04:47Z" finished-at="2015-03-25T11:05:27Z">
        </test-method>
        <test-method status="PASS" signature="testCase_VerifyBackoffPeriodSetValue()" name="testCase_VerifyBackoffPeriodSetValue" duration-ms="2916" started-at="2015-03-25T11:05:27Z" finished-at="2015-03-25T11:05:30Z">
        </test-method>
        <test-method status="PASS" signature="testCase_VerifyRoamingThresholdSetValue()" name="testCase_VerifyRoamingThresholdSetValue" duration-ms="2929" started-at="2015-03-25T11:05:30Z" finished-at="2015-03-25T11:05:33Z">
        </test-method>
        <test-method status="PASS" signature="testCase_VerifyMinimumDataRateSetValue()" name="testCase_VerifyMinimumDataRateSetValue" duration-ms="2904" started-at="2015-03-25T11:05:33Z" finished-at="2015-03-25T11:05:36Z">
        </test-method>
        <test-method status="PASS" signature="testCase_VerifyDevicesSetValue()" name="testCase_VerifyDevicesSetValue" duration-ms="3109" started-at="2015-03-25T11:05:36Z" finished-at="2015-03-25T11:05:39Z">
        </test-method>
        <test-method status="FAIL" signature="testCase_VerifyBackoffPeriodFieldValidation()" name="testCase_VerifyBackoffPeriodFieldValidation" duration-ms="136684" started-at="2015-03-25T11:05:39Z" finished-at="2015-03-25T11:07:56Z">
          <exception class="java.lang.AssertionError">
            <message>
              <![CDATA[FAIL- Verification Failed!!!RoamingAssistBackoffPeriodInvalid-TC_IAPs_RoamingAssist-testCase_VerifyBackoffPeriodFieldValidation]]>
            </message>
            <full-stacktrace>
              <![CDATA[java.lang.AssertionError: FAIL- Verification Failed!!!RoamingAssistBackoffPeriodInvalid-TC_IAPs_RoamingAssist-testCase_VerifyBackoffPeriodFieldValidation
	at org.testng.Assert.fail(Assert.java:89)
	at com.xirrus.xms.locallib.LocalLib.verifyStringequals(LocalLib.java:128)
	at com.xirrus.xms.TS_Array_IAPs.TC_IAPs_RoamingAssist.testCase_VerifyBackoffPeriodFieldValidation(TC_IAPs_RoamingAssist.java:751)
	at sun.reflect.NativeMethodAccessorImpl.invoke0(Native Method)
	at sun.reflect.NativeMethodAccessorImpl.invoke(NativeMethodAccessorImpl.java:57)
	at sun.reflect.DelegatingMethodAccessorImpl.invoke(DelegatingMethodAccessorImpl.java:43)
	at java.lang.reflect.Method.invoke(Method.java:606)
	at org.testng.internal.MethodInvocationHelper.invokeMethod(MethodInvocationHelper.java:74)
	at org.testng.internal.Invoker.invokeMethod(Invoker.java:673)
	at org.testng.internal.Invoker.invokeTestMethod(Invoker.java:846)
	at org.testng.internal.Invoker.invokeTestMethods(Invoker.java:1170)
	at org.testng.internal.TestMethodWorker.invokeTestMethods(TestMethodWorker.java:125)
	at org.testng.internal.TestMethodWorker.run(TestMethodWorker.java:109)
	at org.testng.TestRunner.runWorkers(TestRunner.java:1125)
	at org.testng.TestRunner.privateRun(TestRunner.java:749)
	at org.testng.TestRunner.run(TestRunner.java:600)
	at org.testng.SuiteRunner.runTest(SuiteRunner.java:317)
	at org.testng.SuiteRunner.runSequentially(SuiteRunner.java:312)
	at org.testng.SuiteRunner.privateRun(SuiteRunner.java:274)
	at org.testng.SuiteRunner.run(SuiteRunner.java:223)
	at org.testng.SuiteRunnerWorker.runSuite(SuiteRunnerWorker.java:52)
	at org.testng.SuiteRunnerWorker.run(SuiteRunnerWorker.java:86)
	at org.testng.TestNG.runSuitesSequentially(TestNG.java:965)
	at org.testng.TestNG.runSuitesSequentially(TestNG.java:961)
	at org.testng.TestNG.runSuitesLocally(TestNG.java:890)
	at org.testng.TestNG.run(TestNG.java:824)
	at org.testng.TestNG.privateMain(TestNG.java:1128)
	at org.testng.TestNG.main(TestNG.java:1092)
]]>
            </full-stacktrace>
          </exception>
        </test-method>
        <test-method status="FAIL" signature="testCase_VerifyRoamingThresholdFieldValidation()" name="testCase_VerifyRoamingThresholdFieldValidation" duration-ms="135867" started-at="2015-03-25T11:07:56Z" finished-at="2015-03-25T11:10:12Z">
          <exception class="java.lang.AssertionError">
            <message>
              <![CDATA[FAIL- Verification Failed!!!RoamingThresholdInvalid-TC_IAPs_RoamingAssist-testCase_VerifyRoamingThresholdFieldValidation]]>
            </message>
            <full-stacktrace>
              <![CDATA[java.lang.AssertionError: FAIL- Verification Failed!!!RoamingThresholdInvalid-TC_IAPs_RoamingAssist-testCase_VerifyRoamingThresholdFieldValidation
	at org.testng.Assert.fail(Assert.java:89)
	at com.xirrus.xms.locallib.LocalLib.verifyStringequals(LocalLib.java:128)
	at com.xirrus.xms.TS_Array_IAPs.TC_IAPs_RoamingAssist.testCase_VerifyRoamingThresholdFieldValidation(TC_IAPs_RoamingAssist.java:882)
	at sun.reflect.NativeMethodAccessorImpl.invoke0(Native Method)
	at sun.reflect.NativeMethodAccessorImpl.invoke(NativeMethodAccessorImpl.java:57)
	at sun.reflect.DelegatingMethodAccessorImpl.invoke(DelegatingMethodAccessorImpl.java:43)
	at java.lang.reflect.Method.invoke(Method.java:606)
	at org.testng.internal.MethodInvocationHelper.invokeMethod(MethodInvocationHelper.java:74)
	at org.testng.internal.Invoker.invokeMethod(Invoker.java:673)
	at org.testng.internal.Invoker.invokeTestMethod(Invoker.java:846)
	at org.testng.internal.Invoker.invokeTestMethods(Invoker.java:1170)
	at org.testng.internal.TestMethodWorker.invokeTestMethods(TestMethodWorker.java:125)
	at org.testng.internal.TestMethodWorker.run(TestMethodWorker.java:109)
	at org.testng.TestRunner.runWorkers(TestRunner.java:1125)
	at org.testng.TestRunner.privateRun(TestRunner.java:749)
	at org.testng.TestRunner.run(TestRunner.java:600)
	at org.testng.SuiteRunner.runTest(SuiteRunner.java:317)
	at org.testng.SuiteRunner.runSequentially(SuiteRunner.java:312)
	at org.testng.SuiteRunner.privateRun(SuiteRunner.java:274)
	at org.testng.SuiteRunner.run(SuiteRunner.java:223)
	at org.testng.SuiteRunnerWorker.runSuite(SuiteRunnerWorker.java:52)
	at org.testng.SuiteRunnerWorker.run(SuiteRunnerWorker.java:86)
	at org.testng.TestNG.runSuitesSequentially(TestNG.java:965)
	at org.testng.TestNG.runSuitesSequentially(TestNG.java:961)
	at org.testng.TestNG.runSuitesLocally(TestNG.java:890)
	at org.testng.TestNG.run(TestNG.java:824)
	at org.testng.TestNG.privateMain(TestNG.java:1128)
	at org.testng.TestNG.main(TestNG.java:1092)
]]>
            </full-stacktrace>
          </exception>
        </test-method>
        <test-method status="FAIL" signature="testCase_VerifyMinimumDataRateFieldValidation()" name="testCase_VerifyMinimumDataRateFieldValidation" duration-ms="137170" started-at="2015-03-25T11:10:12Z" finished-at="2015-03-25T11:12:29Z">
          <exception class="java.lang.AssertionError">
            <message>
              <![CDATA[FAIL- Verification Failed!!!RoamingDataRateInvalid-TC_IAPs_RoamingAssist-testCase_VerifyMinimumDataRateFieldValidation]]>
            </message>
            <full-stacktrace>
              <![CDATA[java.lang.AssertionError: FAIL- Verification Failed!!!RoamingDataRateInvalid-TC_IAPs_RoamingAssist-testCase_VerifyMinimumDataRateFieldValidation
	at org.testng.Assert.fail(Assert.java:89)
	at com.xirrus.xms.locallib.LocalLib.verifyStringequals(LocalLib.java:128)
	at com.xirrus.xms.TS_Array_IAPs.TC_IAPs_RoamingAssist.testCase_VerifyMinimumDataRateFieldValidation(TC_IAPs_RoamingAssist.java:1013)
	at sun.reflect.NativeMethodAccessorImpl.invoke0(Native Method)
	at sun.reflect.NativeMethodAccessorImpl.invoke(NativeMethodAccessorImpl.java:57)
	at sun.reflect.DelegatingMethodAccessorImpl.invoke(DelegatingMethodAccessorImpl.java:43)
	at java.lang.reflect.Method.invoke(Method.java:606)
	at org.testng.internal.MethodInvocationHelper.invokeMethod(MethodInvocationHelper.java:74)
	at org.testng.internal.Invoker.invokeMethod(Invoker.java:673)
	at org.testng.internal.Invoker.invokeTestMethod(Invoker.java:846)
	at org.testng.internal.Invoker.invokeTestMethods(Invoker.java:1170)
	at org.testng.internal.TestMethodWorker.invokeTestMethods(TestMethodWorker.java:125)
	at org.testng.internal.TestMethodWorker.run(TestMethodWorker.java:109)
	at org.testng.TestRunner.runWorkers(TestRunner.java:1125)
	at org.testng.TestRunner.privateRun(TestRunner.java:749)
	at org.testng.TestRunner.run(TestRunner.java:600)
	at org.testng.SuiteRunner.runTest(SuiteRunner.java:317)
	at org.testng.SuiteRunner.runSequentially(SuiteRunner.java:312)
	at org.testng.SuiteRunner.privateRun(SuiteRunner.java:274)
	at org.testng.SuiteRunner.run(SuiteRunner.java:223)
	at org.testng.SuiteRunnerWorker.runSuite(SuiteRunnerWorker.java:52)
	at org.testng.SuiteRunnerWorker.run(SuiteRunnerWorker.java:86)
	at org.testng.TestNG.runSuitesSequentially(TestNG.java:965)
	at org.testng.TestNG.runSuitesSequentially(TestNG.java:961)
	at org.testng.TestNG.runSuitesLocally(TestNG.java:890)
	at org.testng.TestNG.run(TestNG.java:824)
	at org.testng.TestNG.privateMain(TestNG.java:1128)
	at org.testng.TestNG.main(TestNG.java:1092)
]]>
            </full-stacktrace>
          </exception>
        </test-method>
        <test-method status="PASS" signature="testCase_VerifyDevicesUnselectAll()" name="testCase_VerifyDevicesUnselectAll" duration-ms="36908" started-at="2015-03-25T11:12:29Z" finished-at="2015-03-25T11:13:06Z">
        </test-method>
        <test-method status="PASS" signature="testCase_VerifyDevicesSelectAll()" name="testCase_VerifyDevicesSelectAll" duration-ms="39507" started-at="2015-03-25T11:13:06Z" finished-at="2015-03-25T11:13:45Z">
        </test-method>
        <test-method status="PASS" signature="testCase_VerifyEnableRoamingAssistDisable()" name="testCase_VerifyEnableRoamingAssistDisable" duration-ms="38878" started-at="2015-03-25T11:13:45Z" finished-at="2015-03-25T11:14:24Z">
        </test-method>
        <test-method status="PASS" signature="testCompleted()" name="testCompleted" is-config="true" duration-ms="1" started-at="2015-03-25T11:14:24Z" finished-at="2015-03-25T11:14:24Z">
        </test-method>
        <test-method status="PASS" signature="cleanup()" name="cleanup" is-config="true" duration-ms="1469" started-at="2015-03-25T11:14:24Z" finished-at="2015-03-25T11:14:26Z">
        </test-method>
      </class>
    </test>
  </suite>
  <suite name="TS_Array_General" duration-ms="1095345" started-at="2015-03-25T08:11:27Z" finished-at="2015-03-25T08:29:42Z">
    <groups>
    </groups>
    <test name="TC_GeneralSett_License" duration-ms="188621" started-at="2015-03-25T08:26:33Z" finished-at="2015-03-25T08:29:42Z">
      <class name="com.xirrus.xms.TS_Array_General.TC_GeneralSett_License">
        <test-method status="PASS" signature="checkSuiteSkip()" name="checkSuiteSkip" is-config="true" duration-ms="17088" started-at="2015-03-25T08:11:10Z" finished-at="2015-03-25T08:11:27Z">
        </test-method>
        <test-method status="PASS" signature="checkTestSkip()" name="checkTestSkip" is-config="true" duration-ms="10" started-at="2015-03-25T08:26:33Z" finished-at="2015-03-25T08:26:33Z">
        </test-method>
        <test-method status="PASS" signature="testCase_VerifydefaultLicenseKeyNotEmptyvalue()" name="testCase_VerifydefaultLicenseKeyNotEmptyvalue" duration-ms="7357" started-at="2015-03-25T08:26:33Z" finished-at="2015-03-25T08:26:41Z">
        </test-method>
        <test-method status="PASS" signature="testCase_VerifyLicenseKeyNotAcceptEmptyValue()" name="testCase_VerifyLicenseKeyNotAcceptEmptyValue" duration-ms="15371" started-at="2015-03-25T08:26:41Z" finished-at="2015-03-25T08:26:56Z">
        </test-method>
        <test-method status="PASS" signature="testCase_VerifyLicenseKeynotAcceptvalueMoreOrLessThan23Char()" name="testCase_VerifyLicenseKeynotAcceptvalueMoreOrLessThan23Char" duration-ms="26802" started-at="2015-03-25T08:26:56Z" finished-at="2015-03-25T08:27:23Z">
        </test-method>
        <test-method status="PASS" signature="testCase_VerifyLicenseKeyInvalidValue()" name="testCase_VerifyLicenseKeyInvalidValue" duration-ms="41196" started-at="2015-03-25T08:27:23Z" finished-at="2015-03-25T08:28:04Z">
        </test-method>
        <test-method status="PASS" signature="testCase_VerifyLicenseKeyUpdatedValue()" name="testCase_VerifyLicenseKeyUpdatedValue" duration-ms="97874" started-at="2015-03-25T08:28:04Z" finished-at="2015-03-25T08:29:42Z">
        </test-method>
        <test-method status="PASS" signature="testCompleted()" name="testCompleted" is-config="true" duration-ms="1" started-at="2015-03-25T08:29:42Z" finished-at="2015-03-25T08:29:42Z">
        </test-method>
        <test-method status="PASS" signature="cleanup()" name="cleanup" is-config="true" duration-ms="1530" started-at="2015-03-25T08:29:42Z" finished-at="2015-03-25T08:29:44Z">
        </test-method>
      </class>
    </test>
    <test name="TC_GeneralSett_Phone" duration-ms="182189" started-at="2015-03-25T08:23:31Z" finished-at="2015-03-25T08:26:33Z">
      <class name="com.xirrus.xms.TS_Array_General.TC_GeneralSett_Phone">
        <test-method status="PASS" signature="checkTestSkip()" name="checkTestSkip" is-config="true" duration-ms="10" started-at="2015-03-25T08:23:31Z" finished-at="2015-03-25T08:23:31Z">
        </test-method>
        <test-method status="PASS" signature="testCase_VerifydefaultAdminPhonevalue()" name="testCase_VerifydefaultAdminPhonevalue" duration-ms="7571" started-at="2015-03-25T08:23:31Z" finished-at="2015-03-25T08:23:39Z">
        </test-method>
        <test-method status="PASS" signature="testCase_VerifyAdminPhoneFieldvalidation()" name="testCase_VerifyAdminPhoneFieldvalidation" duration-ms="55682" started-at="2015-03-25T08:23:39Z" finished-at="2015-03-25T08:24:34Z">
        </test-method>
        <test-method status="PASS" signature="testCase_VerifyAdminPhoneSetValue()" name="testCase_VerifyAdminPhoneSetValue" duration-ms="40081" started-at="2015-03-25T08:24:34Z" finished-at="2015-03-25T08:25:14Z">
        </test-method>
        <test-method status="PASS" signature="testCase_VerifyAdminPhoneEditValue()" name="testCase_VerifyAdminPhoneEditValue" duration-ms="40724" started-at="2015-03-25T08:25:14Z" finished-at="2015-03-25T08:25:55Z">
        </test-method>
        <test-method status="PASS" signature="testCase_VerifyAdminPhoneEmptyValue()" name="testCase_VerifyAdminPhoneEmptyValue" duration-ms="38121" started-at="2015-03-25T08:25:55Z" finished-at="2015-03-25T08:26:33Z">
        </test-method>
        <test-method status="PASS" signature="testCompleted()" name="testCompleted" is-config="true" duration-ms="0" started-at="2015-03-25T08:26:33Z" finished-at="2015-03-25T08:26:33Z">
        </test-method>
      </class>
    </test>
    <test name="TC_GeneralSett_Email" duration-ms="182104" started-at="2015-03-25T08:20:29Z" finished-at="2015-03-25T08:23:31Z">
      <class name="com.xirrus.xms.TS_Array_General.TC_GeneralSett_Email">
        <test-method status="PASS" signature="checkTestSkip()" name="checkTestSkip" is-config="true" duration-ms="10" started-at="2015-03-25T08:20:29Z" finished-at="2015-03-25T08:20:29Z">
        </test-method>
        <test-method status="PASS" signature="testCase_VerifydefaultAdminEmailvalue()" name="testCase_VerifydefaultAdminEmailvalue" duration-ms="7465" started-at="2015-03-25T08:20:29Z" finished-at="2015-03-25T08:20:36Z">
        </test-method>
        <test-method status="PASS" signature="testCase_VerifyAdminEmailFieldvalidation()" name="testCase_VerifyAdminEmailFieldvalidation" duration-ms="56213" started-at="2015-03-25T08:20:36Z" finished-at="2015-03-25T08:21:33Z">
        </test-method>
        <test-method status="PASS" signature="testCase_VerifyAdminEmailSetValue()" name="testCase_VerifyAdminEmailSetValue" duration-ms="40505" started-at="2015-03-25T08:21:33Z" finished-at="2015-03-25T08:22:13Z">
        </test-method>
        <test-method status="PASS" signature="testCase_VerifyAdminEmailEditValue()" name="testCase_VerifyAdminEmailEditValue" duration-ms="39808" started-at="2015-03-25T08:22:13Z" finished-at="2015-03-25T08:22:53Z">
        </test-method>
        <test-method status="PASS" signature="testCase_VerifyAdminEmailEmptyValue()" name="testCase_VerifyAdminEmailEmptyValue" duration-ms="38103" started-at="2015-03-25T08:22:53Z" finished-at="2015-03-25T08:23:31Z">
        </test-method>
        <test-method status="PASS" signature="testCompleted()" name="testCompleted" is-config="true" duration-ms="0" started-at="2015-03-25T08:23:31Z" finished-at="2015-03-25T08:23:31Z">
        </test-method>
      </class>
    </test>
    <test name="TC_GeneralSett_Contact" duration-ms="182007" started-at="2015-03-25T08:17:27Z" finished-at="2015-03-25T08:20:29Z">
      <class name="com.xirrus.xms.TS_Array_General.TC_GeneralSett_Contact">
        <test-method status="PASS" signature="checkTestSkip()" name="checkTestSkip" is-config="true" duration-ms="7" started-at="2015-03-25T08:17:27Z" finished-at="2015-03-25T08:17:27Z">
        </test-method>
        <test-method status="PASS" signature="testCase_VerifydefaultAdminContactvalue()" name="testCase_VerifydefaultAdminContactvalue" duration-ms="7739" started-at="2015-03-25T08:17:27Z" finished-at="2015-03-25T08:17:35Z">
        </test-method>
        <test-method status="PASS" signature="testCase_VerifyAdminContactFieldvalidation()" name="testCase_VerifyAdminContactFieldvalidation" duration-ms="55890" started-at="2015-03-25T08:17:35Z" finished-at="2015-03-25T08:18:31Z">
        </test-method>
        <test-method status="PASS" signature="testCase_VerifyAdminContactSetValue()" name="testCase_VerifyAdminContactSetValue" duration-ms="40214" started-at="2015-03-25T08:18:31Z" finished-at="2015-03-25T08:19:11Z">
        </test-method>
        <test-method status="PASS" signature="testCase_VerifyAdminContactEditValue()" name="testCase_VerifyAdminContactEditValue" duration-ms="40111" started-at="2015-03-25T08:19:11Z" finished-at="2015-03-25T08:19:51Z">
        </test-method>
        <test-method status="PASS" signature="testCase_VerifyAdminContactEmptyValue()" name="testCase_VerifyAdminContactEmptyValue" duration-ms="38034" started-at="2015-03-25T08:19:51Z" finished-at="2015-03-25T08:20:29Z">
        </test-method>
        <test-method status="PASS" signature="testCompleted()" name="testCompleted" is-config="true" duration-ms="10" started-at="2015-03-25T08:20:29Z" finished-at="2015-03-25T08:20:29Z">
        </test-method>
      </class>
    </test>
    <test name="TC_GeneralSett_HostName" duration-ms="177312" started-at="2015-03-25T08:11:27Z" finished-at="2015-03-25T08:14:24Z">
      <class name="com.xirrus.xms.TS_Array_General.TC_GeneralSett_HostName">
        <test-method status="PASS" signature="checkTestSkip()" name="checkTestSkip" is-config="true" duration-ms="10" started-at="2015-03-25T08:11:27Z" finished-at="2015-03-25T08:11:27Z">
        </test-method>
        <test-method status="PASS" signature="testCase_VerifydefaultHostnamevalueNotEmpty()" name="testCase_VerifydefaultHostnamevalueNotEmpty" duration-ms="8505" started-at="2015-03-25T08:11:27Z" finished-at="2015-03-25T08:11:35Z">
        </test-method>
        <test-method status="PASS" signature="testCase_verifyHostnameNotacceptemptyvalue()" name="testCase_verifyHostnameNotacceptemptyvalue" duration-ms="15518" started-at="2015-03-25T08:11:35Z" finished-at="2015-03-25T08:11:51Z">
        </test-method>
        <test-method status="FAIL" signature="testCase_verifyHostnameNotacceptvalueOtherThanIPOrHostname()" name="testCase_verifyHostnameNotacceptvalueOtherThanIPOrHostname" duration-ms="25703" started-at="2015-03-25T08:11:51Z" finished-at="2015-03-25T08:12:16Z">
          <exception class="java.lang.AssertionError">
            <message>
              <![CDATA[FAIL- Verification Failed!!!HostnameNotValidWarning-TC_GeneralSett_HostName-testCase_verifyHostnameNotacceptvalueOtherThanIPOrHostname]]>
            </message>
            <full-stacktrace>
              <![CDATA[java.lang.AssertionError: FAIL- Verification Failed!!!HostnameNotValidWarning-TC_GeneralSett_HostName-testCase_verifyHostnameNotacceptvalueOtherThanIPOrHostname
	at org.testng.Assert.fail(Assert.java:89)
	at com.xirrus.xms.locallib.LocalLib.verifyStringequals(LocalLib.java:128)
	at com.xirrus.xms.TS_Array_General.TC_GeneralSett_HostName.testCase_verifyHostnameNotacceptvalueOtherThanIPOrHostname(TC_GeneralSett_HostName.java:196)
	at sun.reflect.NativeMethodAccessorImpl.invoke0(Native Method)
	at sun.reflect.NativeMethodAccessorImpl.invoke(NativeMethodAccessorImpl.java:57)
	at sun.reflect.DelegatingMethodAccessorImpl.invoke(DelegatingMethodAccessorImpl.java:43)
	at java.lang.reflect.Method.invoke(Method.java:606)
	at org.testng.internal.MethodInvocationHelper.invokeMethod(MethodInvocationHelper.java:74)
	at org.testng.internal.Invoker.invokeMethod(Invoker.java:673)
	at org.testng.internal.Invoker.invokeTestMethod(Invoker.java:846)
	at org.testng.internal.Invoker.invokeTestMethods(Invoker.java:1170)
	at org.testng.internal.TestMethodWorker.invokeTestMethods(TestMethodWorker.java:125)
	at org.testng.internal.TestMethodWorker.run(TestMethodWorker.java:109)
	at org.testng.TestRunner.runWorkers(TestRunner.java:1125)
	at org.testng.TestRunner.privateRun(TestRunner.java:749)
	at org.testng.TestRunner.run(TestRunner.java:600)
	at org.testng.SuiteRunner.runTest(SuiteRunner.java:317)
	at org.testng.SuiteRunner.runSequentially(SuiteRunner.java:312)
	at org.testng.SuiteRunner.privateRun(SuiteRunner.java:274)
	at org.testng.SuiteRunner.run(SuiteRunner.java:223)
	at org.testng.SuiteRunnerWorker.runSuite(SuiteRunnerWorker.java:52)
	at org.testng.SuiteRunnerWorker.run(SuiteRunnerWorker.java:86)
	at org.testng.TestNG.runSuitesSequentially(TestNG.java:965)
	at org.testng.TestNG.runSuitesSequentially(TestNG.java:961)
	at org.testng.TestNG.runSuitesLocally(TestNG.java:890)
	at org.testng.TestNG.run(TestNG.java:824)
	at org.testng.TestNG.privateMain(TestNG.java:1128)
	at org.testng.TestNG.main(TestNG.java:1092)
]]>
            </full-stacktrace>
          </exception>
        </test-method>
        <test-method status="PASS" signature="testCase_VerifyHostnamesetIPAddressValue()" name="testCase_VerifyHostnamesetIPAddressValue" duration-ms="41274" started-at="2015-03-25T08:12:16Z" finished-at="2015-03-25T08:12:58Z">
        </test-method>
        <test-method status="PASS" signature="testCase_VerifyHostnamesetValidNameValue()" name="testCase_VerifyHostnamesetValidNameValue" duration-ms="41447" started-at="2015-03-25T08:12:58Z" finished-at="2015-03-25T08:13:39Z">
        </test-method>
        <test-method status="PASS" signature="testCase_VerifyHostnameEditValue()" name="testCase_VerifyHostnameEditValue" duration-ms="41751" started-at="2015-03-25T08:13:39Z" finished-at="2015-03-25T08:14:21Z">
        </test-method>
        <test-method status="PASS" signature="testCompleted()" name="testCompleted" is-config="true" duration-ms="3104" started-at="2015-03-25T08:14:21Z" finished-at="2015-03-25T08:14:24Z">
        </test-method>
      </class>
    </test>
    <test name="TC_GeneralSett_Location" duration-ms="182976" started-at="2015-03-25T08:14:24Z" finished-at="2015-03-25T08:17:27Z">
      <class name="com.xirrus.xms.TS_Array_General.TC_GeneralSett_Location">
        <test-method status="PASS" signature="checkTestSkip()" name="checkTestSkip" is-config="true" duration-ms="10" started-at="2015-03-25T08:14:24Z" finished-at="2015-03-25T08:14:24Z">
        </test-method>
        <test-method status="PASS" signature="testCase_VerifydefaultLocationInfovalue()" name="testCase_VerifydefaultLocationInfovalue" duration-ms="7411" started-at="2015-03-25T08:14:24Z" finished-at="2015-03-25T08:14:31Z">
        </test-method>
        <test-method status="PASS" signature="testCase_VerifyLocationInfoFieldvalidation()" name="testCase_VerifyLocationInfoFieldvalidation" duration-ms="55600" started-at="2015-03-25T08:14:31Z" finished-at="2015-03-25T08:15:27Z">
        </test-method>
        <test-method status="PASS" signature="testCase_VerifyLocationInfoSetValue()" name="testCase_VerifyLocationInfoSetValue" duration-ms="40448" started-at="2015-03-25T08:15:27Z" finished-at="2015-03-25T08:16:07Z">
        </test-method>
        <test-method status="PASS" signature="testCase_VerifyLocationInfoEditValue()" name="testCase_VerifyLocationInfoEditValue" duration-ms="40660" started-at="2015-03-25T08:16:07Z" finished-at="2015-03-25T08:16:48Z">
        </test-method>
        <test-method status="PASS" signature="testCase_VerifyLocationInfoEmptyValue()" name="testCase_VerifyLocationInfoEmptyValue" duration-ms="38845" started-at="2015-03-25T08:16:48Z" finished-at="2015-03-25T08:17:27Z">
        </test-method>
        <test-method status="PASS" signature="testCompleted()" name="testCompleted" is-config="true" duration-ms="2" started-at="2015-03-25T08:17:27Z" finished-at="2015-03-25T08:17:27Z">
        </test-method>
      </class>
    </test>
  </suite>
  <suite name="TS_Array_Groups" duration-ms="0" started-at="2015-03-25T11:14:26Z" finished-at="2015-03-25T11:14:26Z">
    <groups>
    </groups>
  </suite>
  <suite name="TS_Array_Services" duration-ms="2138303" started-at="2015-03-25T09:44:58Z" finished-at="2015-03-25T10:20:36Z">
    <groups>
    </groups>
    <test name="TC_Services_WiFiTag" duration-ms="363756" started-at="2015-03-25T09:56:31Z" finished-at="2015-03-25T10:02:35Z">
      <class name="com.xirrus.xms.TS_Array_Services.TC_Services_WiFiTag">
        <test-method status="PASS" signature="testCase_verifyWiFiTagDefaultState()" name="testCase_verifyWiFiTagDefaultState" duration-ms="7096" started-at="2015-03-25T09:56:31Z" finished-at="2015-03-25T09:56:38Z">
        </test-method>
        <test-method status="PASS" signature="checkTestSkip()" name="checkTestSkip" is-config="true" duration-ms="0" started-at="2015-03-25T09:56:31Z" finished-at="2015-03-25T09:56:31Z">
        </test-method>
        <test-method status="PASS" signature="testCase_verifyWiFiTagDefaultUDPPortValue()" name="testCase_verifyWiFiTagDefaultUDPPortValue" duration-ms="6860" started-at="2015-03-25T09:56:38Z" finished-at="2015-03-25T09:56:45Z">
        </test-method>
        <test-method status="PASS" signature="testCase_verifyWiFiTagChannelDefaultValue()" name="testCase_verifyWiFiTagChannelDefaultValue" duration-ms="6899" started-at="2015-03-25T09:56:45Z" finished-at="2015-03-25T09:56:52Z">
        </test-method>
        <test-method status="PASS" signature="testCase_verifyWiFiTagEkahauSrvrDefaultValue()" name="testCase_verifyWiFiTagEkahauSrvrDefaultValue" duration-ms="6876" started-at="2015-03-25T09:56:52Z" finished-at="2015-03-25T09:56:59Z">
        </test-method>
        <test-method status="PASS" signature="testCase_verifyWiFiTagEnableState()" name="testCase_verifyWiFiTagEnableState" duration-ms="38935" started-at="2015-03-25T09:56:59Z" finished-at="2015-03-25T09:57:38Z">
        </test-method>
        <test-method status="PASS" signature="testCase_verifyWiFiTagUDPPortValueEdit()" name="testCase_verifyWiFiTagUDPPortValueEdit" duration-ms="38583" started-at="2015-03-25T09:57:38Z" finished-at="2015-03-25T09:58:16Z">
        </test-method>
        <test-method status="FAIL" signature="testCase_verifyWiFiTagChannelValueEdit()" name="testCase_verifyWiFiTagChannelValueEdit" duration-ms="3786" started-at="2015-03-25T09:58:16Z" finished-at="2015-03-25T09:58:20Z">
          <exception class="org.openqa.selenium.StaleElementReferenceException">
            <message>
              <![CDATA[stale element reference: element is not attached to the page document
  (Session info: chrome=41.0.2272.101)
  (Driver info: chromedriver=2.13.307647 (5a7d0541ebc58e69994a6fb2ed930f45261f3c29),platform=Windows NT 6.1 SP1 x86_64) (WARNING: The server did not provide any stacktrace information)
Command duration or timeout: 11 milliseconds
For documentation on this error, please visit: http://seleniumhq.org/exceptions/stale_element_reference.html
Build info: version: '2.40.0', revision: 'fbe29a9', time: '2014-02-19 20:55:11'
System info: host: 'ANasser-8470p', ip: '10.100.23.51', os.name: 'Windows 7', os.arch: 'amd64', os.version: '6.1', java.version: '1.7.0_60'
Session ID: 0678b768a48f09a57f764d706ad886d1
Driver info: org.openqa.selenium.chrome.ChromeDriver
Capabilities [{platform=XP, acceptSslCerts=true, javascriptEnabled=true, browserName=chrome, chrome={userDataDir=C:\Users\KARTIK~1.AIY\AppData\Local\Temp\scoped_dir71884_29411}, rotatable=false, locationContextEnabled=true, mobileEmulationEnabled=false, version=41.0.2272.101, takesHeapSnapshot=true, cssSelectorsEnabled=true, databaseEnabled=false, handlesAlerts=true, browserConnectionEnabled=false, nativeEvents=true, webStorageEnabled=true, applicationCacheEnabled=false, takesScreenshot=true}]]]>
            </message>
            <full-stacktrace>
              <![CDATA[org.openqa.selenium.StaleElementReferenceException: stale element reference: element is not attached to the page document
  (Session info: chrome=41.0.2272.101)
  (Driver info: chromedriver=2.13.307647 (5a7d0541ebc58e69994a6fb2ed930f45261f3c29),platform=Windows NT 6.1 SP1 x86_64) (WARNING: The server did not provide any stacktrace information)
Command duration or timeout: 11 milliseconds
For documentation on this error, please visit: http://seleniumhq.org/exceptions/stale_element_reference.html
Build info: version: '2.40.0', revision: 'fbe29a9', time: '2014-02-19 20:55:11'
System info: host: 'ANasser-8470p', ip: '10.100.23.51', os.name: 'Windows 7', os.arch: 'amd64', os.version: '6.1', java.version: '1.7.0_60'
Session ID: 0678b768a48f09a57f764d706ad886d1
Driver info: org.openqa.selenium.chrome.ChromeDriver
Capabilities [{platform=XP, acceptSslCerts=true, javascriptEnabled=true, browserName=chrome, chrome={userDataDir=C:\Users\KARTIK~1.AIY\AppData\Local\Temp\scoped_dir71884_29411}, rotatable=false, locationContextEnabled=true, mobileEmulationEnabled=false, version=41.0.2272.101, takesHeapSnapshot=true, cssSelectorsEnabled=true, databaseEnabled=false, handlesAlerts=true, browserConnectionEnabled=false, nativeEvents=true, webStorageEnabled=true, applicationCacheEnabled=false, takesScreenshot=true}]
	at sun.reflect.GeneratedConstructorAccessor57.newInstance(Unknown Source)
	at sun.reflect.DelegatingConstructorAccessorImpl.newInstance(DelegatingConstructorAccessorImpl.java:45)
	at java.lang.reflect.Constructor.newInstance(Constructor.java:526)
	at org.openqa.selenium.remote.ErrorHandler.createThrowable(ErrorHandler.java:193)
	at org.openqa.selenium.remote.ErrorHandler.throwIfResponseFailed(ErrorHandler.java:145)
	at org.openqa.selenium.remote.RemoteWebDriver.execute(RemoteWebDriver.java:573)
	at org.openqa.selenium.remote.RemoteWebElement.execute(RemoteWebElement.java:268)
	at org.openqa.selenium.remote.RemoteWebElement.getAttribute(RemoteWebElement.java:123)
	at org.openqa.selenium.support.ui.Select.<init>(Select.java:51)
	at com.xirrus.xms.locallib.LocalLib.selectDropDown(LocalLib.java:273)
	at com.xirrus.xms.TS_Array_Services.TC_Services_WiFiTag.testCase_verifyWiFiTagChannelValueEdit(TC_Services_WiFiTag.java:470)
	at sun.reflect.NativeMethodAccessorImpl.invoke0(Native Method)
	at sun.reflect.NativeMethodAccessorImpl.invoke(NativeMethodAccessorImpl.java:57)
	at sun.reflect.DelegatingMethodAccessorImpl.invoke(DelegatingMethodAccessorImpl.java:43)
	at java.lang.reflect.Method.invoke(Method.java:606)
	at org.testng.internal.MethodInvocationHelper.invokeMethod(MethodInvocationHelper.java:74)
	at org.testng.internal.Invoker.invokeMethod(Invoker.java:673)
	at org.testng.internal.Invoker.invokeTestMethod(Invoker.java:846)
	at org.testng.internal.Invoker.invokeTestMethods(Invoker.java:1170)
	at org.testng.internal.TestMethodWorker.invokeTestMethods(TestMethodWorker.java:125)
	at org.testng.internal.TestMethodWorker.run(TestMethodWorker.java:109)
	at org.testng.TestRunner.runWorkers(TestRunner.java:1125)
	at org.testng.TestRunner.privateRun(TestRunner.java:749)
	at org.testng.TestRunner.run(TestRunner.java:600)
	at org.testng.SuiteRunner.runTest(SuiteRunner.java:317)
	at org.testng.SuiteRunner.runSequentially(SuiteRunner.java:312)
	at org.testng.SuiteRunner.privateRun(SuiteRunner.java:274)
	at org.testng.SuiteRunner.run(SuiteRunner.java:223)
	at org.testng.SuiteRunnerWorker.runSuite(SuiteRunnerWorker.java:52)
	at org.testng.SuiteRunnerWorker.run(SuiteRunnerWorker.java:86)
	at org.testng.TestNG.runSuitesSequentially(TestNG.java:965)
	at org.testng.TestNG.runSuitesSequentially(TestNG.java:961)
	at org.testng.TestNG.runSuitesLocally(TestNG.java:890)
	at org.testng.TestNG.run(TestNG.java:824)
	at org.testng.TestNG.privateMain(TestNG.java:1128)
	at org.testng.TestNG.main(TestNG.java:1092)
]]>
            </full-stacktrace>
          </exception>
        </test-method>
        <test-method status="PASS" signature="testCase_verifyWiFiTagEkahauSrvrEdit()" name="testCase_verifyWiFiTagEkahauSrvrEdit" duration-ms="38648" started-at="2015-03-25T09:58:20Z" finished-at="2015-03-25T09:58:59Z">
        </test-method>
        <test-method status="PASS" signature="testCase_verifyWiFiTagUDPPortFieldValidation()" name="testCase_verifyWiFiTagUDPPortFieldValidation" duration-ms="58082" started-at="2015-03-25T09:58:59Z" finished-at="2015-03-25T09:59:57Z">
        </test-method>
        <test-method status="FAIL" signature="testCase_verifyWiFiTagEkahauSrvrFieldValidation()" name="testCase_verifyWiFiTagEkahauSrvrFieldValidation" duration-ms="120110" started-at="2015-03-25T09:59:57Z" finished-at="2015-03-25T10:01:57Z">
          <exception class="java.lang.AssertionError">
            <message>
              <![CDATA[FAIL- Verification Failed!!!EkahauSrvrInvalidHostNamewarning-TC_Services_WiFiTag-testCase_verifyWiFiTagEkahauSrvrFieldValidation]]>
            </message>
            <full-stacktrace>
              <![CDATA[java.lang.AssertionError: FAIL- Verification Failed!!!EkahauSrvrInvalidHostNamewarning-TC_Services_WiFiTag-testCase_verifyWiFiTagEkahauSrvrFieldValidation
	at org.testng.Assert.fail(Assert.java:89)
	at com.xirrus.xms.locallib.LocalLib.verifyStringequals(LocalLib.java:128)
	at com.xirrus.xms.TS_Array_Services.TC_Services_WiFiTag.testCase_verifyWiFiTagEkahauSrvrFieldValidation(TC_Services_WiFiTag.java:771)
	at sun.reflect.NativeMethodAccessorImpl.invoke0(Native Method)
	at sun.reflect.NativeMethodAccessorImpl.invoke(NativeMethodAccessorImpl.java:57)
	at sun.reflect.DelegatingMethodAccessorImpl.invoke(DelegatingMethodAccessorImpl.java:43)
	at java.lang.reflect.Method.invoke(Method.java:606)
	at org.testng.internal.MethodInvocationHelper.invokeMethod(MethodInvocationHelper.java:74)
	at org.testng.internal.Invoker.invokeMethod(Invoker.java:673)
	at org.testng.internal.Invoker.invokeTestMethod(Invoker.java:846)
	at org.testng.internal.Invoker.invokeTestMethods(Invoker.java:1170)
	at org.testng.internal.TestMethodWorker.invokeTestMethods(TestMethodWorker.java:125)
	at org.testng.internal.TestMethodWorker.run(TestMethodWorker.java:109)
	at org.testng.TestRunner.runWorkers(TestRunner.java:1125)
	at org.testng.TestRunner.privateRun(TestRunner.java:749)
	at org.testng.TestRunner.run(TestRunner.java:600)
	at org.testng.SuiteRunner.runTest(SuiteRunner.java:317)
	at org.testng.SuiteRunner.runSequentially(SuiteRunner.java:312)
	at org.testng.SuiteRunner.privateRun(SuiteRunner.java:274)
	at org.testng.SuiteRunner.run(SuiteRunner.java:223)
	at org.testng.SuiteRunnerWorker.runSuite(SuiteRunnerWorker.java:52)
	at org.testng.SuiteRunnerWorker.run(SuiteRunnerWorker.java:86)
	at org.testng.TestNG.runSuitesSequentially(TestNG.java:965)
	at org.testng.TestNG.runSuitesSequentially(TestNG.java:961)
	at org.testng.TestNG.runSuitesLocally(TestNG.java:890)
	at org.testng.TestNG.run(TestNG.java:824)
	at org.testng.TestNG.privateMain(TestNG.java:1128)
	at org.testng.TestNG.main(TestNG.java:1092)
]]>
            </full-stacktrace>
          </exception>
        </test-method>
        <test-method status="PASS" signature="testCase_verifyWiFiTagSupportDisable()" name="testCase_verifyWiFiTagSupportDisable" duration-ms="37851" started-at="2015-03-25T10:01:57Z" finished-at="2015-03-25T10:02:35Z">
        </test-method>
        <test-method status="PASS" signature="testCompleted()" name="testCompleted" is-config="true" duration-ms="0" started-at="2015-03-25T10:02:35Z" finished-at="2015-03-25T10:02:35Z">
        </test-method>
      </class>
    </test>
    <test name="TC_Services_Location" duration-ms="381107" started-at="2015-03-25T10:02:35Z" finished-at="2015-03-25T10:08:56Z">
      <class name="com.xirrus.xms.TS_Array_Services.TC_Services_Location">
        <test-method status="PASS" signature="checkTestSkip()" name="checkTestSkip" is-config="true" duration-ms="21" started-at="2015-03-25T10:02:35Z" finished-at="2015-03-25T10:02:35Z">
        </test-method>
        <test-method status="PASS" signature="testCase_verifyNetflowDefaultVersion()" name="testCase_verifyNetflowDefaultVersion" duration-ms="6821" started-at="2015-03-25T10:02:35Z" finished-at="2015-03-25T10:02:41Z">
        </test-method>
        <test-method status="PASS" signature="testCase_verifyLocationURLDefaultValue()" name="testCase_verifyLocationURLDefaultValue" duration-ms="6971" started-at="2015-03-25T10:02:41Z" finished-at="2015-03-25T10:02:48Z">
        </test-method>
        <test-method status="PASS" signature="testCase_verifyLocationKeyDefaultValue()" name="testCase_verifyLocationKeyDefaultValue" duration-ms="7111" started-at="2015-03-25T10:02:48Z" finished-at="2015-03-25T10:02:56Z">
        </test-method>
        <test-method status="PASS" signature="testCase_verifyLocationPeriodDefaultValue()" name="testCase_verifyLocationPeriodDefaultValue" duration-ms="6990" started-at="2015-03-25T10:02:56Z" finished-at="2015-03-25T10:03:03Z">
        </test-method>
        <test-method status="PASS" signature="testCase_verifyLocationSupportEnable()" name="testCase_verifyLocationSupportEnable" duration-ms="38960" started-at="2015-03-25T10:03:03Z" finished-at="2015-03-25T10:03:42Z">
        </test-method>
        <test-method status="PASS" signature="testCase_verifyLocationURLEditValue()" name="testCase_verifyLocationURLEditValue" duration-ms="6858" started-at="2015-03-25T10:03:42Z" finished-at="2015-03-25T10:03:48Z">
        </test-method>
        <test-method status="PASS" signature="testCase_verifyLocationKeyEditValue()" name="testCase_verifyLocationKeyEditValue" duration-ms="6982" started-at="2015-03-25T10:03:48Z" finished-at="2015-03-25T10:03:55Z">
        </test-method>
        <test-method status="PASS" signature="testCase_verifyLocationPeriodEditValue()" name="testCase_verifyLocationPeriodEditValue" duration-ms="6865" started-at="2015-03-25T10:03:55Z" finished-at="2015-03-25T10:04:02Z">
        </test-method>
        <test-method status="PASS" signature="testCase_verifyLocationURLFieldValidation()" name="testCase_verifyLocationURLFieldValidation" duration-ms="45756" started-at="2015-03-25T10:04:02Z" finished-at="2015-03-25T10:04:48Z">
        </test-method>
        <test-method status="FAIL" signature="testCase_verifyLocationKeyFieldValidation()" name="testCase_verifyLocationKeyFieldValidation" duration-ms="104911" started-at="2015-03-25T10:04:48Z" finished-at="2015-03-25T10:06:33Z">
          <exception class="java.lang.AssertionError">
            <message>
              <![CDATA[FAIL- Verification Failed!!!LocationKeyLengthWarning-TC_Services_Location-testCase_verifyLocationKeyFieldValidation]]>
            </message>
            <full-stacktrace>
              <![CDATA[java.lang.AssertionError: FAIL- Verification Failed!!!LocationKeyLengthWarning-TC_Services_Location-testCase_verifyLocationKeyFieldValidation
	at org.testng.Assert.fail(Assert.java:89)
	at com.xirrus.xms.locallib.LocalLib.verifyStringequals(LocalLib.java:128)
	at com.xirrus.xms.TS_Array_Services.TC_Services_Location.testCase_verifyLocationKeyFieldValidation(TC_Services_Location.java:709)
	at sun.reflect.NativeMethodAccessorImpl.invoke0(Native Method)
	at sun.reflect.NativeMethodAccessorImpl.invoke(NativeMethodAccessorImpl.java:57)
	at sun.reflect.DelegatingMethodAccessorImpl.invoke(DelegatingMethodAccessorImpl.java:43)
	at java.lang.reflect.Method.invoke(Method.java:606)
	at org.testng.internal.MethodInvocationHelper.invokeMethod(MethodInvocationHelper.java:74)
	at org.testng.internal.Invoker.invokeMethod(Invoker.java:673)
	at org.testng.internal.Invoker.invokeTestMethod(Invoker.java:846)
	at org.testng.internal.Invoker.invokeTestMethods(Invoker.java:1170)
	at org.testng.internal.TestMethodWorker.invokeTestMethods(TestMethodWorker.java:125)
	at org.testng.internal.TestMethodWorker.run(TestMethodWorker.java:109)
	at org.testng.TestRunner.runWorkers(TestRunner.java:1125)
	at org.testng.TestRunner.privateRun(TestRunner.java:749)
	at org.testng.TestRunner.run(TestRunner.java:600)
	at org.testng.SuiteRunner.runTest(SuiteRunner.java:317)
	at org.testng.SuiteRunner.runSequentially(SuiteRunner.java:312)
	at org.testng.SuiteRunner.privateRun(SuiteRunner.java:274)
	at org.testng.SuiteRunner.run(SuiteRunner.java:223)
	at org.testng.SuiteRunnerWorker.runSuite(SuiteRunnerWorker.java:52)
	at org.testng.SuiteRunnerWorker.run(SuiteRunnerWorker.java:86)
	at org.testng.TestNG.runSuitesSequentially(TestNG.java:965)
	at org.testng.TestNG.runSuitesSequentially(TestNG.java:961)
	at org.testng.TestNG.runSuitesLocally(TestNG.java:890)
	at org.testng.TestNG.run(TestNG.java:824)
	at org.testng.TestNG.privateMain(TestNG.java:1128)
	at org.testng.TestNG.main(TestNG.java:1092)
]]>
            </full-stacktrace>
          </exception>
        </test-method>
        <test-method status="FAIL" signature="testCase_verifyLocationPeriodFieldValidation()" name="testCase_verifyLocationPeriodFieldValidation" duration-ms="104880" started-at="2015-03-25T10:06:33Z" finished-at="2015-03-25T10:08:18Z">
          <exception class="java.lang.AssertionError">
            <message>
              <![CDATA[FAIL- Verification Failed!!!LocationPeriodLimitWarning-TC_Services_Location-testCase_verifyLocationPeriodFieldValidation]]>
            </message>
            <full-stacktrace>
              <![CDATA[java.lang.AssertionError: FAIL- Verification Failed!!!LocationPeriodLimitWarning-TC_Services_Location-testCase_verifyLocationPeriodFieldValidation
	at org.testng.Assert.fail(Assert.java:89)
	at com.xirrus.xms.locallib.LocalLib.verifyStringequals(LocalLib.java:128)
	at com.xirrus.xms.TS_Array_Services.TC_Services_Location.testCase_verifyLocationPeriodFieldValidation(TC_Services_Location.java:767)
	at sun.reflect.NativeMethodAccessorImpl.invoke0(Native Method)
	at sun.reflect.NativeMethodAccessorImpl.invoke(NativeMethodAccessorImpl.java:57)
	at sun.reflect.DelegatingMethodAccessorImpl.invoke(DelegatingMethodAccessorImpl.java:43)
	at java.lang.reflect.Method.invoke(Method.java:606)
	at org.testng.internal.MethodInvocationHelper.invokeMethod(MethodInvocationHelper.java:74)
	at org.testng.internal.Invoker.invokeMethod(Invoker.java:673)
	at org.testng.internal.Invoker.invokeTestMethod(Invoker.java:846)
	at org.testng.internal.Invoker.invokeTestMethods(Invoker.java:1170)
	at org.testng.internal.TestMethodWorker.invokeTestMethods(TestMethodWorker.java:125)
	at org.testng.internal.TestMethodWorker.run(TestMethodWorker.java:109)
	at org.testng.TestRunner.runWorkers(TestRunner.java:1125)
	at org.testng.TestRunner.privateRun(TestRunner.java:749)
	at org.testng.TestRunner.run(TestRunner.java:600)
	at org.testng.SuiteRunner.runTest(SuiteRunner.java:317)
	at org.testng.SuiteRunner.runSequentially(SuiteRunner.java:312)
	at org.testng.SuiteRunner.privateRun(SuiteRunner.java:274)
	at org.testng.SuiteRunner.run(SuiteRunner.java:223)
	at org.testng.SuiteRunnerWorker.runSuite(SuiteRunnerWorker.java:52)
	at org.testng.SuiteRunnerWorker.run(SuiteRunnerWorker.java:86)
	at org.testng.TestNG.runSuitesSequentially(TestNG.java:965)
	at org.testng.TestNG.runSuitesSequentially(TestNG.java:961)
	at org.testng.TestNG.runSuitesLocally(TestNG.java:890)
	at org.testng.TestNG.run(TestNG.java:824)
	at org.testng.TestNG.privateMain(TestNG.java:1128)
	at org.testng.TestNG.main(TestNG.java:1092)
]]>
            </full-stacktrace>
          </exception>
        </test-method>
        <test-method status="PASS" signature="testCase_verifyLocationSupportDisable()" name="testCase_verifyLocationSupportDisable" duration-ms="37981" started-at="2015-03-25T10:08:18Z" finished-at="2015-03-25T10:08:56Z">
        </test-method>
        <test-method status="PASS" signature="testCompleted()" name="testCompleted" is-config="true" duration-ms="0" started-at="2015-03-25T10:08:56Z" finished-at="2015-03-25T10:08:56Z">
        </test-method>
      </class>
    </test>
    <test name="TC_Services_Netflow" duration-ms="692903" started-at="2015-03-25T09:44:58Z" finished-at="2015-03-25T09:56:31Z">
      <class name="com.xirrus.xms.TS_Array_Services.TC_Services_Netflow">
        <test-method status="PASS" signature="checkTestSkip()" name="checkTestSkip" is-config="true" duration-ms="15" started-at="2015-03-25T09:44:58Z" finished-at="2015-03-25T09:44:58Z">
        </test-method>
        <test-method status="FAIL" signature="testCase_verifyNetflowDefaultVersion()" name="testCase_verifyNetflowDefaultVersion" duration-ms="39619" started-at="2015-03-25T09:44:58Z" finished-at="2015-03-25T09:45:38Z">
          <exception class="java.lang.AssertionError">
            <message>
              <![CDATA[FAIL- Verification Failed!!!NetflowState-TC_Services_Netflow-testCase_verifyNetflowDefaultVersion]]>
            </message>
            <full-stacktrace>
              <![CDATA[java.lang.AssertionError: FAIL- Verification Failed!!!NetflowState-TC_Services_Netflow-testCase_verifyNetflowDefaultVersion
	at org.testng.Assert.fail(Assert.java:89)
	at com.xirrus.xms.locallib.LocalLib.verifyStringequals(LocalLib.java:128)
	at com.xirrus.xms.TS_Array_Services.TC_Services_Netflow.testCase_verifyNetflowDefaultVersion(TC_Services_Netflow.java:99)
	at sun.reflect.NativeMethodAccessorImpl.invoke0(Native Method)
	at sun.reflect.NativeMethodAccessorImpl.invoke(NativeMethodAccessorImpl.java:57)
	at sun.reflect.DelegatingMethodAccessorImpl.invoke(DelegatingMethodAccessorImpl.java:43)
	at java.lang.reflect.Method.invoke(Method.java:606)
	at org.testng.internal.MethodInvocationHelper.invokeMethod(MethodInvocationHelper.java:74)
	at org.testng.internal.Invoker.invokeMethod(Invoker.java:673)
	at org.testng.internal.Invoker.invokeTestMethod(Invoker.java:846)
	at org.testng.internal.Invoker.invokeTestMethods(Invoker.java:1170)
	at org.testng.internal.TestMethodWorker.invokeTestMethods(TestMethodWorker.java:125)
	at org.testng.internal.TestMethodWorker.run(TestMethodWorker.java:109)
	at org.testng.TestRunner.runWorkers(TestRunner.java:1125)
	at org.testng.TestRunner.privateRun(TestRunner.java:749)
	at org.testng.TestRunner.run(TestRunner.java:600)
	at org.testng.SuiteRunner.runTest(SuiteRunner.java:317)
	at org.testng.SuiteRunner.runSequentially(SuiteRunner.java:312)
	at org.testng.SuiteRunner.privateRun(SuiteRunner.java:274)
	at org.testng.SuiteRunner.run(SuiteRunner.java:223)
	at org.testng.SuiteRunnerWorker.runSuite(SuiteRunnerWorker.java:52)
	at org.testng.SuiteRunnerWorker.run(SuiteRunnerWorker.java:86)
	at org.testng.TestNG.runSuitesSequentially(TestNG.java:965)
	at org.testng.TestNG.runSuitesSequentially(TestNG.java:961)
	at org.testng.TestNG.runSuitesLocally(TestNG.java:890)
	at org.testng.TestNG.run(TestNG.java:824)
	at org.testng.TestNG.privateMain(TestNG.java:1128)
	at org.testng.TestNG.main(TestNG.java:1092)
]]>
            </full-stacktrace>
          </exception>
        </test-method>
        <test-method status="PASS" signature="testCase_verifyNetflowDefaultCollectorHost()" name="testCase_verifyNetflowDefaultCollectorHost" duration-ms="83491" started-at="2015-03-25T09:45:38Z" finished-at="2015-03-25T09:47:01Z">
        </test-method>
        <test-method status="PASS" signature="testCase_verifyNetflowDefaultCollectorPort()" name="testCase_verifyNetflowDefaultCollectorPort" duration-ms="28882" started-at="2015-03-25T09:47:01Z" finished-at="2015-03-25T09:47:30Z">
        </test-method>
        <test-method status="PASS" signature="testCase_verifyNetflowVersionV5()" name="testCase_verifyNetflowVersionV5" duration-ms="45310" started-at="2015-03-25T09:47:30Z" finished-at="2015-03-25T09:48:15Z">
        </test-method>
        <test-method status="PASS" signature="testCase_verifyNetflowCollectorHostEdit()" name="testCase_verifyNetflowCollectorHostEdit" duration-ms="10016" started-at="2015-03-25T09:48:15Z" finished-at="2015-03-25T09:48:25Z">
        </test-method>
        <test-method status="PASS" signature="testCase_verifyNetflowCollectorPortEdit()" name="testCase_verifyNetflowCollectorPortEdit" duration-ms="9453" started-at="2015-03-25T09:48:25Z" finished-at="2015-03-25T09:48:35Z">
        </test-method>
        <test-method status="PASS" signature="testCase_verifyNetflowVersionV6()" name="testCase_verifyNetflowVersionV6" duration-ms="41081" started-at="2015-03-25T09:48:35Z" finished-at="2015-03-25T09:49:16Z">
        </test-method>
        <test-method status="PASS" signature="testCase_verifyNetflowVersionIPFIX()" name="testCase_verifyNetflowVersionIPFIX" duration-ms="44474" started-at="2015-03-25T09:49:16Z" finished-at="2015-03-25T09:50:00Z">
        </test-method>
        <test-method status="FAIL" signature="testCase_verifyNetflowCollectorHostFieldValidation()" name="testCase_verifyNetflowCollectorHostFieldValidation" duration-ms="122305" started-at="2015-03-25T09:50:00Z" finished-at="2015-03-25T09:52:03Z">
          <exception class="java.lang.AssertionError">
            <message>
              <![CDATA[FAIL- Verification Failed!!!NetflowHostInvalidNameWarning-TC_Services_Netflow-testCase_verifyNetflowCollectorHostFieldValidation]]>
            </message>
            <full-stacktrace>
              <![CDATA[java.lang.AssertionError: FAIL- Verification Failed!!!NetflowHostInvalidNameWarning-TC_Services_Netflow-testCase_verifyNetflowCollectorHostFieldValidation
	at org.testng.Assert.fail(Assert.java:89)
	at com.xirrus.xms.locallib.LocalLib.verifyStringequals(LocalLib.java:128)
	at com.xirrus.xms.TS_Array_Services.TC_Services_Netflow.testCase_verifyNetflowCollectorHostFieldValidation(TC_Services_Netflow.java:650)
	at sun.reflect.NativeMethodAccessorImpl.invoke0(Native Method)
	at sun.reflect.NativeMethodAccessorImpl.invoke(NativeMethodAccessorImpl.java:57)
	at sun.reflect.DelegatingMethodAccessorImpl.invoke(DelegatingMethodAccessorImpl.java:43)
	at java.lang.reflect.Method.invoke(Method.java:606)
	at org.testng.internal.MethodInvocationHelper.invokeMethod(MethodInvocationHelper.java:74)
	at org.testng.internal.Invoker.invokeMethod(Invoker.java:673)
	at org.testng.internal.Invoker.invokeTestMethod(Invoker.java:846)
	at org.testng.internal.Invoker.invokeTestMethods(Invoker.java:1170)
	at org.testng.internal.TestMethodWorker.invokeTestMethods(TestMethodWorker.java:125)
	at org.testng.internal.TestMethodWorker.run(TestMethodWorker.java:109)
	at org.testng.TestRunner.runWorkers(TestRunner.java:1125)
	at org.testng.TestRunner.privateRun(TestRunner.java:749)
	at org.testng.TestRunner.run(TestRunner.java:600)
	at org.testng.SuiteRunner.runTest(SuiteRunner.java:317)
	at org.testng.SuiteRunner.runSequentially(SuiteRunner.java:312)
	at org.testng.SuiteRunner.privateRun(SuiteRunner.java:274)
	at org.testng.SuiteRunner.run(SuiteRunner.java:223)
	at org.testng.SuiteRunnerWorker.runSuite(SuiteRunnerWorker.java:52)
	at org.testng.SuiteRunnerWorker.run(SuiteRunnerWorker.java:86)
	at org.testng.TestNG.runSuitesSequentially(TestNG.java:965)
	at org.testng.TestNG.runSuitesSequentially(TestNG.java:961)
	at org.testng.TestNG.runSuitesLocally(TestNG.java:890)
	at org.testng.TestNG.run(TestNG.java:824)
	at org.testng.TestNG.privateMain(TestNG.java:1128)
	at org.testng.TestNG.main(TestNG.java:1092)
]]>
            </full-stacktrace>
          </exception>
        </test-method>
        <test-method status="FAIL" signature="testCase_verifyNetflowCollectorPortFieldValidation()" name="testCase_verifyNetflowCollectorPortFieldValidation" duration-ms="108961" started-at="2015-03-25T09:52:03Z" finished-at="2015-03-25T09:53:52Z">
          <exception class="java.lang.AssertionError">
            <message>
              <![CDATA[FAIL- Verification Failed!!!NetflowPortEmptyWarning-TC_Services_Netflow-testCase_verifyNetflowCollectorPortFieldValidation]]>
            </message>
            <full-stacktrace>
              <![CDATA[java.lang.AssertionError: FAIL- Verification Failed!!!NetflowPortEmptyWarning-TC_Services_Netflow-testCase_verifyNetflowCollectorPortFieldValidation
	at org.testng.Assert.fail(Assert.java:89)
	at com.xirrus.xms.locallib.LocalLib.verifyStringequals(LocalLib.java:128)
	at com.xirrus.xms.TS_Array_Services.TC_Services_Netflow.testCase_verifyNetflowCollectorPortFieldValidation(TC_Services_Netflow.java:731)
	at sun.reflect.NativeMethodAccessorImpl.invoke0(Native Method)
	at sun.reflect.NativeMethodAccessorImpl.invoke(NativeMethodAccessorImpl.java:57)
	at sun.reflect.DelegatingMethodAccessorImpl.invoke(DelegatingMethodAccessorImpl.java:43)
	at java.lang.reflect.Method.invoke(Method.java:606)
	at org.testng.internal.MethodInvocationHelper.invokeMethod(MethodInvocationHelper.java:74)
	at org.testng.internal.Invoker.invokeMethod(Invoker.java:673)
	at org.testng.internal.Invoker.invokeTestMethod(Invoker.java:846)
	at org.testng.internal.Invoker.invokeTestMethods(Invoker.java:1170)
	at org.testng.internal.TestMethodWorker.invokeTestMethods(TestMethodWorker.java:125)
	at org.testng.internal.TestMethodWorker.run(TestMethodWorker.java:109)
	at org.testng.TestRunner.runWorkers(TestRunner.java:1125)
	at org.testng.TestRunner.privateRun(TestRunner.java:749)
	at org.testng.TestRunner.run(TestRunner.java:600)
	at org.testng.SuiteRunner.runTest(SuiteRunner.java:317)
	at org.testng.SuiteRunner.runSequentially(SuiteRunner.java:312)
	at org.testng.SuiteRunner.privateRun(SuiteRunner.java:274)
	at org.testng.SuiteRunner.run(SuiteRunner.java:223)
	at org.testng.SuiteRunnerWorker.runSuite(SuiteRunnerWorker.java:52)
	at org.testng.SuiteRunnerWorker.run(SuiteRunnerWorker.java:86)
	at org.testng.TestNG.runSuitesSequentially(TestNG.java:965)
	at org.testng.TestNG.runSuitesSequentially(TestNG.java:961)
	at org.testng.TestNG.runSuitesLocally(TestNG.java:890)
	at org.testng.TestNG.run(TestNG.java:824)
	at org.testng.TestNG.privateMain(TestNG.java:1128)
	at org.testng.TestNG.main(TestNG.java:1092)
]]>
            </full-stacktrace>
          </exception>
        </test-method>
        <test-method status="FAIL" signature="testCase_verifyNetflowDisable()" name="testCase_verifyNetflowDisable" duration-ms="159292" started-at="2015-03-25T09:53:52Z" finished-at="2015-03-25T09:56:31Z">
          <exception class="java.lang.AssertionError">
            <message>
              <![CDATA[FAIL- Verification Failed!!!NetflowState-TC_Services_Netflow-testCase_verifyNetflowDisable]]>
            </message>
            <full-stacktrace>
              <![CDATA[java.lang.AssertionError: FAIL- Verification Failed!!!NetflowState-TC_Services_Netflow-testCase_verifyNetflowDisable
	at org.testng.Assert.fail(Assert.java:89)
	at com.xirrus.xms.locallib.LocalLib.verifyStringequals(LocalLib.java:128)
	at com.xirrus.xms.TS_Array_Services.TC_Services_Netflow.testCase_verifyNetflowDisable(TC_Services_Netflow.java:867)
	at sun.reflect.NativeMethodAccessorImpl.invoke0(Native Method)
	at sun.reflect.NativeMethodAccessorImpl.invoke(NativeMethodAccessorImpl.java:57)
	at sun.reflect.DelegatingMethodAccessorImpl.invoke(DelegatingMethodAccessorImpl.java:43)
	at java.lang.reflect.Method.invoke(Method.java:606)
	at org.testng.internal.MethodInvocationHelper.invokeMethod(MethodInvocationHelper.java:74)
	at org.testng.internal.Invoker.invokeMethod(Invoker.java:673)
	at org.testng.internal.Invoker.invokeTestMethod(Invoker.java:846)
	at org.testng.internal.Invoker.invokeTestMethods(Invoker.java:1170)
	at org.testng.internal.TestMethodWorker.invokeTestMethods(TestMethodWorker.java:125)
	at org.testng.internal.TestMethodWorker.run(TestMethodWorker.java:109)
	at org.testng.TestRunner.runWorkers(TestRunner.java:1125)
	at org.testng.TestRunner.privateRun(TestRunner.java:749)
	at org.testng.TestRunner.run(TestRunner.java:600)
	at org.testng.SuiteRunner.runTest(SuiteRunner.java:317)
	at org.testng.SuiteRunner.runSequentially(SuiteRunner.java:312)
	at org.testng.SuiteRunner.privateRun(SuiteRunner.java:274)
	at org.testng.SuiteRunner.run(SuiteRunner.java:223)
	at org.testng.SuiteRunnerWorker.runSuite(SuiteRunnerWorker.java:52)
	at org.testng.SuiteRunnerWorker.run(SuiteRunnerWorker.java:86)
	at org.testng.TestNG.runSuitesSequentially(TestNG.java:965)
	at org.testng.TestNG.runSuitesSequentially(TestNG.java:961)
	at org.testng.TestNG.runSuitesLocally(TestNG.java:890)
	at org.testng.TestNG.run(TestNG.java:824)
	at org.testng.TestNG.privateMain(TestNG.java:1128)
	at org.testng.TestNG.main(TestNG.java:1092)
]]>
            </full-stacktrace>
          </exception>
        </test-method>
        <test-method status="PASS" signature="testCompleted()" name="testCompleted" is-config="true" duration-ms="0" started-at="2015-03-25T09:56:31Z" finished-at="2015-03-25T09:56:31Z">
        </test-method>
      </class>
    </test>
    <test name="TC_Services_DHCPServer" duration-ms="700477" started-at="2015-03-25T10:08:56Z" finished-at="2015-03-25T10:20:36Z">
      <class name="com.xirrus.xms.TS_Array_Services.TC_Services_DHCPServer">
        <test-method status="PASS" signature="checkSuiteSkip()" name="checkSuiteSkip" is-config="true" duration-ms="42922" started-at="2015-03-25T09:44:15Z" finished-at="2015-03-25T09:44:58Z">
        </test-method>
        <test-method status="PASS" signature="checkTestSkip()" name="checkTestSkip" is-config="true" duration-ms="10" started-at="2015-03-25T10:08:56Z" finished-at="2015-03-25T10:08:56Z">
        </test-method>
        <test-method status="PASS" signature="testCase_verifyDHCPServerDefaultValues()" name="testCase_verifyDHCPServerDefaultValues" duration-ms="25817" started-at="2015-03-25T10:08:56Z" finished-at="2015-03-25T10:09:22Z">
        </test-method>
        <test-method status="PASS" signature="testCase_verifyAddDHCPServer()" name="testCase_verifyAddDHCPServer" duration-ms="208742" started-at="2015-03-25T10:09:22Z" finished-at="2015-03-25T10:12:50Z">
        </test-method>
        <test-method status="PASS" signature="testCase_verifyEditDHCPServer()" name="testCase_verifyEditDHCPServer" duration-ms="228482" started-at="2015-03-25T10:12:50Z" finished-at="2015-03-25T10:16:39Z">
        </test-method>
        <test-method status="PASS" signature="testCase_verifyDeleteDHCPServer()" name="testCase_verifyDeleteDHCPServer" duration-ms="59177" started-at="2015-03-25T10:16:39Z" finished-at="2015-03-25T10:17:38Z">
        </test-method>
        <test-method status="PASS" signature="testCase_verifyDHCPServerNameFieldValidation()" name="testCase_verifyDHCPServerNameFieldValidation" duration-ms="6042" started-at="2015-03-25T10:17:38Z" finished-at="2015-03-25T10:17:44Z">
        </test-method>
        <test-method status="PASS" signature="testCase_verifyDHCPServerDefaultLeaseFieldValidation()" name="testCase_verifyDHCPServerDefaultLeaseFieldValidation" duration-ms="6472" started-at="2015-03-25T10:17:44Z" finished-at="2015-03-25T10:17:50Z">
        </test-method>
        <test-method status="PASS" signature="testCase_verifyDHCPServerMaxLeaseFieldValidation()" name="testCase_verifyDHCPServerMaxLeaseFieldValidation" duration-ms="6486" started-at="2015-03-25T10:17:50Z" finished-at="2015-03-25T10:17:57Z">
        </test-method>
        <test-method status="PASS" signature="testCase_verifyDHCPServerStartIPRangeFieldValidation()" name="testCase_verifyDHCPServerStartIPRangeFieldValidation" duration-ms="17823" started-at="2015-03-25T10:17:57Z" finished-at="2015-03-25T10:18:15Z">
        </test-method>
        <test-method status="PASS" signature="testCase_verifyDHCPServerEndIPRangeFieldValidation()" name="testCase_verifyDHCPServerEndIPRangeFieldValidation" duration-ms="40809" started-at="2015-03-25T10:18:15Z" finished-at="2015-03-25T10:18:56Z">
        </test-method>
        <test-method status="PASS" signature="testCase_verifyDHCPServerDefaultSubnetMaskFieldValidation()" name="testCase_verifyDHCPServerDefaultSubnetMaskFieldValidation" duration-ms="9219" started-at="2015-03-25T10:18:56Z" finished-at="2015-03-25T10:19:05Z">
        </test-method>
        <test-method status="PASS" signature="testCase_verifyDHCPServerGatewayFieldValidation()" name="testCase_verifyDHCPServerGatewayFieldValidation" duration-ms="16918" started-at="2015-03-25T10:19:05Z" finished-at="2015-03-25T10:19:22Z">
        </test-method>
        <test-method status="FAIL" signature="testCase_verifyDHCPServerDefaultDomainFieldValidation()" name="testCase_verifyDHCPServerDefaultDomainFieldValidation" duration-ms="25794" started-at="2015-03-25T10:19:22Z" finished-at="2015-03-25T10:19:48Z">
          <exception class="java.lang.AssertionError">
            <message>
              <![CDATA[FAIL- Verification Failed!!!DHCPDomainInvalidWarning-TC_Services_DHCPServer-testCase_verifyDHCPServerDefaultDomainFieldValidation]]>
            </message>
            <full-stacktrace>
              <![CDATA[java.lang.AssertionError: FAIL- Verification Failed!!!DHCPDomainInvalidWarning-TC_Services_DHCPServer-testCase_verifyDHCPServerDefaultDomainFieldValidation
	at org.testng.Assert.fail(Assert.java:89)
	at com.xirrus.xms.locallib.LocalLib.verifyStringequals(LocalLib.java:128)
	at com.xirrus.xms.TS_Array_Services.TC_Services_DHCPServer.testCase_verifyDHCPServerDefaultDomainFieldValidation(TC_Services_DHCPServer.java:1566)
	at sun.reflect.NativeMethodAccessorImpl.invoke0(Native Method)
	at sun.reflect.NativeMethodAccessorImpl.invoke(NativeMethodAccessorImpl.java:57)
	at sun.reflect.DelegatingMethodAccessorImpl.invoke(DelegatingMethodAccessorImpl.java:43)
	at java.lang.reflect.Method.invoke(Method.java:606)
	at org.testng.internal.MethodInvocationHelper.invokeMethod(MethodInvocationHelper.java:74)
	at org.testng.internal.Invoker.invokeMethod(Invoker.java:673)
	at org.testng.internal.Invoker.invokeTestMethod(Invoker.java:846)
	at org.testng.internal.Invoker.invokeTestMethods(Invoker.java:1170)
	at org.testng.internal.TestMethodWorker.invokeTestMethods(TestMethodWorker.java:125)
	at org.testng.internal.TestMethodWorker.run(TestMethodWorker.java:109)
	at org.testng.TestRunner.runWorkers(TestRunner.java:1125)
	at org.testng.TestRunner.privateRun(TestRunner.java:749)
	at org.testng.TestRunner.run(TestRunner.java:600)
	at org.testng.SuiteRunner.runTest(SuiteRunner.java:317)
	at org.testng.SuiteRunner.runSequentially(SuiteRunner.java:312)
	at org.testng.SuiteRunner.privateRun(SuiteRunner.java:274)
	at org.testng.SuiteRunner.run(SuiteRunner.java:223)
	at org.testng.SuiteRunnerWorker.runSuite(SuiteRunnerWorker.java:52)
	at org.testng.SuiteRunnerWorker.run(SuiteRunnerWorker.java:86)
	at org.testng.TestNG.runSuitesSequentially(TestNG.java:965)
	at org.testng.TestNG.runSuitesSequentially(TestNG.java:961)
	at org.testng.TestNG.runSuitesLocally(TestNG.java:890)
	at org.testng.TestNG.run(TestNG.java:824)
	at org.testng.TestNG.privateMain(TestNG.java:1128)
	at org.testng.TestNG.main(TestNG.java:1092)
]]>
            </full-stacktrace>
          </exception>
        </test-method>
        <test-method status="PASS" signature="testCase_verifyDHCPServerDefaultDNSServer1FieldValidation()" name="testCase_verifyDHCPServerDefaultDNSServer1FieldValidation" duration-ms="6580" started-at="2015-03-25T10:19:48Z" finished-at="2015-03-25T10:19:54Z">
        </test-method>
        <test-method status="PASS" signature="testCase_verifyDHCPServerDefaultDNSServer2FieldValidation()" name="testCase_verifyDHCPServerDefaultDNSServer2FieldValidation" duration-ms="16028" started-at="2015-03-25T10:19:54Z" finished-at="2015-03-25T10:20:10Z">
        </test-method>
        <test-method status="PASS" signature="testCase_verifyDHCPServerDefaultDNSServer3FieldValidation()" name="testCase_verifyDHCPServerDefaultDNSServer3FieldValidation" duration-ms="15954" started-at="2015-03-25T10:20:10Z" finished-at="2015-03-25T10:20:26Z">
        </test-method>
        <test-method status="PASS" signature="testCompleted()" name="testCompleted" is-config="true" duration-ms="10114" started-at="2015-03-25T10:20:26Z" finished-at="2015-03-25T10:20:36Z">
        </test-method>
        <test-method status="PASS" signature="cleanup()" name="cleanup" is-config="true" duration-ms="630" started-at="2015-03-25T10:20:36Z" finished-at="2015-03-25T10:20:37Z">
        </test-method>
      </class>
    </test>
  </suite>
  <suite name="TS_Array_Network" duration-ms="700546" started-at="2015-03-25T08:30:10Z" finished-at="2015-03-25T08:41:51Z">
    <groups>
    </groups>
    <test name="TC_Network_LLDP" duration-ms="86918" started-at="2015-03-25T08:30:10Z" finished-at="2015-03-25T08:31:37Z">
      <class name="com.xirrus.xms.TS_Array_Network.TC_Network_LLDP">
        <test-method status="PASS" signature="checkTestSkip()" name="checkTestSkip" is-config="true" duration-ms="7" started-at="2015-03-25T08:30:10Z" finished-at="2015-03-25T08:30:10Z">
        </test-method>
        <test-method status="PASS" signature="testCase_verifyDefaultLLDPState()" name="testCase_verifyDefaultLLDPState" duration-ms="7418" started-at="2015-03-25T08:30:10Z" finished-at="2015-03-25T08:30:18Z">
        </test-method>
        <test-method status="PASS" signature="testCase_verifyEnableLLDPState()" name="testCase_verifyEnableLLDPState" duration-ms="39541" started-at="2015-03-25T08:30:18Z" finished-at="2015-03-25T08:30:57Z">
        </test-method>
        <test-method status="PASS" signature="testCase_verifyDisableLLDPState()" name="testCase_verifyDisableLLDPState" duration-ms="39952" started-at="2015-03-25T08:30:57Z" finished-at="2015-03-25T08:31:37Z">
        </test-method>
        <test-method status="PASS" signature="testCompleted()" name="testCompleted" is-config="true" duration-ms="0" started-at="2015-03-25T08:31:37Z" finished-at="2015-03-25T08:31:37Z">
        </test-method>
      </class>
    </test>
    <test name="TC_Network_CDP" duration-ms="232041" started-at="2015-03-25T08:31:37Z" finished-at="2015-03-25T08:35:29Z">
      <class name="com.xirrus.xms.TS_Array_Network.TC_Network_CDP">
        <test-method status="PASS" signature="checkTestSkip()" name="checkTestSkip" is-config="true" duration-ms="10" started-at="2015-03-25T08:31:37Z" finished-at="2015-03-25T08:31:37Z">
        </test-method>
        <test-method status="PASS" signature="testCase_verifyCDPStateIntervalHoldTimeDefaultvalue()" name="testCase_verifyCDPStateIntervalHoldTimeDefaultvalue" duration-ms="13176" started-at="2015-03-25T08:31:37Z" finished-at="2015-03-25T08:31:50Z">
        </test-method>
        <test-method status="PASS" signature="testCase_verifyCDPStateEnableValue()" name="testCase_verifyCDPStateEnableValue" duration-ms="42930" started-at="2015-03-25T08:31:50Z" finished-at="2015-03-25T08:32:33Z">
        </test-method>
        <test-method status="PASS" signature="testCase_verifyCDPIntervalHoldTimeEditValue()" name="testCase_verifyCDPIntervalHoldTimeEditValue" duration-ms="46669" started-at="2015-03-25T08:32:33Z" finished-at="2015-03-25T08:33:20Z">
        </test-method>
        <test-method status="PASS" signature="testCase_verifyCDPIntervalHoldTimeFieldValidation()" name="testCase_verifyCDPIntervalHoldTimeFieldValidation" duration-ms="91931" started-at="2015-03-25T08:33:20Z" finished-at="2015-03-25T08:34:52Z">
        </test-method>
        <test-method status="PASS" signature="testCase_verifyCDPStateDisableValue()" name="testCase_verifyCDPStateDisableValue" duration-ms="37313" started-at="2015-03-25T08:34:52Z" finished-at="2015-03-25T08:35:29Z">
        </test-method>
        <test-method status="PASS" signature="testCompleted()" name="testCompleted" is-config="true" duration-ms="1" started-at="2015-03-25T08:35:29Z" finished-at="2015-03-25T08:35:29Z">
        </test-method>
      </class>
    </test>
    <test name="TC_Network_DNS" duration-ms="381526" started-at="2015-03-25T08:35:29Z" finished-at="2015-03-25T08:41:51Z">
      <class name="com.xirrus.xms.TS_Array_Network.TC_Network_DNS">
        <test-method status="PASS" signature="checkSuiteSkip()" name="checkSuiteSkip" is-config="true" duration-ms="26818" started-at="2015-03-25T08:29:44Z" finished-at="2015-03-25T08:30:10Z">
        </test-method>
        <test-method status="PASS" signature="checkTestSkip()" name="checkTestSkip" is-config="true" duration-ms="6" started-at="2015-03-25T08:35:29Z" finished-at="2015-03-25T08:35:29Z">
        </test-method>
        <test-method status="PASS" signature="testCase_VerifyDNSHostnameDefaultValue()" name="testCase_VerifyDNSHostnameDefaultValue" duration-ms="7798" started-at="2015-03-25T08:35:29Z" finished-at="2015-03-25T08:35:37Z">
        </test-method>
        <test-method status="PASS" signature="testCase_VerifyUseDNSSettingsAssignedbyDHCPDefaultValue()" name="testCase_VerifyUseDNSSettingsAssignedbyDHCPDefaultValue" duration-ms="2906" started-at="2015-03-25T08:35:37Z" finished-at="2015-03-25T08:35:40Z">
        </test-method>
        <test-method status="PASS" signature="testCase_VerifyUseDNSSettingsAssignedByDHCPDisable()" name="testCase_VerifyUseDNSSettingsAssignedByDHCPDisable" duration-ms="41088" started-at="2015-03-25T08:35:40Z" finished-at="2015-03-25T08:36:21Z">
        </test-method>
        <test-method status="PASS" signature="testCase_VerifyDNSDomainSetValue()" name="testCase_VerifyDNSDomainSetValue" duration-ms="2952" started-at="2015-03-25T08:36:21Z" finished-at="2015-03-25T08:36:24Z">
        </test-method>
        <test-method status="PASS" signature="testCase_VerifyDNSServer1SetValue()" name="testCase_VerifyDNSServer1SetValue" duration-ms="2929" started-at="2015-03-25T08:36:24Z" finished-at="2015-03-25T08:36:27Z">
        </test-method>
        <test-method status="PASS" signature="testCase_VerifyDNSServer2SetValue()" name="testCase_VerifyDNSServer2SetValue" duration-ms="2968" started-at="2015-03-25T08:36:27Z" finished-at="2015-03-25T08:36:30Z">
        </test-method>
        <test-method status="PASS" signature="testCase_VerifyDNSServer3SetValue()" name="testCase_VerifyDNSServer3SetValue" duration-ms="2925" started-at="2015-03-25T08:36:30Z" finished-at="2015-03-25T08:36:33Z">
        </test-method>
        <test-method status="FAIL" signature="testCase_VerifyDNSDomainFieldValidation()" name="testCase_VerifyDNSDomainFieldValidation" duration-ms="136474" started-at="2015-03-25T08:36:33Z" finished-at="2015-03-25T08:38:49Z">
          <exception class="java.lang.AssertionError">
            <message>
              <![CDATA[FAIL- Verification Failed!!!DNSDomainNameInvalid-TC_Network_DNS-testCase_VerifyDNSDomainFieldValidation]]>
            </message>
            <full-stacktrace>
              <![CDATA[java.lang.AssertionError: FAIL- Verification Failed!!!DNSDomainNameInvalid-TC_Network_DNS-testCase_VerifyDNSDomainFieldValidation
	at org.testng.Assert.fail(Assert.java:89)
	at com.xirrus.xms.locallib.LocalLib.verifyStringequals(LocalLib.java:128)
	at com.xirrus.xms.TS_Array_Network.TC_Network_DNS.testCase_VerifyDNSDomainFieldValidation(TC_Network_DNS.java:562)
	at sun.reflect.NativeMethodAccessorImpl.invoke0(Native Method)
	at sun.reflect.NativeMethodAccessorImpl.invoke(NativeMethodAccessorImpl.java:57)
	at sun.reflect.DelegatingMethodAccessorImpl.invoke(DelegatingMethodAccessorImpl.java:43)
	at java.lang.reflect.Method.invoke(Method.java:606)
	at org.testng.internal.MethodInvocationHelper.invokeMethod(MethodInvocationHelper.java:74)
	at org.testng.internal.Invoker.invokeMethod(Invoker.java:673)
	at org.testng.internal.Invoker.invokeTestMethod(Invoker.java:846)
	at org.testng.internal.Invoker.invokeTestMethods(Invoker.java:1170)
	at org.testng.internal.TestMethodWorker.invokeTestMethods(TestMethodWorker.java:125)
	at org.testng.internal.TestMethodWorker.run(TestMethodWorker.java:109)
	at org.testng.TestRunner.runWorkers(TestRunner.java:1125)
	at org.testng.TestRunner.privateRun(TestRunner.java:749)
	at org.testng.TestRunner.run(TestRunner.java:600)
	at org.testng.SuiteRunner.runTest(SuiteRunner.java:317)
	at org.testng.SuiteRunner.runSequentially(SuiteRunner.java:312)
	at org.testng.SuiteRunner.privateRun(SuiteRunner.java:274)
	at org.testng.SuiteRunner.run(SuiteRunner.java:223)
	at org.testng.SuiteRunnerWorker.runSuite(SuiteRunnerWorker.java:52)
	at org.testng.SuiteRunnerWorker.run(SuiteRunnerWorker.java:86)
	at org.testng.TestNG.runSuitesSequentially(TestNG.java:965)
	at org.testng.TestNG.runSuitesSequentially(TestNG.java:961)
	at org.testng.TestNG.runSuitesLocally(TestNG.java:890)
	at org.testng.TestNG.run(TestNG.java:824)
	at org.testng.TestNG.privateMain(TestNG.java:1128)
	at org.testng.TestNG.main(TestNG.java:1092)
]]>
            </full-stacktrace>
          </exception>
        </test-method>
        <test-method status="PASS" signature="testCase_VerifyDNSServer1FieldValidation()" name="testCase_VerifyDNSServer1FieldValidation" duration-ms="46887" started-at="2015-03-25T08:38:49Z" finished-at="2015-03-25T08:39:36Z">
        </test-method>
        <test-method status="PASS" signature="testCase_VerifyDNSServer2FieldValidation()" name="testCase_VerifyDNSServer2FieldValidation" duration-ms="47322" started-at="2015-03-25T08:39:36Z" finished-at="2015-03-25T08:40:24Z">
        </test-method>
        <test-method status="PASS" signature="testCase_VerifyDNSServer3FieldValidation()" name="testCase_VerifyDNSServer3FieldValidation" duration-ms="47609" started-at="2015-03-25T08:40:24Z" finished-at="2015-03-25T08:41:11Z">
        </test-method>
        <test-method status="PASS" signature="testCase_VerifyUseDNSsettingsAssignedByDHCPEnable()" name="testCase_VerifyUseDNSsettingsAssignedByDHCPEnable" duration-ms="39651" started-at="2015-03-25T08:41:11Z" finished-at="2015-03-25T08:41:51Z">
        </test-method>
        <test-method status="PASS" signature="testCompleted()" name="testCompleted" is-config="true" duration-ms="0" started-at="2015-03-25T08:41:51Z" finished-at="2015-03-25T08:41:51Z">
        </test-method>
        <test-method status="PASS" signature="cleanup()" name="cleanup" is-config="true" duration-ms="1393" started-at="2015-03-25T08:41:51Z" finished-at="2015-03-25T08:41:52Z">
        </test-method>
      </class>
    </test>
  </suite>
  <suite name="TS_Array_VLAN" duration-ms="3729170" started-at="2015-03-25T08:42:04Z" finished-at="2015-03-25T09:44:14Z">
    <groups>
    </groups>
    <test name="TC_VLAN_EditVLANs" duration-ms="1300421" started-at="2015-03-25T09:20:15Z" finished-at="2015-03-25T09:41:55Z">
      <class name="com.xirrus.xms.TS_Array_VLAN.TC_VLAN_EditVLANs">
        <test-method status="PASS" signature="checkTestSkip()" name="checkTestSkip" is-config="true" duration-ms="20" started-at="2015-03-25T09:20:15Z" finished-at="2015-03-25T09:20:15Z">
        </test-method>
        <test-method status="PASS" signature="testCase_VerifyAddSingleVLAN()" name="testCase_VerifyAddSingleVLAN" duration-ms="503648" started-at="2015-03-25T09:20:15Z" finished-at="2015-03-25T09:28:39Z">
        </test-method>
        <test-method status="PASS" signature="testCase_VerifyEditMultipleVLANs()" name="testCase_VerifyEditMultipleVLANs" duration-ms="85128" started-at="2015-03-25T09:28:39Z" finished-at="2015-03-25T09:30:04Z">
        </test-method>
        <test-method status="PASS" signature="testCase_VerifyUpdatedFirstVLANValues()" name="testCase_VerifyUpdatedFirstVLANValues" duration-ms="456601" started-at="2015-03-25T09:30:04Z" finished-at="2015-03-25T09:37:40Z">
        </test-method>
        <test-method status="PASS" signature="testCase_VerifyUpdatedSecondVLANValues()" name="testCase_VerifyUpdatedSecondVLANValues" duration-ms="251779" started-at="2015-03-25T09:37:40Z" finished-at="2015-03-25T09:41:52Z">
        </test-method>
        <test-method status="PASS" signature="testCompleted()" name="testCompleted" is-config="true" duration-ms="3245" started-at="2015-03-25T09:41:52Z" finished-at="2015-03-25T09:41:55Z">
        </test-method>
      </class>
    </test>
    <test name="TC_VLAN_DeleteVLANs" duration-ms="138237" started-at="2015-03-25T09:41:55Z" finished-at="2015-03-25T09:44:14Z">
      <class name="com.xirrus.xms.TS_Array_VLAN.TC_VLAN_DeleteVLANs">
        <test-method status="PASS" signature="checkSuiteSkip()" name="checkSuiteSkip" is-config="true" duration-ms="12053" started-at="2015-03-25T08:41:52Z" finished-at="2015-03-25T08:42:04Z">
        </test-method>
        <test-method status="PASS" signature="checkTestSkip()" name="checkTestSkip" is-config="true" duration-ms="23" started-at="2015-03-25T09:41:55Z" finished-at="2015-03-25T09:41:55Z">
        </test-method>
        <test-method status="PASS" signature="testCase_VerifyDeleteSingleVLAN()" name="testCase_VerifyDeleteSingleVLAN" duration-ms="70784" started-at="2015-03-25T09:41:55Z" finished-at="2015-03-25T09:43:06Z">
        </test-method>
        <test-method status="PASS" signature="testCase_VerifyDeleteAllVLANs()" name="testCase_VerifyDeleteAllVLANs" duration-ms="67430" started-at="2015-03-25T09:43:06Z" finished-at="2015-03-25T09:44:14Z">
        </test-method>
        <test-method status="PASS" signature="testCompleted()" name="testCompleted" is-config="true" duration-ms="0" started-at="2015-03-25T09:44:14Z" finished-at="2015-03-25T09:44:14Z">
        </test-method>
        <test-method status="PASS" signature="cleanup()" name="cleanup" is-config="true" duration-ms="1441" started-at="2015-03-25T09:44:14Z" finished-at="2015-03-25T09:44:15Z">
        </test-method>
      </class>
    </test>
    <test name="TC_VLAN_AddVLANs" duration-ms="2290447" started-at="2015-03-25T08:42:04Z" finished-at="2015-03-25T09:20:15Z">
      <class name="com.xirrus.xms.TS_Array_VLAN.TC_VLAN_AddVLANs">
        <test-method status="PASS" signature="checkTestSkip()" name="checkTestSkip" is-config="true" duration-ms="6" started-at="2015-03-25T08:42:04Z" finished-at="2015-03-25T08:42:04Z">
        </test-method>
        <test-method status="PASS" signature="testCase_VerifyNewVLANDefaultValues()" name="testCase_VerifyNewVLANDefaultValues" duration-ms="48341" started-at="2015-03-25T08:42:04Z" finished-at="2015-03-25T08:42:53Z">
        </test-method>
        <test-method status="PASS" signature="testCase_VerifyAddSingleVLAN()" name="testCase_VerifyAddSingleVLAN" duration-ms="532514" started-at="2015-03-25T08:42:53Z" finished-at="2015-03-25T08:51:45Z">
        </test-method>
        <test-method status="PASS" signature="testCase_VerifyAddMultipleVLANs()" name="testCase_VerifyAddMultipleVLANs" duration-ms="128913" started-at="2015-03-25T08:51:45Z" finished-at="2015-03-25T08:53:54Z">
        </test-method>
        <test-method status="PASS" signature="testCase_VerifySecondVLANValues()" name="testCase_VerifySecondVLANValues" duration-ms="455415" started-at="2015-03-25T08:53:54Z" finished-at="2015-03-25T09:01:30Z">
        </test-method>
        <test-method status="PASS" signature="testCase_VerifyThirdVLANValues()" name="testCase_VerifyThirdVLANValues" duration-ms="456148" started-at="2015-03-25T09:01:30Z" finished-at="2015-03-25T09:09:06Z">
        </test-method>
        <test-method status="FAIL" signature="testCase_VerifyMaxVLANSupportByArray()" name="testCase_VerifyMaxVLANSupportByArray" duration-ms="668479" started-at="2015-03-25T09:09:06Z" finished-at="2015-03-25T09:20:14Z">
          <exception class="java.lang.AssertionError">
            <message>
              <![CDATA[FAIL- Verification Failed!!!MAXVLANLimitation-TC_VLAN_AddVLANs-testCase_VerifyMaxVLANSupportByArray]]>
            </message>
            <full-stacktrace>
              <![CDATA[java.lang.AssertionError: FAIL- Verification Failed!!!MAXVLANLimitation-TC_VLAN_AddVLANs-testCase_VerifyMaxVLANSupportByArray
	at org.testng.Assert.fail(Assert.java:89)
	at com.xirrus.xms.locallib.LocalLib.verifyStringequals(LocalLib.java:128)
	at com.xirrus.xms.TS_Array_VLAN.TC_VLAN_AddVLANs.testCase_VerifyMaxVLANSupportByArray(TC_VLAN_AddVLANs.java:932)
	at sun.reflect.NativeMethodAccessorImpl.invoke0(Native Method)
	at sun.reflect.NativeMethodAccessorImpl.invoke(NativeMethodAccessorImpl.java:57)
	at sun.reflect.DelegatingMethodAccessorImpl.invoke(DelegatingMethodAccessorImpl.java:43)
	at java.lang.reflect.Method.invoke(Method.java:606)
	at org.testng.internal.MethodInvocationHelper.invokeMethod(MethodInvocationHelper.java:74)
	at org.testng.internal.Invoker.invokeMethod(Invoker.java:673)
	at org.testng.internal.Invoker.invokeTestMethod(Invoker.java:846)
	at org.testng.internal.Invoker.invokeTestMethods(Invoker.java:1170)
	at org.testng.internal.TestMethodWorker.invokeTestMethods(TestMethodWorker.java:125)
	at org.testng.internal.TestMethodWorker.run(TestMethodWorker.java:109)
	at org.testng.TestRunner.runWorkers(TestRunner.java:1125)
	at org.testng.TestRunner.privateRun(TestRunner.java:749)
	at org.testng.TestRunner.run(TestRunner.java:600)
	at org.testng.SuiteRunner.runTest(SuiteRunner.java:317)
	at org.testng.SuiteRunner.runSequentially(SuiteRunner.java:312)
	at org.testng.SuiteRunner.privateRun(SuiteRunner.java:274)
	at org.testng.SuiteRunner.run(SuiteRunner.java:223)
	at org.testng.SuiteRunnerWorker.runSuite(SuiteRunnerWorker.java:52)
	at org.testng.SuiteRunnerWorker.run(SuiteRunnerWorker.java:86)
	at org.testng.TestNG.runSuitesSequentially(TestNG.java:965)
	at org.testng.TestNG.runSuitesSequentially(TestNG.java:961)
	at org.testng.TestNG.runSuitesLocally(TestNG.java:890)
	at org.testng.TestNG.run(TestNG.java:824)
	at org.testng.TestNG.privateMain(TestNG.java:1128)
	at org.testng.TestNG.main(TestNG.java:1092)
]]>
            </full-stacktrace>
          </exception>
        </test-method>
        <test-method status="PASS" signature="testCompleted()" name="testCompleted" is-config="true" duration-ms="630" started-at="2015-03-25T09:20:14Z" finished-at="2015-03-25T09:20:15Z">
        </test-method>
      </class>
    </test>
  </suite>
  <suite name="TS_Array_Filters" duration-ms="0" started-at="2015-03-25T11:14:26Z" finished-at="2015-03-25T11:14:26Z">
    <groups>
    </groups>
  </suite>
  <suite name="My suite" duration-ms="0" started-at="2015-03-25T11:14:26Z" finished-at="2015-03-25T11:14:26Z">
    <groups>
    </groups>
  </suite>
  <suite name="TS_Array_SSIDs" duration-ms="1528912" started-at="2015-03-25T10:38:29Z" finished-at="2015-03-25T11:03:58Z">
    <groups>
    </groups>
    <test name="TC_SSIDs_Mgmt_Authentication" duration-ms="40" started-at="2015-03-25T11:03:58Z" finished-at="2015-03-25T11:03:58Z">
      <class name="com.xirrus.xms.TS_Array_SSIDs.TC_SSIDs_Mgmt_Authentication">
        <test-method status="PASS" signature="checkTestSkip()" name="checkTestSkip" is-config="true" duration-ms="28" started-at="2015-03-25T11:03:58Z" finished-at="2015-03-25T11:03:58Z">
        </test-method>
        <test-method status="PASS" signature="testCase_VerifyAddSSIDwithDefaultGeneralSettings()" name="testCase_VerifyAddSSIDwithDefaultGeneralSettings" duration-ms="5" started-at="2015-03-25T11:03:58Z" finished-at="2015-03-25T11:03:58Z">
        </test-method>
        <test-method status="PASS" signature="testCase_VerifyDefaultSSIDDefaultAuthentication()" name="testCase_VerifyDefaultSSIDDefaultAuthentication" duration-ms="0" started-at="2015-03-25T11:03:58Z" finished-at="2015-03-25T11:03:58Z">
        </test-method>
        <test-method status="PASS" signature="testCase_VerifyADDSSIDwithWEPOPENAuthentication()" name="testCase_VerifyADDSSIDwithWEPOPENAuthentication" duration-ms="1" started-at="2015-03-25T11:03:58Z" finished-at="2015-03-25T11:03:58Z">
        </test-method>
        <test-method status="PASS" signature="testCase_VerifyEditSSIDGeneralSettings()" name="testCase_VerifyEditSSIDGeneralSettings" duration-ms="1" started-at="2015-03-25T11:03:58Z" finished-at="2015-03-25T11:03:58Z">
        </test-method>
        <test-method status="PASS" signature="testCompleted()" name="testCompleted" is-config="true" duration-ms="1" started-at="2015-03-25T11:03:58Z" finished-at="2015-03-25T11:03:58Z">
        </test-method>
      </class>
    </test>
    <test name="TC_SSIDs_Mgmt_GeneralSettings" duration-ms="1528681" started-at="2015-03-25T10:38:29Z" finished-at="2015-03-25T11:03:58Z">
      <class name="com.xirrus.xms.TS_Array_SSIDs.TC_SSIDs_Mgmt_GeneralSettings">
        <test-method status="PASS" signature="checkTestSkip()" name="checkTestSkip" is-config="true" duration-ms="27" started-at="2015-03-25T10:38:29Z" finished-at="2015-03-25T10:38:29Z">
        </test-method>
        <test-method status="PASS" signature="testCase_VerifyDefaultSSIDGeneralSettings()" name="testCase_VerifyDefaultSSIDGeneralSettings" duration-ms="436121" started-at="2015-03-25T10:38:29Z" finished-at="2015-03-25T10:45:45Z">
        </test-method>
        <test-method status="PASS" signature="testCase_VerifyAddSSIDwithDefaultGeneralSettings()" name="testCase_VerifyAddSSIDwithDefaultGeneralSettings" duration-ms="515809" started-at="2015-03-25T10:45:45Z" finished-at="2015-03-25T10:54:21Z">
        </test-method>
        <test-method status="FAIL" signature="testCase_VerifyAddSSIDwithcustomGeneralSettings()" name="testCase_VerifyAddSSIDwithcustomGeneralSettings" duration-ms="36609" started-at="2015-03-25T10:54:21Z" finished-at="2015-03-25T10:54:58Z">
          <exception class="org.openqa.selenium.NoSuchElementException">
            <message>
              <![CDATA[Cannot locate element with text: SSIDVLAN
For documentation on this error, please visit: http://seleniumhq.org/exceptions/no_such_element.html
Build info: version: '2.40.0', revision: 'fbe29a9', time: '2014-02-19 20:55:11'
System info: host: 'ANasser-8470p', ip: '10.100.23.51', os.name: 'Windows 7', os.arch: 'amd64', os.version: '6.1', java.version: '1.7.0_60'
Driver info: driver.version: unknown]]>
            </message>
            <full-stacktrace>
              <![CDATA[org.openqa.selenium.NoSuchElementException: Cannot locate element with text: SSIDVLAN
For documentation on this error, please visit: http://seleniumhq.org/exceptions/no_such_element.html
Build info: version: '2.40.0', revision: 'fbe29a9', time: '2014-02-19 20:55:11'
System info: host: 'ANasser-8470p', ip: '10.100.23.51', os.name: 'Windows 7', os.arch: 'amd64', os.version: '6.1', java.version: '1.7.0_60'
Driver info: driver.version: unknown
	at org.openqa.selenium.support.ui.Select.selectByVisibleText(Select.java:147)
	at com.xirrus.xms.locallib.LocalLib.selectDropDown(LocalLib.java:274)
	at com.xirrus.xms.TS_Array_SSIDs.TC_SSIDs_Mgmt_GeneralSettings.testCase_VerifyAddSSIDwithcustomGeneralSettings(TC_SSIDs_Mgmt_GeneralSettings.java:613)
	at sun.reflect.NativeMethodAccessorImpl.invoke0(Native Method)
	at sun.reflect.NativeMethodAccessorImpl.invoke(NativeMethodAccessorImpl.java:57)
	at sun.reflect.DelegatingMethodAccessorImpl.invoke(DelegatingMethodAccessorImpl.java:43)
	at java.lang.reflect.Method.invoke(Method.java:606)
	at org.testng.internal.MethodInvocationHelper.invokeMethod(MethodInvocationHelper.java:74)
	at org.testng.internal.Invoker.invokeMethod(Invoker.java:673)
	at org.testng.internal.Invoker.invokeTestMethod(Invoker.java:846)
	at org.testng.internal.Invoker.invokeTestMethods(Invoker.java:1170)
	at org.testng.internal.TestMethodWorker.invokeTestMethods(TestMethodWorker.java:125)
	at org.testng.internal.TestMethodWorker.run(TestMethodWorker.java:109)
	at org.testng.TestRunner.runWorkers(TestRunner.java:1125)
	at org.testng.TestRunner.privateRun(TestRunner.java:749)
	at org.testng.TestRunner.run(TestRunner.java:600)
	at org.testng.SuiteRunner.runTest(SuiteRunner.java:317)
	at org.testng.SuiteRunner.runSequentially(SuiteRunner.java:312)
	at org.testng.SuiteRunner.privateRun(SuiteRunner.java:274)
	at org.testng.SuiteRunner.run(SuiteRunner.java:223)
	at org.testng.SuiteRunnerWorker.runSuite(SuiteRunnerWorker.java:52)
	at org.testng.SuiteRunnerWorker.run(SuiteRunnerWorker.java:86)
	at org.testng.TestNG.runSuitesSequentially(TestNG.java:965)
	at org.testng.TestNG.runSuitesSequentially(TestNG.java:961)
	at org.testng.TestNG.runSuitesLocally(TestNG.java:890)
	at org.testng.TestNG.run(TestNG.java:824)
	at org.testng.TestNG.privateMain(TestNG.java:1128)
	at org.testng.TestNG.main(TestNG.java:1092)
]]>
            </full-stacktrace>
          </exception>
        </test-method>
        <test-method status="FAIL" signature="testCase_VerifyEditSSIDGeneralSettings()" name="testCase_VerifyEditSSIDGeneralSettings" duration-ms="14582" started-at="2015-03-25T10:54:58Z" finished-at="2015-03-25T10:55:12Z">
          <exception class="org.openqa.selenium.NoSuchElementException">
            <message>
              <![CDATA[Cannot locate element with text: custom
For documentation on this error, please visit: http://seleniumhq.org/exceptions/no_such_element.html
Build info: version: '2.40.0', revision: 'fbe29a9', time: '2014-02-19 20:55:11'
System info: host: 'ANasser-8470p', ip: '10.100.23.51', os.name: 'Windows 7', os.arch: 'amd64', os.version: '6.1', java.version: '1.7.0_60'
Driver info: driver.version: unknown]]>
            </message>
            <full-stacktrace>
              <![CDATA[org.openqa.selenium.NoSuchElementException: Cannot locate element with text: custom
For documentation on this error, please visit: http://seleniumhq.org/exceptions/no_such_element.html
Build info: version: '2.40.0', revision: 'fbe29a9', time: '2014-02-19 20:55:11'
System info: host: 'ANasser-8470p', ip: '10.100.23.51', os.name: 'Windows 7', os.arch: 'amd64', os.version: '6.1', java.version: '1.7.0_60'
Driver info: driver.version: unknown
	at org.openqa.selenium.support.ui.Select.selectByVisibleText(Select.java:147)
	at com.xirrus.xms.locallib.LocalLib.selectDropDown(LocalLib.java:274)
	at com.xirrus.xms.TS_Array_SSIDs.TC_SSIDs_Mgmt_GeneralSettings.testCase_VerifyEditSSIDGeneralSettings(TC_SSIDs_Mgmt_GeneralSettings.java:849)
	at sun.reflect.NativeMethodAccessorImpl.invoke0(Native Method)
	at sun.reflect.NativeMethodAccessorImpl.invoke(NativeMethodAccessorImpl.java:57)
	at sun.reflect.DelegatingMethodAccessorImpl.invoke(DelegatingMethodAccessorImpl.java:43)
	at java.lang.reflect.Method.invoke(Method.java:606)
	at org.testng.internal.MethodInvocationHelper.invokeMethod(MethodInvocationHelper.java:74)
	at org.testng.internal.Invoker.invokeMethod(Invoker.java:673)
	at org.testng.internal.Invoker.invokeTestMethod(Invoker.java:846)
	at org.testng.internal.Invoker.invokeTestMethods(Invoker.java:1170)
	at org.testng.internal.TestMethodWorker.invokeTestMethods(TestMethodWorker.java:125)
	at org.testng.internal.TestMethodWorker.run(TestMethodWorker.java:109)
	at org.testng.TestRunner.runWorkers(TestRunner.java:1125)
	at org.testng.TestRunner.privateRun(TestRunner.java:749)
	at org.testng.TestRunner.run(TestRunner.java:600)
	at org.testng.SuiteRunner.runTest(SuiteRunner.java:317)
	at org.testng.SuiteRunner.runSequentially(SuiteRunner.java:312)
	at org.testng.SuiteRunner.privateRun(SuiteRunner.java:274)
	at org.testng.SuiteRunner.run(SuiteRunner.java:223)
	at org.testng.SuiteRunnerWorker.runSuite(SuiteRunnerWorker.java:52)
	at org.testng.SuiteRunnerWorker.run(SuiteRunnerWorker.java:86)
	at org.testng.TestNG.runSuitesSequentially(TestNG.java:965)
	at org.testng.TestNG.runSuitesSequentially(TestNG.java:961)
	at org.testng.TestNG.runSuitesLocally(TestNG.java:890)
	at org.testng.TestNG.run(TestNG.java:824)
	at org.testng.TestNG.privateMain(TestNG.java:1128)
	at org.testng.TestNG.main(TestNG.java:1092)
]]>
            </full-stacktrace>
          </exception>
        </test-method>
        <test-method status="FAIL" signature="testCase_VerifyDeleteSSID()" name="testCase_VerifyDeleteSSID" duration-ms="14576" started-at="2015-03-25T10:55:12Z" finished-at="2015-03-25T10:55:27Z">
          <exception class="org.openqa.selenium.NoSuchElementException">
            <message>
              <![CDATA[Cannot locate element with text: custom
For documentation on this error, please visit: http://seleniumhq.org/exceptions/no_such_element.html
Build info: version: '2.40.0', revision: 'fbe29a9', time: '2014-02-19 20:55:11'
System info: host: 'ANasser-8470p', ip: '10.100.23.51', os.name: 'Windows 7', os.arch: 'amd64', os.version: '6.1', java.version: '1.7.0_60'
Driver info: driver.version: unknown]]>
            </message>
            <full-stacktrace>
              <![CDATA[org.openqa.selenium.NoSuchElementException: Cannot locate element with text: custom
For documentation on this error, please visit: http://seleniumhq.org/exceptions/no_such_element.html
Build info: version: '2.40.0', revision: 'fbe29a9', time: '2014-02-19 20:55:11'
System info: host: 'ANasser-8470p', ip: '10.100.23.51', os.name: 'Windows 7', os.arch: 'amd64', os.version: '6.1', java.version: '1.7.0_60'
Driver info: driver.version: unknown
	at org.openqa.selenium.support.ui.Select.selectByVisibleText(Select.java:147)
	at com.xirrus.xms.locallib.LocalLib.selectDropDown(LocalLib.java:274)
	at com.xirrus.xms.TS_Array_SSIDs.TC_SSIDs_Mgmt_GeneralSettings.testCase_VerifyDeleteSSID(TC_SSIDs_Mgmt_GeneralSettings.java:1088)
	at sun.reflect.NativeMethodAccessorImpl.invoke0(Native Method)
	at sun.reflect.NativeMethodAccessorImpl.invoke(NativeMethodAccessorImpl.java:57)
	at sun.reflect.DelegatingMethodAccessorImpl.invoke(DelegatingMethodAccessorImpl.java:43)
	at java.lang.reflect.Method.invoke(Method.java:606)
	at org.testng.internal.MethodInvocationHelper.invokeMethod(MethodInvocationHelper.java:74)
	at org.testng.internal.Invoker.invokeMethod(Invoker.java:673)
	at org.testng.internal.Invoker.invokeTestMethod(Invoker.java:846)
	at org.testng.internal.Invoker.invokeTestMethods(Invoker.java:1170)
	at org.testng.internal.TestMethodWorker.invokeTestMethods(TestMethodWorker.java:125)
	at org.testng.internal.TestMethodWorker.run(TestMethodWorker.java:109)
	at org.testng.TestRunner.runWorkers(TestRunner.java:1125)
	at org.testng.TestRunner.privateRun(TestRunner.java:749)
	at org.testng.TestRunner.run(TestRunner.java:600)
	at org.testng.SuiteRunner.runTest(SuiteRunner.java:317)
	at org.testng.SuiteRunner.runSequentially(SuiteRunner.java:312)
	at org.testng.SuiteRunner.privateRun(SuiteRunner.java:274)
	at org.testng.SuiteRunner.run(SuiteRunner.java:223)
	at org.testng.SuiteRunnerWorker.runSuite(SuiteRunnerWorker.java:52)
	at org.testng.SuiteRunnerWorker.run(SuiteRunnerWorker.java:86)
	at org.testng.TestNG.runSuitesSequentially(TestNG.java:965)
	at org.testng.TestNG.runSuitesSequentially(TestNG.java:961)
	at org.testng.TestNG.runSuitesLocally(TestNG.java:890)
	at org.testng.TestNG.run(TestNG.java:824)
	at org.testng.TestNG.privateMain(TestNG.java:1128)
	at org.testng.TestNG.main(TestNG.java:1092)
]]>
            </full-stacktrace>
          </exception>
        </test-method>
        <test-method status="PASS" signature="testCase_VerifyRenameSSID()" name="testCase_VerifyRenameSSID" duration-ms="482487" started-at="2015-03-25T10:55:27Z" finished-at="2015-03-25T11:03:29Z">
        </test-method>
        <test-method status="FAIL" signature="testCase_VerifySSIDNameFieldValidation()" name="testCase_VerifySSIDNameFieldValidation" duration-ms="28463" started-at="2015-03-25T11:03:29Z" finished-at="2015-03-25T11:03:58Z">
          <exception class="java.lang.AssertionError">
            <message>
              <![CDATA[FAIL- Verification Failed!!!ExistingSSIDWarning-TC_SSIDs_Mgmt_GeneralSettings-testCase_VerifySSIDNameFieldValidation]]>
            </message>
            <full-stacktrace>
              <![CDATA[java.lang.AssertionError: FAIL- Verification Failed!!!ExistingSSIDWarning-TC_SSIDs_Mgmt_GeneralSettings-testCase_VerifySSIDNameFieldValidation
	at org.testng.Assert.fail(Assert.java:89)
	at com.xirrus.xms.locallib.LocalLib.verifyStringequals(LocalLib.java:128)
	at com.xirrus.xms.TS_Array_SSIDs.TC_SSIDs_Mgmt_GeneralSettings.testCase_VerifySSIDNameFieldValidation(TC_SSIDs_Mgmt_GeneralSettings.java:1440)
	at sun.reflect.NativeMethodAccessorImpl.invoke0(Native Method)
	at sun.reflect.NativeMethodAccessorImpl.invoke(NativeMethodAccessorImpl.java:57)
	at sun.reflect.DelegatingMethodAccessorImpl.invoke(DelegatingMethodAccessorImpl.java:43)
	at java.lang.reflect.Method.invoke(Method.java:606)
	at org.testng.internal.MethodInvocationHelper.invokeMethod(MethodInvocationHelper.java:74)
	at org.testng.internal.Invoker.invokeMethod(Invoker.java:673)
	at org.testng.internal.Invoker.invokeTestMethod(Invoker.java:846)
	at org.testng.internal.Invoker.invokeTestMethods(Invoker.java:1170)
	at org.testng.internal.TestMethodWorker.invokeTestMethods(TestMethodWorker.java:125)
	at org.testng.internal.TestMethodWorker.run(TestMethodWorker.java:109)
	at org.testng.TestRunner.runWorkers(TestRunner.java:1125)
	at org.testng.TestRunner.privateRun(TestRunner.java:749)
	at org.testng.TestRunner.run(TestRunner.java:600)
	at org.testng.SuiteRunner.runTest(SuiteRunner.java:317)
	at org.testng.SuiteRunner.runSequentially(SuiteRunner.java:312)
	at org.testng.SuiteRunner.privateRun(SuiteRunner.java:274)
	at org.testng.SuiteRunner.run(SuiteRunner.java:223)
	at org.testng.SuiteRunnerWorker.runSuite(SuiteRunnerWorker.java:52)
	at org.testng.SuiteRunnerWorker.run(SuiteRunnerWorker.java:86)
	at org.testng.TestNG.runSuitesSequentially(TestNG.java:965)
	at org.testng.TestNG.runSuitesSequentially(TestNG.java:961)
	at org.testng.TestNG.runSuitesLocally(TestNG.java:890)
	at org.testng.TestNG.run(TestNG.java:824)
	at org.testng.TestNG.privateMain(TestNG.java:1128)
	at org.testng.TestNG.main(TestNG.java:1092)
]]>
            </full-stacktrace>
          </exception>
        </test-method>
        <test-method status="PASS" signature="testCompleted()" name="testCompleted" is-config="true" duration-ms="4" started-at="2015-03-25T11:03:58Z" finished-at="2015-03-25T11:03:58Z">
        </test-method>
      </class>
    </test>
    <test name="TC_SSIDs_Mgmt_CaptivePortal" duration-ms="51" started-at="2015-03-25T11:03:58Z" finished-at="2015-03-25T11:03:58Z">
      <class name="com.xirrus.xms.TS_Array_SSIDs.TC_SSIDs_Mgmt_CaptivePortal">
        <test-method status="PASS" signature="checkSuiteSkip()" name="checkSuiteSkip" is-config="true" duration-ms="13327" started-at="2015-03-25T10:38:16Z" finished-at="2015-03-25T10:38:29Z">
        </test-method>
        <test-method status="PASS" signature="checkTestSkip()" name="checkTestSkip" is-config="true" duration-ms="10" started-at="2015-03-25T11:03:58Z" finished-at="2015-03-25T11:03:58Z">
        </test-method>
        <test-method status="PASS" signature="testCase_VerifyAddSSIDwithDefaultGeneralSettings()" name="testCase_VerifyAddSSIDwithDefaultGeneralSettings" duration-ms="1" started-at="2015-03-25T11:03:58Z" finished-at="2015-03-25T11:03:58Z">
        </test-method>
        <test-method status="PASS" signature="testCase_VerifyDefaultSSIDGeneralSettings()" name="testCase_VerifyDefaultSSIDGeneralSettings" duration-ms="0" started-at="2015-03-25T11:03:58Z" finished-at="2015-03-25T11:03:58Z">
        </test-method>
        <test-method status="PASS" signature="testCase_VerifyAddSSIDwithcustomGeneralSettings()" name="testCase_VerifyAddSSIDwithcustomGeneralSettings" duration-ms="39" started-at="2015-03-25T11:03:58Z" finished-at="2015-03-25T11:03:58Z">
        </test-method>
        <test-method status="PASS" signature="testCase_VerifyEditSSIDGeneralSettings()" name="testCase_VerifyEditSSIDGeneralSettings" duration-ms="0" started-at="2015-03-25T11:03:58Z" finished-at="2015-03-25T11:03:58Z">
        </test-method>
        <test-method status="PASS" signature="testCompleted()" name="testCompleted" is-config="true" duration-ms="0" started-at="2015-03-25T11:03:58Z" finished-at="2015-03-25T11:03:58Z">
        </test-method>
        <test-method status="PASS" signature="cleanup()" name="cleanup" is-config="true" duration-ms="1563" started-at="2015-03-25T11:03:58Z" finished-at="2015-03-25T11:03:59Z">
        </test-method>
      </class>
    </test>
    <test name="TC_SSIDs_Mgmt_Limits" duration-ms="10" started-at="2015-03-25T11:03:58Z" finished-at="2015-03-25T11:03:58Z">
      <class name="com.xirrus.xms.TS_Array_SSIDs.TC_SSIDs_Mgmt_Limits">
        <test-method status="PASS" signature="checkTestSkip()" name="checkTestSkip" is-config="true" duration-ms="8" started-at="2015-03-25T11:03:58Z" finished-at="2015-03-25T11:03:58Z">
        </test-method>
        <test-method status="PASS" signature="testCase_VerifyDefaultSSIDGeneralSettings()" name="testCase_VerifyDefaultSSIDGeneralSettings" duration-ms="0" started-at="2015-03-25T11:03:58Z" finished-at="2015-03-25T11:03:58Z">
        </test-method>
        <test-method status="PASS" signature="testCase_VerifyAddSSIDwithDefaultGeneralSettings()" name="testCase_VerifyAddSSIDwithDefaultGeneralSettings" duration-ms="1" started-at="2015-03-25T11:03:58Z" finished-at="2015-03-25T11:03:58Z">
        </test-method>
        <test-method status="PASS" signature="testCompleted()" name="testCompleted" is-config="true" duration-ms="0" started-at="2015-03-25T11:03:58Z" finished-at="2015-03-25T11:03:58Z">
        </test-method>
        <test-method status="PASS" signature="testCase_VerifyAddSSIDwithcustomGeneralSettings()" name="testCase_VerifyAddSSIDwithcustomGeneralSettings" duration-ms="0" started-at="2015-03-25T11:03:58Z" finished-at="2015-03-25T11:03:58Z">
        </test-method>
        <test-method status="PASS" signature="testCase_VerifyEditSSIDGeneralSettings()" name="testCase_VerifyEditSSIDGeneralSettings" duration-ms="0" started-at="2015-03-25T11:03:58Z" finished-at="2015-03-25T11:03:58Z">
        </test-method>
      </class>
    </test>
    <test name="TC_SSIDs_Mgmt_TrafficShapping" duration-ms="8" started-at="2015-03-25T11:03:58Z" finished-at="2015-03-25T11:03:58Z">
      <class name="com.xirrus.xms.TS_Array_SSIDs.TC_SSIDs_Mgmt_TrafficShapping">
        <test-method status="PASS" signature="checkTestSkip()" name="checkTestSkip" is-config="true" duration-ms="6" started-at="2015-03-25T11:03:58Z" finished-at="2015-03-25T11:03:58Z">
        </test-method>
        <test-method status="PASS" signature="testCase_VerifyAddSSIDwithDefaultGeneralSettings()" name="testCase_VerifyAddSSIDwithDefaultGeneralSettings" duration-ms="1" started-at="2015-03-25T11:03:58Z" finished-at="2015-03-25T11:03:58Z">
        </test-method>
        <test-method status="PASS" signature="testCase_VerifyDefaultSSIDGeneralSettings()" name="testCase_VerifyDefaultSSIDGeneralSettings" duration-ms="0" started-at="2015-03-25T11:03:58Z" finished-at="2015-03-25T11:03:58Z">
        </test-method>
        <test-method status="PASS" signature="testCase_VerifyEditSSIDGeneralSettings()" name="testCase_VerifyEditSSIDGeneralSettings" duration-ms="0" started-at="2015-03-25T11:03:58Z" finished-at="2015-03-25T11:03:58Z">
        </test-method>
        <test-method status="PASS" signature="testCase_VerifyAddSSIDwithcustomGeneralSettings()" name="testCase_VerifyAddSSIDwithcustomGeneralSettings" duration-ms="0" started-at="2015-03-25T11:03:58Z" finished-at="2015-03-25T11:03:58Z">
        </test-method>
        <test-method status="PASS" signature="testCompleted()" name="testCompleted" is-config="true" duration-ms="0" started-at="2015-03-25T11:03:58Z" finished-at="2015-03-25T11:03:58Z">
        </test-method>
      </class>
    </test>
  </suite>
</testng-results>
